['60', '33', '71', '43', '121', '53', '135', '56', '498', '250', '298', '394', '381', '1', '178', '291', '185', '304', '277', '473', '94', '193', '338', '161', '148', '73', '469', '153', '45', '403', '231', '320', '251', '371', '397', '392', '65', '229', '278', '314', '21', '400', '22', '7', '182', '481', '274', '105', '88', '50', '345', '369', '312', '235', '90', '285', '255']
['441', '396', '347', '49', '480', '350', '383', '144', '380', '26', '8', '86', '475', '425', '234', '61', '132', '216', '97', '3', '442', '269', '248', '204', '92', '351', '483', '180', '147', '140', '36', '379', '207', '89', '76', '220', '485', '226', '4', '358', '302', '24', '363', '499', '446', '230', '25', '172', '188', '158', '449', '389', '186', '131', '240', '384', '487']
['282', '398', '343', '470', '17', '41', '112', '195', '263', '203', '187', '57', '315', '497', '447', '493', '0', '107', '349', '495', '464', '100', '374', '267', '10', '245', '322', '242', '359', '101', '421', '109', '340', '35', '408', '308', '494', '488', '218', '152', '42', '200', '456', '142', '201', '460', '93', '55', '205', '197', '439', '149', '310', '486', '29', '30', '411']
['283', '177', '155', '166', '70', '31', '268', '68', '450', '472', '222', '52', '28', '115', '399', '402', '366', '459', '213', '69', '484', '482', '382', '120', '416', '63', '227', '14', '191', '367', '246', '159', '80', '451', '406', '184', '259', '353', '54', '83', '305', '443', '335', '276', '9', '376', '74', '219', '260', '175', '297', '391', '453', '452', '476', '432', '2']
['206', '455', '228', '156', '300', '118', '461', '129', '327', '294', '341', '13', '19', '37', '124', '64', '183', '422', '247', '342', '375', '165', '170', '266', '385', '20', '356', '253', '434', '317', '378', '58', '355', '87', '114', '108', '413', '329', '104', '412', '136', '299', '157', '125', '67', '448', '405', '440', '390', '82', '433', '12', '103', '236', '407', '415', '233']
['128', '292', '98', '84', '324', '198', '171', '146', '272', '91', '424', '393', '284', '243', '23', '143', '463', '334', '126', '279', '51', '318', '361', '306', '194', '256', '321', '113', '418', '11', '303', '209', '357', '286', '189', '190', '238', '48', '47', '262', '244', '223', '116', '270', '237', '265', '337', '134', '410', '290', '78', '377', '133', '249', '467']
['307', '252', '331', '208', '309', '99', '77', '44', '275', '373', '419', '429', '289', '465', '224', '96', '151', '313', '174', '258', '239', '395', '261']
['426', '176', '445', '271', '462', '160', '264', '139', '212', '254', '163', '478', '225', '202']
['344', '336', '339', '370', '79', '154', '217', '427', '414', '106', '438', '280', '436', '423', '491', '123', '319', '468', '288', '5']
['141', '127', '85', '454', '81', '138', '181', '328', '435']
['326', '492', '386', '15', '215', '479', '388', '348', '325', '40', '122', '311', '111', '167', '214', '179']
['59', '199', '293', '458', '444', '72', '32', '119', '430', '6', '496', '39', '162']
['401', '241', '417', '489', '346', '210', '168', '360', '46', '466', '16', '333']
['490', '457', '352', '301', '173', '287', '110', '323', '257', '330', '34', '420', '38', '295', '66', '431']
['221', '95', '354', '145', '102', '404', '281', '62', '365', '296', '368', '477', '164', '471', '474']
['387', '137', '372', '211', '117']
['169', '316', '428', '75']
['130', '232']
['332', '192', '409', '362']
['150', '273', '27']
['437', '196', '18', '364']
[]
[]
[]
[]
[]
[]
[]
[]
[]
[]
