['aaa', 'aab', 'aac', 'aad', 'aae', 'aaf', 'aag', 'aah', 'aai', 'aaj', 'aak', 'aal', 'aam', 'aan', 'aao', 'aap', 'aaq', 'aar', 'aat', 'aau', 'aaw', 'aay', 'aba', 'abb', 'abd', 'abe', 'abg', 'abi', 'abj', 'abk', 'abl', 'abm', 'abn', 'abq', 'abs', 'abv', 'abx', 'aby']
['aas', 'aav', 'aax', 'aaz', 'abc', 'abf', 'abh', 'abo', 'abp', 'abr', 'abt', 'abu', 'abw', 'abz', 'aca', 'acb', 'acc', 'acd', 'ace', 'acf', 'ach', 'aci', 'acj', 'ack', 'acl', 'acm', 'acn', 'aco', 'acp', 'acq', 'acr', 'acs', 'act', 'acu', 'acx', 'acz', 'ada', 'adb']
['acg', 'acv', 'acw', 'acy', 'adc', 'add', 'ade', 'adf', 'adg', 'adh', 'adi', 'adj', 'adk', 'adl', 'adm', 'adn', 'ado', 'adp', 'adq', 'adr', 'ads', 'adt', 'adu', 'adv', 'adw', 'adx', 'ady', 'adz', 'aea', 'aeb', 'aec', 'aed', 'aee', 'aef', 'aeh', 'aei', 'aej', 'aek']
['aeg', 'ael', 'aem', 'aen', 'aeo', 'aep', 'aeq', 'aer', 'aes', 'aet', 'aeu', 'aev', 'aew', 'aey', 'aez', 'afa', 'afb', 'afc', 'afd', 'afe', 'afi', 'afj', 'afl', 'afm', 'afn', 'afo', 'afq', 'afs', 'aft', 'afu', 'afv', 'afw', 'afx', 'afy', 'agc', 'agd', 'age', 'agf']
['aex', 'aff', 'afg', 'afh', 'afk', 'afp', 'afr', 'afz', 'aga', 'agb', 'agg', 'agh', 'agi', 'agj', 'agk', 'agl', 'agm', 'agn', 'ago', 'agp', 'agq', 'agr', 'ags', 'agt', 'agu', 'agv', 'agz', 'aha', 'ahc', 'ahe', 'ahf', 'ahh', 'ahi', 'ahj', 'ahk', 'ahl', 'ahm', 'ahp']
['agw', 'agx', 'agy', 'ahb', 'ahd', 'ahg', 'ahn', 'aho', 'ahq', 'ahr', 'ahs', 'aht', 'ahu', 'ahw', 'ahx', 'ahy', 'ahz', 'aia', 'aic', 'aid', 'aie', 'aif', 'aii', 'aij', 'aik', 'ail', 'aim', 'ain', 'aip', 'ais', 'ait', 'aiu', 'aiv', 'aix', 'aiy', 'aiz', 'aja', 'ajb']
['ahv', 'aib', 'aig', 'aih', 'aio', 'aiq', 'air', 'ajd', 'aje', 'ajf', 'ajg', 'ajh', 'aji', 'ajj', 'ajk', 'ajl', 'ajm', 'ajn', 'ajo', 'ajp', 'ajq', 'ajr', 'ajs', 'ajt', 'ajw', 'ajx', 'ajy', 'ajz', 'aka', 'akb', 'akc', 'akd', 'ake', 'akf', 'aki', 'akj', 'akk', 'akl']
['aiw', 'ajc', 'aju', 'ajv', 'akg', 'akh', 'akm', 'akn', 'ako', 'akp', 'akq', 'akr', 'aks', 'akt', 'aku', 'akv', 'akw', 'aky', 'akz', 'ala', 'alb', 'alc', 'ald', 'ale', 'alg', 'alh', 'ali', 'alj', 'alk', 'all', 'alm', 'aln', 'alo', 'alp', 'alt', 'alv', 'alw', 'alx']
['akx', 'alf', 'alq', 'alr', 'alu', 'aly', 'alz', 'ama', 'amb', 'amc', 'amd', 'amf', 'amg', 'amh', 'ami', 'amj', 'amk', 'aml', 'amm', 'amn', 'amo', 'amp', 'amq', 'amr', 'amt', 'amu', 'amv', 'amx', 'amy', 'amz', 'ana', 'anb', 'anc', 'and', 'anf', 'ang', 'anh', 'ani']
['als', 'ame', 'ams', 'amw', 'ane', 'anj', 'anl', 'anm', 'ann', 'ano', 'anp', 'anq', 'anr', 'ans', 'ant', 'anu', 'anv', 'anw', 'anx', 'anz', 'aoa', 'aoc', 'aod', 'aoe', 'aog', 'aoh', 'aoi', 'aoj', 'aok', 'aol', 'aom', 'aoo', 'aop', 'aoq', 'aor', 'aos', 'aot', 'aou']
['ank', 'any', 'aob', 'aof', 'aon', 'aov', 'aow', 'aox', 'aoy', 'aoz', 'apa', 'apb', 'apc', 'apd', 'ape', 'apf', 'apg', 'aph', 'api', 'apj', 'apl', 'apn', 'apo', 'app', 'apq', 'apr', 'aps', 'apt', 'apu', 'apv', 'apw', 'apx', 'apy', 'aqa', 'aqb', 'aqc', 'aqd', 'aqe']
['apk', 'apm', 'apz', 'aqf', 'aqg', 'aqh', 'aqi', 'aqj', 'aqk', 'aql', 'aqm', 'aqn', 'aqo', 'aqp', 'aqr', 'aqs', 'aqu', 'aqv', 'aqw', 'aqx', 'aqz', 'ara', 'arb', 'arc', 'ard', 'are', 'arf', 'arg', 'arh', 'ari', 'arj', 'ark', 'arl', 'arm', 'aro', 'arp', 'ars', 'art']
['aqq', 'aqt', 'aqy', 'arq', 'arr', 'aru', 'arv', 'arw', 'arx', 'ary', 'arz', 'asa', 'asb', 'asc', 'asd', 'ase', 'asf', 'asg', 'ash', 'asi', 'asj', 'ask', 'asl', 'asm', 'asn', 'aso', 'asp', 'ast', 'asu', 'asv', 'asw', 'asz', 'ata', 'atb', 'atc', 'ate', 'atf']
['arn', 'asq', 'asr', 'ass', 'asx', 'asy', 'atd']
[]
[]
[]
[]
[]
[]
[]
[]
[]
[]
[]
[]
[]
[]
[]
[]
[]
[]
[]
[]
[]
[]
[]
[]
[]
[]
[]
[]
[]
[]
[]
[]
[]
[]
[]
[]
