['ISX', 'bAf', 'fQ3', 'Zc5', 'EoI', 'CwC', 'oSh', 'QEF', 'ptf', 'W4L', 'MQT', 'PPi']
['xRH', 'qPq', 'IJ1', 'Hyj', '8VG', 'blA', 'etm', 'Ihb', 'XHa', 'aTI', '5Li', 'dSZ']
['txp', '17Q', 'xpw', 'gkI', 'VPb', 'pf5', 'U0Z', 'u1N', 'GUX', 'GpL', 'zfK', '1gc']
['0gI', 'hHB', '3QX', '1aX', 'DoC', 'mUL', 'vyM', 'P8b', 'kYz', 'sfk', 'VoJ', 'UPL']
['QDa', 'a4K', 'tEu', 'wgA', 'cmd', 'NGB', 'klv', 'wqW', 'Z7b', 'Qa3', 'nqI', 'b99']
['dvU', 'PiG', 'uH4', 'AK4', 'oUs', '70K', 'slQ', 'Hxo', 'Jla', 'NqO', 'dNX', 'x86']
['U0P', 'NXP', 'nf5', 'YMC', 'tKI', 'JYa', 'BPL', 'f9z', 'YUZ', '1QY', 'vJC', 'nc0']
['xqY', '4nb', 'gEp', 'Ot9', 'qLD', 'xLA', 'aZv', 'PqY', 'uVg', '1xS', 'Qtt', 'c3v']
['kte', 'iiE', 'upV', '69w', 'ZFU', 'rXN', 'X9s', 'qDy', 'VCH', 'dLc', '28R', 'E2A']
['Qyh', 'H9O', 'tFU', 's3z', 'zEh', 'PoH', 'rgC', 'oak', 'hQH', 'Jgp', 'U4K', 'ux2']
['4p5', 'KGR', 'iGU', '27J', 'Ns3', 'h6l', '2mv', 'YEe', 'cFa', 'D5B', 'h3r', 'F9o']
['WXJ', 'KZy', 'tfQ', 'FEQ', 'psG', 'Kn8', 'iba', 'zTH', 'W2Z', 'HvR', 'mIe', 'jWX']
['AKr', 'sKX', '5U2', 'G2k', 'ZxX', 'SiL', 'Xim', 'JyM', 'Fmb', '8uu', 'rYU', '3kn']
['tK7', '5qS', 'Epk', 'JWV', 'lsG', '6Hl', 'n99', 'hct', 'O2z', 'jEj', 'kZ0', 'iFt']
['Afe', 'Hbr', 'nQj', 'Ke0', 'Mvm', 'WLo', 'Itn', 'mcI', '6pB', 'mLL', 'emD', 'Swe']
['mGb', 'nkl', 'g08', 'ZNv', '8j5', 'USE', 'uZt', 'zgJ', 'NyP', 'KRy', 'ttO', 'hYw']
['LiP', 'yLV', 'XMr', 'W8n', '0ID', 'X5a', 'SMj', 'KS2', 'mLF', 'ZQL', 'PJa', 'gVV']
['SV9', 'FkC', 'Ql9', 'Gu6', 'EJa', '4Nd', 'iTo', 'MNb', 'YFC', '4fp', 'x8V', 'btz']
['gTC', 'fFJ', 'kiK', 'QhQ', '0oy', 'xz4', '6ro', 'LTB', '2UA', 'wwD', '8nm', 'I2i']
['Eou', 'X5J', 's1n', 'ULj', 'mFO', 'hiF', 'Tn8', 'TUB', 'CU9', 'ZVF', 'Hi0', '00m']
['19T', '1uW', 'ewc', 'XlR', 'JcP', 'zfD', 'hdp', 'YBr', '9F9', 'tpP', 'EJD', 'uGP']
['oZQ', 'jGk', 'D40', 'cDc', 'iS6', 'AJT', 'eGG', 'a55', 'euj', 'JLF', 'GRw', 'yAp']
['vca', 'u9Q', 'qkE', 'jFu', 'NiX', 'CYA', 'WLk', 'rMd', 'rGT', 'PQT', '2vJ', 'J8r']
['bLd', 'j3s', 'IZQ', 'aLB', 'UmG', 'uii', 's6M', '5i6', 'gWT', 'Bfu', 'xxJ', 'pTi']
['AHs', 'xx7', '5jv', 'bDO', 'Wmv', 'lKO', 'PlJ', 'm5j', '1RB', 'B99', 'L1u', 'Qti']
['IU6', 'MrD', 'fFE', '4KN', '8uz', 'iW8', 'WB2', '0RD', 'Fws', 'JfN', 'Pas', 'd60']
['gEU', '0Qs', 'oPH', 'b7z', 'bA6', 'Twl', 'JVP', 'uQL', 'tm4', 'SFn', 'FbA', 'rz4']
['FzE', 'e6S', '6sH', 'UDc', '9ug', '4gy', 'N08', 'H68', 'ZY3', 'gE4', 'qmj', 'i9C']
['VVW', 'b9f', 'rmu', 'VZ7', 'gfv', 'OCL', 'rC8', 'czy', 'v6U', '5zB', 'cEk', 'fKV']
['e8H', 'I2S', 'AcJ', 'oSw', 'stN', 'i4H', 'SmS', 'VAV', '4LY', 'wGp', '6na', 'BDE']
['HWv', 'nRH', 'kT2', 'YNK', 'BV4', 'dlb', 'Y2z', 'ziA', '96X', 'mRG', 'z1H', '81k']
['6Ip', '5n5', '9NA', 'e8d', 'HkK', 'nQv']
[]
[]
[]
