['Brandi', 'Cesya', 'Carmel', 'Caro', 'Carlee', 'Cherise', 'Anet', 'Camella', 'Antoinette', 'Christan']
['Aubine', 'Angel', 'Bernardine', 'Charyl', 'Annabelle', 'Amanda', 'Babbette', 'Allissa', 'Ardella', 'Ardra']
['Bettine', 'Bessy', 'Camel', 'Agatha', 'Candis', 'Brigida', 'Christyna', 'Charlot', 'Angie', 'Cele']
['Bertine', 'Catharine', 'Andree', 'Bellanca', 'Adelheid', 'Caril', 'Addi', 'Celie', 'Andi', 'Analiese']
['Alvira', 'Bobinette', 'Carena', 'Carlye', 'April', 'Ailene', 'Bert', 'Alyda', 'Catie', 'Charity']
['Bonnee', 'Caryl', 'Annabela', 'David', 'Chiquia', 'Babs', 'Berri', 'Bobbie', 'Alikee', 'Carri']
['Charleen', 'Alysa', 'Christal', 'Chiarra', 'Blythe', 'Bernete', 'Aaren', 'Amargo', 'Alissa', 'Calida']
['Allegra', 'Casandra', 'Alverta', 'Chanda', 'Carmine', 'Anni', 'Barbabra', 'Caralie', 'Ashlie', 'Beatrice']
['Catherine', 'Aeriel', 'Auroora', 'Betty', 'Annelise', 'Celestine', 'Angela', 'Candra', 'Anabal', 'Charin']
['Carolyn', 'Alayne', 'Catlee', 'Allix', 'Cacilia', 'Celestyn', 'Bliss', 'Carina', 'Bill', 'Betti']
['Annamaria', 'Agace', 'Carolina', 'Astrix', 'Annadiane', 'Abra', 'Christye', 'Adoree', 'Berni', 'Austina']
['Anthiathia', 'Bobette', 'Cherye', 'Brier', 'Anallese', 'Bryna', 'Brittaney', 'Caroljean', 'Cathrine', 'Billy']
['Ashlen', 'Avis', 'Aurelea', 'Barbaraanne', 'Calla', 'Arlene', 'Aubrette', 'Anjela', 'Cherilyn', 'Alicea']
['Bridgette', 'Benita', 'Carole', 'Ara', 'Ambur', 'Alejandra', 'Blanche', 'Billie', 'Charmion', 'Alys']
['Blancha', 'Amabel', 'Ada', 'Cal', 'Penny', 'Babbie', 'Ali', 'Alexandrina', 'Cammi', 'Anabelle']
['Anatola', 'Annabel', 'Alie', 'Callida', 'Carlyn', 'Bess', 'Cariotta', 'Amy', 'Athena', 'Catlaina']
['Anastassia', 'Beverie', 'Angil', 'Cammy', 'Caren', 'Berta', 'Bernadine', 'Bamby', 'Binni', 'Bunni']
['Aurore', 'Bibbie', 'Andrea', 'Bobbee', 'Alix', 'Cami', 'Brandy', 'Cheslie', 'Christabella', 'Cassy']
['Andriana', 'Carrissa', 'Ardene', 'Bobby', 'Annora', 'Bobbye', 'Ashli', 'Alice', 'Brigid', 'Berty']
['Belva', 'Bernardina', 'Belita', 'Christel', 'Ariela', 'Barbey', 'Almeda', 'Aimil', 'Benetta', 'Angelina']
['Blinnie', 'Alisun', 'Anica', 'Alanah', 'Ardeen', 'Cherrita', 'Aveline', 'Chelsy', 'Anne', 'Caron']
['Abby', 'Carmelita', 'Adorne', 'Caryn', 'Brandie', 'Audy', 'Cassondra', 'Athene', 'Chelsey', 'Barbra']
['Babette', 'Casie', 'Catriona', 'Brandea', 'Bride', 'Alexi', 'Babita', 'Alexia', 'Betteann', 'Arliene']
['Anastasia', 'Billi', 'Carlynn', 'Brandise', 'Cody', 'Adelice', 'Augusta', 'Agnola', 'Aile', 'Aliza']
['Arlie', 'Bethany', 'Bunny', 'Asia', 'Arlina', 'Calli', 'Aili', 'Berna', 'Babara', 'Bren']
[]
