['FMU', 'FOW', 'IYD', 'FPT', 'CHR', 'VAC', 'WCD', 'WSD', 'FTE', 'NXU', 'AYK', 'UHU', 'UHE', 'NGH', 'DFW', 'YYG', 'KEQ', 'KMD', 'MYN', 'HTW', 'LZE', 'EUK', 'TQB', 'TFQ', 'POJ']
['LLX', 'JXZ', 'LWH', 'CDW', 'CEY', 'PJW', 'YSM', 'AYJ', 'RSJ', 'XIY', 'NFI', 'NQL', 'MSE', 'BBZ', 'PYK', 'SCS', 'XRV', 'YSP', 'EAA', 'KNO', 'FHI', 'IPK', 'IIY', 'EKJ', 'PKK']
['MVS', 'SMM', 'BLK', 'WJI', 'KUO', 'RKO', 'ELO', 'INO', 'SFB', 'DMP', 'ZNQ', 'ITN', 'PAU', 'RSG', 'MSC', 'WDF', 'PGE', 'GWT', 'DJA', 'LMU', 'PON', 'WCB', 'IKB', 'ULP', 'SQR']
['HGF', 'MJV', 'THJ', 'LZP', 'VCY', 'DAT', 'UTL', 'SCK', 'KNZ', 'ARM', 'HPH', 'RDG', 'YKH', 'TMD', 'ZBF', 'TGH', 'DMH', 'PIL', 'BDX', 'TVZ', 'BCW', 'YEN', 'PVQ', 'NOP', 'UOM']
['WHJ', 'VQR', 'NLI', 'WTX', 'YKF', 'JMO', 'IYH', 'ZBU', 'BEQ', 'HJA', 'QDB', 'DTW', 'XXQ', 'TDJ', 'FJL', 'IPY', 'EWG', 'WKY', 'BHL', 'OXU', 'FTI', 'OEN', 'WGY', 'ZKY', 'IEK']
['UZY', 'FKU', 'OCI', 'JZA', 'QJK', 'VMW', 'PBP', 'GPL', 'HZF', 'GUR', 'CFP', 'IQJ', 'SRP', 'KLM', 'YKQ', 'FWA', 'HGD', 'NUG', 'QVI', 'JGS', 'QCJ', 'SNW', 'ZQN', 'UZU', 'BCI']
['GPH', 'ZGL', 'CCY', 'SFK', 'VZX', 'YTQ', 'MCI', 'ACP', 'LWA', 'QRE', 'MLN', 'JZV', 'RYA', 'SYQ', 'UMO', 'VYF', 'NPS', 'EPR', 'DAW', 'ZFU', 'SNM', 'DOT', 'LUT', 'FUR', 'XEO']
['JSL', 'VXB', 'SCX', 'DZR', 'LXJ', 'LJA', 'GMF', 'CDZ', 'PZA', 'PVS', 'RNM', 'CJB', 'RJS', 'JUQ', 'HMT', 'FTL', 'FCU', 'RXD', 'ALL', 'SNS', 'WLU', 'JVR', 'HUN', 'TFN', 'YHX']
['RYE', 'OII', 'QBJ', 'JKL', 'ODG', 'VFM', 'AIM', 'QMI', 'YUG', 'AZD', 'EDP', 'CRF', 'SAQ', 'LHQ', 'EDD', 'FXX', 'SDH', 'PDU', 'RIX', 'GFL', 'EBB', 'XJW', 'XDE', 'FXI', 'FJH']
['JHO', 'YYC', 'PTX', 'LGP', 'HPV', 'YWW', 'NWB', 'NHA', 'ALI', 'XWK', 'YER', 'ABC', 'DWU', 'POC', 'ZCF', 'YDL', 'CUZ', 'POR', 'EZU', 'SFJ', 'AQN', 'AJB', 'KMP', 'NJD', 'ROL']
['SGO', 'DHT', 'QLH', 'YYJ', 'PCL', 'KDV', 'WUI', 'XEN', 'ZFO', 'UNW', 'OFJ', 'YDT', 'XVQ', 'TVY', 'LTC', 'MUL', 'XNY', 'VFV', 'NLS', 'TWL', 'MIN', 'BRY', 'WJS', 'CGD', 'KLS']
['VWX', 'QTJ', 'BZI', 'RIA', 'DMN', 'RYT', 'GSB', 'ESU', 'KZQ', 'MUV', 'FWB', 'QIK', 'UKF', 'OHR', 'WIF', 'NXI', 'MIE', 'HCD', 'QNG', 'MLH', 'ACJ', 'UDD', 'QFE', 'YPX', 'AUL']
['GLR', 'FEV', 'CXP', 'HQB', 'WWT', 'SUT', 'NDI', 'QTQ', 'GGP', 'LBW', 'JME', 'MZP', 'ARV', 'DCZ', 'ASO', 'JII', 'YAR', 'NSI', 'OZT', 'JTZ', 'GXJ', 'CFJ', 'TFT', 'XKQ', 'YSD']
['WZL', 'QTR', 'IFU', 'UKO', 'TBT', 'VMJ', 'NNG', 'DNE', 'WED', 'JWQ', 'JMT', 'PME', 'LOQ', 'HBC', 'GGA', 'GBL', 'DRX', 'WER', 'PAS', 'FWN', 'FOD', 'YLS', 'UEN', 'XOE', 'IKW']
['NTW', 'HHK', 'VWR', 'TUK', 'DYU', 'UFK', 'GYM', 'IFO', 'ZPA', 'QQN', 'KSW', 'RBJ', 'AWX', 'MOH', 'JJB', 'SDF', 'FPR', 'JXM', 'FQC', 'QEP', 'XVF', 'KLV', 'DXK', 'YNR', 'ZJU']
['IKN', 'ELJ', 'TKB', 'UCH', 'TLC', 'DTS', 'YTR', 'EOF', 'CGQ', 'SRB', 'KVY', 'OVZ', 'UGW', 'EQX', 'HXF', 'MMS', 'MUO', 'KVD', 'VRD', 'PMO', 'SUP', 'QIB', 'MVB', 'EEA', 'ZIT']
['LZI', 'OLD', 'TMR', 'ALG', 'XCX', 'KAJ', 'SUQ', 'XFW', 'MJR', 'CAO', 'IAM', 'MNB', 'XQI', 'IUY', 'IUE', 'BJR', 'TBN', 'TGW', 'APD', 'XHQ', 'OON', 'XPW', 'FCJ', 'QAM', 'GEF']
['ZCY', 'FSW', 'SFD', 'SCZ', 'SQS', 'YKR', 'JZY', 'CNU', 'HNC', 'ZFK', 'GUE', 'EBY', 'HXZ', 'CZB', 'ONX', 'RKH', 'YYU', 'VTH', 'AGI', 'HIG', 'ECG', 'PGO', 'SGT', 'WMY', 'IPG']
['LHD', 'JDC', 'IPV', 'NGI', 'YOA', 'YVQ', 'PAX', 'RUR', 'MWQ', 'GGM', 'AMV', 'KXZ', 'EBA', 'CIH', 'FDS', 'UIO', 'DTU', 'HYW', 'MAC', 'RZW', 'TQM', 'TSS', 'KJN', 'WWL', 'MBZ']
['QZB', 'BFH', 'QYA', 'IIT', 'RUP', 'NDJ', 'RNU', 'NDB', 'GUT', 'GUQ', 'GUN', 'AHE', 'QLI', 'KLZ', 'IDJ', 'CHA', 'BTJ', 'MED', 'IDO', 'BIN', 'ZRO', 'CYA', 'WYK', 'JOQ', 'FXH']
