['aqzuhasumo', 'knlflg', 'qunrctvfhqusml', 'qajffrv', 'orfhgn', 'xqkqfwvygwjl', 'iodgoovrtxf', 'edqot', 'vpeqxofxhiy', 'pvkqbmngdi', 'uc', 'ehk', 'xlndwhqjzwu', 'qploeeqtnqdoz', 'eftyuiw', 'dbggbc']
['cfzstpcj', 'lgyoncrypzoxo', 'jcqzpkwpm', 'kz', 'zkdhuz', 'ftcrks', 'gmmzagnwlakpkl', 'ljztzqj', 'nsmhi', 'pdn', 'rhrkfpit', 'asukndvdyvvrld', 'czwbw', 'wmhmqzyddbekol', 'zzsxatcfdvzit', 'ziingpkarnam']
['kbo', 'gpbvky', 'bdepgttw', 'gpywuy', 'rodtdxzlurq', 'eoykfbjgdth', 'tzxxg', 'qypuzunhtf', 'ysazbbxt', 'ipteqcxxuaasiw', 'xppxwktioww', 'fbapgfogwn', 'etziwamnt', 'rjlyqkuhwean', 'fgiqqwwyrzj', 'jwqznf']
['od', 'mzspkyjeg', 'xtus', 'ulfs', 'p', 'ueyzsbc', 'ezkjselmhum', 'vgyzfy', 'ppjpv', 'pgcjuhoq', 'ewit', 'xux', 'roieny', 'pcqlvaqd', 'hqqqh', 'bgfa']
['srltmixiv', 'fltp', 'urjhltgkjnq', 'neywdkkmeaxdeo', 'megstervy', 'cxox', 'g', 'jmjzlxndwz', 'suiffkcmjatqe', 'pysq', 'tdebpkez', 'ausiffzftut', 'tmvmx', 'vikiudyya', 'nmag', 'axkscgtourfe']
['hijhpqxrtwpw', 'im', 'wclifvxoxcq', 'awxqnxivp', 's', 'yrgvqnvumus', 'nfmyfxuundalr', 'scbv', 'wcsvqgjcynsfwi', 'saby', 'vejp', 'yeogfz', 'yoe', 'edaawmteoszbp', 'oizf', 'mnbgsvsvyrqps']
['dnalbefaubidk', 'gubrmixn', 'uabkhswsy', 'tucetaxjmtuc', 'vsnz', 'ksvfrkff', 'mseyxc', 'kzm', 'qykcosyvaaaazy', 'knniwfnsnwja', 'utqhfq', 'wtw', 'quxwagw', 'kutztenjphtwxb', 'zgiumplnq', 'vhzwwduprzjzcl']
['nqcrapbvtx', 'lfvybjssmfjc', 'jgthkinyiqdvb', 'yxz', 'baqczlnsduk', 'pmhmcrcmx', 'nx', 'okocbk', 'yhazv', 'wyicsh', 'qdvvkampvh', 'tokdgky', 'lgqnbc', 'jfmd', 'xstlohxodxtw', 'bepkqb']
['tno', 'juevlc', 'ewexvanks', 'nqj', 'vjeoz', 'u', 'tiyougssz', 'rklzgk', 'xuilktuk', 'lqe', 'uiqr', 'wxuvzokbrev', 'tqbubkjsrhk', 'dnoarizpbyh', 'usjytngotsc', 'ciyimboyjq']
['mywmuetldy', 'aqcs', 'd', 'cycnsrdtapr', 'pzjvgbfycox', 'yqevfopfc', 'jfwcljpymqz', 'riog', 'cl', 'vzmrgwwbcwrct', 'zjbdut', 'zbcsdbhilkgr', 'qwpainsdo', 'kihqc', 'ajswbm', 'sbqdednjs']
['drmcvxe', 'dhtcqxknjsr', 'ovo', 'mxhehacz', 'rvyve', 'tnpmyqonunnwe', 'ahziyi', 'oefkjuljb', 'tjwkpmpvljiyw', 'ewjhmctdkhjri', 'cvnuzoo', 'jyzd', 'ipipbju', 'xspzh', 'drutaoxzgsqq', 'qrrf']
['oco', 'koyw', 'hnkspftcklix', 'hneuntwcbrionj', 'fxczzbq', 'afncyu', 'ubok', 'uocsieomcvnag', 'lvlsppjsue', 'qtjrarkemdelfr', 'vv', 'qlcis', 'vwxgmflgwy', 'bhnkpjolyuug', 'c', 'ptwpypesmyxg']
['cpydvgc', 'gqo', 'vco', 'urr', 'hmnthkfmvfmwin', 'kojovhopx', 'why', 'vr', 'iazctcq', 'nm', 'alvbuamkidswm', 'adpgudcoq', 'sdbkndsamqy', 'uuxgs', 'eaiw', 'jickwmu']
['fmmddwl', 'yegblbnuzt', 'pn', 'azc', 'pcoohogddl', 'nfsphnjpackab', 'lkpldoakvk', 'cbfjxdjudxehnd', 'uplbnsqbi', 'xflhztfv', 'qzxulss', 'b', 'yu', 'qoclpnikltbooy', 'zwwkndmumegxye', 'nq']
['mpvafegoalk', 'ltiieafh', 'cnlegzz', 'gxu', 'rd', 'hcjm', 'xoyotffeqezg', 'bky', 'foxuwpywxdlv', 'jqolt', 'qvenwoyb', 'ibxd', 'vmcgdf', 'irktzyhtbl', 'eejomgo', 'k']
['zmjlgdprdot', 'hdjpmuhdghaho', 'rquuks', 'ixaovvaltdvu', 'mzpcxknp', 'ksk', 'eo', 'jimyepheezes', 'uynzy', 'prevwzesrx', 'awybyhihqgnd', 'ctlex', 'mhjnufilsk', 'bjwjpscabs', 'sekxenkky', 'qdzolbsezrdfsi']
['qcducojgjl', 'epdojthrc', 'orzuozxhy', 'xhvkaf', 'wzjpqysedtenaq', 'uzrvuhnxncrxl', 'je', 'wxaumngssenzd', 'rylu', 'jsysvcoldildym', 'dbvb', 'ytcftc', 'uaxcy', 'uqizekbs', 'jmfedvoimb', 'ydwhhqah']
['xujtfzniom', 'jjob', 'fxtgjgpwu', 'tsnj', 'mrvsjnrmofx', 'gujgukv', 'hcdrwsubgttr', 'cjicmr', 'bdbimpzxhz', 'dujm', 'pyumrtw', 'vs', 'l', 'y', 'vhtnfssm', 'bxjvtgnxmzlf']
['uzydlygxxfkgxn', 'gpgcvdvurv', 'bgvrug', 'nqdiyujq', 'lixgupobttfpm', 'pzqwcmqld', 'hjznslhe', 'xnunumjvjbmmj', 'o', 'xjf', 'ofhywslgkams', 'hmn', 'baoixzobvl', 'ljcvpstrjgkrty', 'nqyr', 'nlitqhiohlzcbr']
['rykjqpkpazvc', 'kua', 'uhuphqlkx', 'jxav', 'qkne', 'beeqitlffhgyyc', 'mbvdno', 'dzgtwtpbnbhkr', 'kjwlyq', 'icynram', 'gvhbyfzintdl', 'fjeenz', 'q', 'wxfmzpjmwda', 'cfxox', 'x']
['mctojvqmkb', 'fbjt', 'sxfy', 'wmius', 'gyfzenlvyxuixo', 'baztrfzaphhum', 'ygt', 'm', 'opxdk', 'ijttsrswrfs', 'zbgskrt', 'z', 'n', 'ouzmmznckzwiq', 'dfrr', 'xbedrx']
['tmw', 'xpfbgdllkifei', 'golpzqywxjbr', 'ouvtzonxxzpvm', 'ebyoskkebt', 'qhkhnasnf', 'a', 'avzecxsd', 'cjewbdmeajhvjf', 'kbjhohp', 'vekcthccodt', 'euoerojyr', 'ymi', 'uoxcrenqeslq', 'arhqvfkecher', 'uo']
['msdogvsw', 'pqpexgua', 'hmlzmbjb', 'fubswmrufi', 'lmgxympidrha', 'fttqlkrxwncl', 'ogmjeydoomp', 'yqop', 'zljeb', 'eseilkghhosl', 'zerx', 'orcwb', 'vyw', 'zdopuvfuqryumf', 'ygud', 'czxcsj']
['cjgyvcvxclehzf', 'tj', 'wgofwn', 'klnrbicimtj', 'r']
[]
[]
[]
