['66', '114', '224', '344', '365', '416', '443', '27', '93', '230', '234', '4', '23', '91', '104', '472', '28', '45', '105', '151', '235', '317', '322', '350', '400', '456', '87', '418', '439', '494', '77', '288', '450', '57', '71', '142', '201', '324', '332', '334', '368', '172', '209', '398', '9', '16', '409', '454', '269', '355', '53', '394', '2', '197', '210', '264', '283', '415', '195', '393', '103', '348', '445', '52', '78', '55', '159', '328', '51', '220', '13', '139', '143', '225', '231', '252', '469', '417', '127', '390', '130', '361', '25', '236', '325', '300', '21', '125', '168', '205', '434', '356', '402', '274', '391', '473', '75', '227', '251', '6', '267', '414', '479', '412', '423', '36', '191', '311', '419', '460', '466', '351', '26', '89', '32', '63', '370', '375', '486', '173', '179', '233', '309', '458', '59', '249', '10', '314', '106', '140', '8', '61', '124', '203', '244', '315', '158', '202', '247', '94', '238', '497', '83', '37', '79', '243', '250', '15', '62', '133', '160', '287', '321', '385', '438', '487', '0', '138', '146', '228', '463']
['376', '74', '353', '482', '112', '174', '259', '369', '48', '144', '213', '388', '85', '345', '122', '387', '72', '126', '178', '280', '377', '44', '193', '421', '216', '95', '18', '186', '1', '64', '253', '485', '462', '413', '82', '117', '299', '188', '327', '491', '278', '359', '132', '189', '341', '397', '107', '30', '424', '452', '67', '175', '425', '214', '471', '20', '73', '99', '164', '337', '118', '464', '60', '246', '451', '272', '294', '343', '7', '183', '307', '34', '39', '262', '22', '275', '312', '373', '40', '54', '162', '120', '181', '206', '281', '410', '362', '12', '366', '492', '165', '131', '70', '229', '396', '399', '401', '69', '446', '185', '110', '207', '349', '109', '297', '465', '17', '166', '240', '222', '260', '329', '296', '360']
['289', '437', '335', '339', '149', '211', '276', '467', '86', '483', '489', '5', '56', '254', '255', '372', '440', '305', '347', '80', '161', '170', '167', '35', '137', '239', '342', '29', '152', '198', '268', '447', '96', '129', '215', '271', '282', '100', '258', '136', '204', '19', '119', '199', '113', '123', '180', '212', '257', '163', '155', '156', '65', '295', '382', '488', '217', '422', '187', '218', '273', '320', '405', '499', '116', '134', '261', '313', '363', '484', '226', '310', '331', '386', '147', '169', '194', '219', '304', '429', '455', '490', '384', '346', '383', '68', '318', '141', '33', '111', '266', '298', '380', '336', '31', '285', '303', '478', '480', '308', '444', '90', '102', '148', '241', '381', '292', '128', '176', '182', '357', '14', '431', '426', '245', '430', '24', '190', '316', '448', '461', '108', '150', '154', '435']
['433', '43', '92', '153', '306', '379', '354', '302', '135', '338', '474', '495', '403', '200', '468', '38', '41', '88', '101', '319', '378', '3', '47', '76', '81', '121', '277', '374', '453', '395', '441', '411', '470', '432', '84', '145', '237', '284', '449', '301', '157', '291', '358', '50', '58', '436', '459', '11', '115', '330', '457', '407', '408', '406', '46', '171', '389', '496', '293', '98', '192', '367', '256', '248', '270', '290', '442', '477', '428', '184', '326', '420', '196', '263', '371', '42', '208', '242', '475', '493', '352', '481', '364']
['279', '427', '392', '221', '323', '333', '49', '476', '498', '223', '232', '404', '340', '97', '177', '265', '286']
[]
[]
[]
[]
[]
[]
[]
[]
[]
[]
[]
[]
[]
[]
[]
[]
[]
[]
[]
[]
[]
[]
[]
[]
[]
[]
[]
[]
[]
[]
[]
[]
[]
[]
[]
[]
[]
[]
[]
[]
[]
[]
[]
[]
[]
[]
[]
[]
[]
[]
[]
[]
[]
[]
[]
[]
[]
[]
[]
[]
[]
[]
[]
[]
[]
[]
[]
[]
[]
[]
[]
[]
[]
[]
[]
[]
[]
[]
[]
[]
[]
[]
[]
[]
[]
[]
[]
[]
[]
[]
[]
[]
[]
[]
