['0', '1', '4', '6', '7', '8', '11', '13', '14', '15', '18', '20', '21', '22', '25', '27', '28', '29', '32', '34', '35', '36', '39', '41', '42', '43', '46', '48', '49', '50', '53', '55', '56', '57', '60', '62', '63', '64', '67', '69', '70', '71', '74', '76', '77', '78', '81', '83', '84', '85', '88', '90', '91', '92', '95', '97', '98', '99', '102', '104', '105', '106', '109', '111', '112', '113', '116', '118', '119', '120', '123']
['2', '3', '9', '10', '16', '17', '23', '24', '30', '31', '37', '38', '44', '45', '51', '52', '58', '59', '65', '66', '72', '73', '79', '80', '86', '87', '93', '94', '100', '101', '107', '108', '114', '115', '121', '122', '125', '126', '127', '130', '132', '133', '134', '137', '139', '140', '141', '144', '146', '147', '148', '151', '153', '154', '155', '158', '160', '161', '162', '165', '167', '168', '169', '172', '174', '175', '176', '179', '181', '182', '183']
['5', '12', '19', '26', '33', '40', '47', '54', '61', '68', '75', '82', '89', '96', '103', '110', '117', '124', '128', '129', '135', '136', '142', '143', '149', '150', '156', '157', '163', '164', '170', '171', '177', '178', '184', '185', '186', '188', '189', '190', '193', '195', '196', '197', '200', '202', '203', '204', '207', '209', '210', '211', '214', '216', '217', '218', '221', '223', '224', '225', '228', '230', '231', '232', '235', '237', '238', '239', '242', '244', '245']
['131', '138', '145', '152', '159', '166', '173', '180', '187', '191', '192', '198', '199', '205', '206', '212', '213', '219', '220', '226', '227', '233', '234', '240', '241', '246', '247', '249', '251', '252', '253', '256', '258', '259', '260', '263', '265', '266', '267', '270', '272', '273', '274', '277', '279', '280', '281', '284', '286', '287', '288', '291', '293', '294', '295', '298', '300', '301', '302', '305', '307', '308', '309', '312', '314', '315', '316', '319', '321', '322', '323']
['194', '201', '208', '215', '222', '229', '236', '243', '248', '254', '255', '261', '262', '268', '269', '275', '276', '282', '283', '289', '290', '296', '297', '303', '304', '310', '311', '317', '318', '324', '325', '326', '328', '329', '330', '333', '335', '336', '337', '340', '342', '343', '344', '347', '349', '350', '351', '354', '356', '357', '358', '361', '363', '364', '365', '368', '370', '371', '372', '375', '377', '378', '379', '382', '384', '385', '386', '389', '391', '392', '393']
['250', '257', '264', '271', '278', '285', '292', '299', '306', '313', '320', '327', '331', '332', '338', '339', '345', '346', '352', '353', '359', '360', '366', '367', '373', '374', '380', '381', '387', '388', '394', '395', '396', '398', '399', '400', '403', '405', '406', '407', '410', '412', '413', '414', '417', '419', '420', '421', '424', '426', '427', '428', '431', '433', '434', '435', '438', '440', '441', '442', '445', '447', '448', '449', '452', '454', '455', '456', '459', '461', '462']
['334', '341', '348', '355', '362', '369', '376', '383', '390', '397', '401', '402', '408', '409', '415', '416', '422', '423', '429', '430', '436', '437', '443', '444', '450', '451', '457', '458', '463', '464', '466', '468', '469', '470', '473', '475', '476', '477', '480', '482', '483', '484', '487', '489', '490', '491', '494', '496']
['404', '411', '418', '425', '432', '439', '446', '453', '460', '465', '471', '472', '478', '479', '485', '486', '492', '493']
['467', '474', '481', '488', '495']
[]
[]
[]
[]
[]
[]
[]
[]
[]
[]
[]
[]
[]
[]
[]
[]
[]
[]
[]
[]
[]
[]
[]
[]
[]
[]
[]
[]
[]
[]
[]
[]
[]
[]
[]
[]
[]
[]
[]
[]
[]
[]
[]
[]
[]
[]
[]
[]
[]
[]
[]
[]
[]
[]
[]
[]
[]
[]
[]
[]
[]
[]
[]
[]
[]
