['0', '1', '2', '3', '4', '5', '6', '7', '8', '9', '10', '11', '12', '13', '14', '16', '17', '18', '19', '20', '21', '22', '26', '29', '30', '33', '35', '37', '38', '40', '41', '43', '44', '45', '47', '50', '51', '52', '55', '60', '61', '68', '73', '74', '75', '79', '80', '86', '87', '88', '93', '95', '101', '111', '117', '118', '133', '138', '146', '147', '151', '152', '154', '155', '156', '159', '162', '163', '164', '165', '166', '167', '170', '173', '174', '180', '181', '185', '186', '187', '191', '192', '200', '201', '202', '207', '208', '212', '215', '216', '218', '221', '223', '224', '229', '231', '234', '238', '239', '240', '241', '244', '245', '248', '249', '251', '252', '253', '255', '257', '258', '259', '267', '271', '272', '273', '277', '278', '279', '280', '284', '285', '286', '287', '289', '292', '294', '298', '300', '302', '303', '305', '309', '312', '313', '320', '321', '322', '329', '331', '333', '334', '339', '341', '344', '345', '347', '348', '349', '356', '359', '360']
['15', '23', '24', '25', '27', '28', '31', '32', '34', '36', '39', '42', '46', '48', '53', '57', '63', '66', '69', '70', '71', '72', '76', '77', '78', '82', '85', '89', '90', '91', '92', '97', '98', '100', '105', '108', '114', '116', '119', '120', '121', '122', '127', '130', '132', '136', '137', '140', '149', '153', '157', '160', '172', '175', '179', '183', '184', '193', '195', '196', '198', '199', '203', '204', '205', '209', '211', '213', '214', '219', '220', '226', '228', '232', '233', '235', '236', '246', '247', '256', '262', '266', '268', '269', '274', '276', '281', '282', '283', '290', '293', '297', '299', '301', '304', '306', '311', '314', '317', '323', '324', '325', '326', '327', '332', '335', '336', '337', '338', '342', '343', '350', '351', '353', '361', '362', '363', '365', '366', '368', '369', '370', '374', '375', '378', '382', '385', '386', '387', '388', '389', '390', '391', '393', '396', '397', '398', '399', '401', '403', '404', '405', '406', '407', '408', '415', '416', '417', '418', '426', '427', '428']
['49', '54', '56', '59', '62', '64', '65', '67', '83', '84', '96', '99', '102', '104', '106', '107', '109', '110', '113', '115', '126', '131', '139', '141', '142', '143', '144', '145', '150', '158', '161', '169', '177', '178', '182', '197', '210', '217', '222', '225', '227', '230', '237', '242', '243', '250', '254', '260', '261', '265', '270', '275', '288', '291', '295', '296', '308', '310', '316', '319', '328', '330', '340', '352', '354', '355', '358', '367', '371', '373', '376', '377', '379', '380', '381', '383', '384', '392', '394', '395', '400', '402', '409', '410', '412', '413', '419', '420', '421', '422', '423', '424', '425', '429', '430', '431', '432', '434', '435', '436', '438', '442', '443', '444', '445', '446', '447', '449', '450', '452', '454', '455', '456', '457', '459', '461', '462', '463', '464', '465', '467', '468', '469', '471', '472', '473', '474', '475', '476', '477', '478', '479', '483', '484', '485', '486', '487', '488', '489', '493', '495', '497', '498', '499']
['58', '81', '94', '103', '112', '123', '124', '125', '129', '134', '148', '168', '171', '176', '188', '189', '190', '194', '263', '264', '307', '315', '318', '346', '357', '364', '372', '411', '414', '433', '437', '439', '440', '441', '448', '451', '453', '458', '460', '466', '470', '480', '481', '482', '494', '496']
['128', '135', '206', '490', '491', '492']
[]
[]
[]
[]
[]
[]
[]
[]
[]
[]
[]
[]
[]
[]
[]
[]
[]
