['Amber', 'Mary', 'Danielle', 'Gabrielle', 'Jordan', 'Brooke', 'Sierra', 'Katelyn', 'Andrea', 'Madeline']
['Michelle', 'Sara', 'Kimberly', 'Courtney', 'Erin', 'Brittany', 'Vanessa', 'Jacqueline', 'Jenna', 'Caroline']
['Faith', 'Makayla', 'Bailey', 'Paige', 'Shelby', 'Melissa', 'Christina', 'Trinity', 'Caitlin', 'Mariah']
['Kaylee', 'Autumn', 'Marissa', 'Angela', 'Breanna', 'Catherine', 'Zoe', 'Briana', 'Jada', 'Laura']
['Claire', 'Alexa', 'Kelsey', 'Kathryn', 'Leslie', 'Alexandria', 'Mia', 'Isabel', 'Molly', 'Leah']
['Sabrina', 'Katie', 'Gabriella', 'Cheyenne', 'Cassandra', 'Tiffany', 'Erica', 'Lindsey', 'Kylie', 'Diana']
['Amy', 'Cassidy', 'Mikayla', 'Ariana', 'Margaret', 'Kelly', 'Maya', 'Melanie', 'Audrey', 'Jade']
['Miranda', 'Gabriela', 'Caitlyn', 'Angel', 'Jillian', 'Alicia', 'Jocelyn', 'Erika', 'Lily', 'Heather']
['Madelyn', 'Adriana', 'Arianna', 'Lillian', 'Kiara', 'Riley', 'Mckenzie', 'Meghan', 'Skylar', 'Ana']
['Crystal', 'Britney', 'Angelica', 'Kennedy', 'Chelsea', 'Daisy', 'Kristen', 'Veronica', 'Isabelle', 'Summer']
['Hope', 'Brittney', 'Lydia', 'Hayley', 'Evelyn', 'Bethany', 'Michaela', 'Karen', 'Jamie', 'Daniela']
['Shannon', 'Angelina', 'Kaitlin', 'Karina', 'Sophie', 'Sofia', 'Diamond', 'Payton', 'Cynthia', 'Alexia']
['Valerie', 'Monica', 'Peyton', 'Carly', 'Bianca', 'Hanna', 'Rebekah', 'Alejandra', 'Mya', 'Avery']
['Brenda', 'Brooklyn', 'Ashlyn', 'Lindsay', 'Ava', 'Desiree', 'Alondra', 'Camryn', 'Ariel', 'Naomi']
['Jordyn', 'Kendra', 'Mckenna', 'Holly', 'Julie', 'Kendall', 'Jasmin', 'Selena', 'Esmeralda', 'Amaya']
['Kara', 'Kylee', 'Maggie', 'Makenzie', 'Claudia', 'Cameron', 'Kyra', 'Karla', 'Kathleen', 'Abby']
['Delaney', 'Amelia', 'Casey', 'Serena', 'Savanna', 'Aaliyah', 'Mallory', 'April', 'Adrianna', 'Raven']
['Giselle', 'Christine', 'Kristina', 'Asia', 'Nina', 'Natalia', 'Valeria', 'Aubrey', 'Lauryn', 'Kate']
['Jazmin', 'Patricia', 'Rachael', 'Katelynn', 'Cierra', 'Alison', 'Nancy', 'Elena', 'Kyla', 'Katrina']
['Macy', 'Jazmine', 'Joanna', 'Tara', 'Gianna', 'Juliana', 'Fatima', 'Allyson', 'Gracie', 'Sadie']
['Guadalupe', 'Genesis', 'Yesenia', 'Julianna', 'Skyler', 'Alexus', 'Alana', 'Elise', 'Kirsten', 'Nadia']
['Tatiana', 'Sandra', 'Dominique', 'Haylee', 'Ruby', 'Jayla', 'Tori', 'Cindy', 'Sidney', 'Ella']
['Tessa', 'Carolina', 'Jaqueline', 'Camille', 'Whitney', 'Carmen', 'Bridget', 'Priscilla', 'Celeste', 'Kiana']
['Vivian', 'Makenna', 'Alissa', 'Madeleine', 'Natasha', 'Miriam', 'Ciara', 'Cecilia', 'Kassandra', 'Mercedes']
['Reagan', 'Aliyah', 'Josephine', 'Charlotte', 'Rylee', 'Shania', 'Meredith', 'Eva', 'Dakota', 'Lisa']
['Kira', 'Hallie', 'Anne', 'Rose', 'Liliana', 'Kristin', 'Marisa', 'Imani', 'Kailey', 'Deanna']
['Annie', 'Nia', 'Carolyn', 'Anastasia', 'Brenna', 'Dana', 'Kassidy', 'Ashlee', 'Alaina', 'Rosa']
['Shayla', 'Wendy', 'Logan', 'Tabitha', 'Paola', 'Callie', 'Addison', 'Lucy', 'Gillian', 'Clarissa']
['Destinee', 'Josie', 'Denise', 'Katlyn', 'Esther', 'Mariana', 'Emilee', 'Georgia', 'Deja', 'Kamryn']
['Bryanna', 'Ashleigh', 'Cristina', 'Baylee', 'Heaven', 'Raquel', 'Monique', 'Teresa', 'Ruth', 'Krystal']
['Helen', 'Tiana', 'Cassie', 'Kayleigh', 'Marina', 'Heidi', 'Ashton', 'Clara', 'Meagan', 'Gina']
['Ivy', 'Linda', 'Gloria', 'Jacquelyn', 'Ellie', 'Jenny', 'Renee', 'Daniella', 'Lizbeth', 'Anahi']
['Virginia', 'Gisselle', 'Kaitlynn', 'Julissa', 'Cheyanne', 'Lacey', 'Marie', 'Eleanor', 'Martha', 'Kierra']
['Haleigh', 'Tiara', 'Talia', 'Kaylie', 'Mikaela', 'Eliza', 'Harley', 'Jaden', 'Madalyn', 'Hailee']
['Kasey', 'Ashlynn', 'Brandi', 'Lesly', 'Elisabeth', 'Allie', 'Cara', 'Marisol', 'India', 'Litzy']
['Viviana', 'Tatyana', 'Melody', 'Jessie', 'Brandy', 'Alisha', 'Hunter', 'Noelle', 'Carla', 'Francesca']
['Tia', 'Layla', 'Krista', 'Zoey', 'Carley', 'Janet', 'Iris', 'Kaleigh', 'Tyler', 'Theresa']
['Carissa', 'Tamara', 'Yasmine', 'Tatum', 'Susan', 'Sharon', 'Alice', 'Yasmin', 'Tamia', 'Abbey']
['Alayna', 'Kali', 'Bailee', 'Lesley', 'Lilly', 'Mckayla', 'Serenity', 'Karissa', 'Jane', 'Maddison']
['Ayanna', 'Precious', 'Jayda', 'Kelsie', 'Lexi', 'Phoebe', 'Halle', 'Kiersten', 'Kiera', 'Annika']
['Felicity', 'Tyra', 'Taryn', 'Kaylin', 'Ellen', 'Kiley', 'Rhiannon', 'Madisyn', 'Colleen', 'Joy']
['Jaclyn', 'Pamela', 'Tania', 'Charity', 'Fiona', 'Alyson', 'Kaila', 'Annabelle', 'Emely', 'Alina']
['Angelique', 'Regan', 'Irene', 'Johanna', 'Janae', 'Janelle', 'Justine', 'Paris', 'Chelsey', 'Sasha']
['Madyson', 'Paulina', 'Mayra', 'Zaria', 'Skye', 'Brisa', 'Cora', 'Emilie', 'Felicia', 'Larissa']
['Tianna', 'Macie', 'Aurora', 'Sage', 'Lucia', 'Alma', 'Ann', 'Nichole', 'Deborah', 'Jayden']
['Chasity', 'Alanna', 'Malia', 'Angie', 'Carlie', 'Nora', 'Kailee', 'Carrie', 'Elaina', 'Sylvia']
['Sonia', 'Genevieve', 'Kenya', 'Piper', 'Marilyn', 'Amari', 'Marlene', 'Tayler', 'Barbara', 'Julianne']
['Macey', 'Brooklynn', 'Lorena', 'Perla', 'Elisa', 'Kaley', 'Leilani', 'Eden', 'Miracle', 'Devin']
['Aileen', 'Chyna', 'Athena', 'Esperanza', 'Regina', 'Adrienne', 'Luz', 'Tierra', 'Cristal', 'Clare']
['Shyanne', 'Eliana', 'Kelli', 'Eve', 'Sydnee', 'Madelynn', 'Breana', 'Melina', 'Arielle', 'Toni']
