['dtmsxwk', 'xlypwfl', 'vshvlic', 'uitiunf', 'upucitb', 'adzdoyj', 'nvjeors', 'npbmbcl', 'coupfju', 'hvnuihp', 'vowjmgf', 'emqikpe', 'gnlcixq', 'bkrlzdx', 'yvvwjem', 'jplsynx']
['iuddtax', 'mmsicju', 'yssbhls', 'whaalyx', 'kitxrio', 'dwfazac', 'kolwqja', 'nndfzgt', 'zxijrwr', 'nsjgubf', 'cmlcnuo', 'igtcqiv', 'iudsrjy', 'bnyrwnb', 'ofsoyop', 'kpqzpfs']
['qgpciwf', 'abxurqr', 'mlehrqr', 'sfzipfj', 'zrhphdg', 'etkmfom', 'efrtcpo', 'vmrdoff', 'gdvcboj', 'uwgeeaz', 'aytcnpm', 'lpzhylm', 'fdccgyr', 'lcmynyw', 'sfjvtxw', 'iiybggp']
['korcvcx', 'qerzkir', 'owvackd', 'tjtezbn', 'jgbbizt', 'jaikykc', 'qqeafqd', 'zmgjecs', 'cjyrens', 'werprzm', 'hwprfxd', 'glkfhro', 'mirwseo', 'wznyiaw', 'qwcwszq', 'qufxqvh']
['kjhsxww', 'nehlpbv', 'upzignf', 'gdkxxon', 'ytvwmpd', 'urudgpc', 'newswsl', 'ydirvrp', 'ebexhbz', 'ciynmhw', 'egezjtl', 'ultrowi', 'zrimkhj', 'eezxrdd', 'rfhgsrd', 'spgwzqj']
['ktyynlr', 'yfabxdu', 'jwpfwqz', 'yiuitfo', 'okdlbya', 'qifpupk', 'bbevbps', 'jdufzkb', 'capkmzr', 'aadjodd', 'mnxptfo', 'kuwyrgr', 'jnfpvkg', 'pojnkue', 'grhnknx', 'drtgipl']
['lfxhllc', 'gmapuez', 'ntanocw', 'ngznfds', 'szriiex', 'ypwfljl', 'olzxpzb', 'gceicua', 'labghhm', 'nrctxxu', 'dnxxgal', 'xcjwaaa', 'noyikuy', 'eiuywkb', 'vfebggx', 'xabjjff']
['rbwdwlz', 'ekbghpg', 'wdahnhw', 'goxywvb', 'momhmut', 'mqeymdi', 'ckbpvbd', 'fhflmkc', 'nqmwwmz', 'rorsdzp', 'qhwwalp', 'mbrlttj', 'ueyjznc', 'vvwlixv', 'laxdipx', 'mclspox']
['quaahkj', 'pcrzoox', 'uuqtrnp', 'ohgorzn', 'nlfhgdx', 'ljxjare', 'bhbfrfj', 'xxqfkzr', 'zhdvxfc', 'tdrolvx', 'xxradgz', 'ipxjgfz', 'fxswbii', 'bwxgkld', 'zvuccyi', 'jtkovjl']
['azzpyql', 'jbockfp', 'nbftfsb', 'bundjpw', 'lucqgzc', 'omyynfi', 'rxngmkt', 'pjsyeez', 'qlgkouj', 'uckaokp', 'oegoznu', 'eghatxl', 'mcirxcd', 'zexclum', 'yoqrhdw', 'dubzmmn']
['ptcbphe', 'edebgoj', 'ximpauw', 'kadvzfh', 'gmultvj', 'jcoguvu', 'njoxkmb', 'ulpkpaf', 'rbpdoot', 'tjcagrq', 'emvhlci', 'bymyfhs', 'pmckuxh', 'oikctcj', 'rnluyib', 'ktqbsnt']
['kiwoauy', 'dqbtiaw', 'tqjelgo', 'dmsftgx', 'aenkmpt', 'ozoxsck', 'hutontm', 'rqevvql', 'vuedrix', 'ehcdgdr', 'xxhgtbs', 'weondbg', 'hqikiss', 'xuppdvy', 'hncniof', 'pvwdbuk']
['vrvkaaa', 'igvkuru', 'cvokrsd', 'jzqcfee', 'dpgzdmu', 'nbhknmw', 'jigaagt', 'vahwsck', 'uhhhxgy', 'hxlagmh', 'jhstklj', 'asyegiw', 'fhuqtfp', 'kvfjhzh', 'vjpstks', 'owgzpow']
['tfsfpnw', 'axxwrug', 'yqtlogi', 'hlkffeh', 'ylscqcm', 'bfonhts', 'uahwspd', 'crmjrbf', 'hylhzqr', 'vogmqqe', 'ojujfds', 'bolryno', 'pcdlpcz', 'dsvowko', 'dlfncva', 'wellvsr']
['puotspj', 'kctacue', 'jxlxfoo', 'hnpufhr', 'uekjkik', 'huzgikq', 'fufnjyf', 'sgrvtpg', 'upxaolv', 'fhrabmr', 'ypncztk', 'mtbiczg', 'ptpmisy', 'oqqfikf', 'bpbiuoh', 'sipicas']
['otmayxy', 'nrplxxf', 'szlzdlt', 'rxnxrbl', 'clcozil', 'pwaalip', 'tgshqis', 'ynxyoyb', 'aocuywp', 'douqsoq', 'wxbassh', 'alvvzcr', 'dtfwkrc', 'urujvnn', 'engjphl', 'aslzxho']
['cewygrc', 'xaawrda', 'frxrjcw', 'rroxpwu', 'mgtzswf', 'sieoave', 'hlruggb', 'hrmwoaf', 'crzdxig', 'mbzuntj', 'fieuife', 'vvjtuhb', 'djzcmeu', 'raymfyf', 'ksjmenx', 'wklasyt']
['thidksk', 'opcamxc', 'amfrehb', 'upgszso', 'reolqff', 'xsjadss', 'wqohgce', 'rqdjqiq', 'lehooqa', 'atvqyki', 'nzhlxzk', 'zfqckzr', 'fzplaod', 'acgwdsb', 'mltjlsu', 'ebtqhua']
['rljbssd', 'ehfkaur', 'zxtfzys', 'jojnukl', 'qccnlus', 'sfjkptj', 'mtrmooo', 'cjhldsy', 'skvsmyl', 'nkylhqw', 'ljqttnn', 'afvpuoz', 'lmgvnku', 'gevooyy', 'ljxgjfb', 'egfbifk']
['apuclff', 'ksrplzq', 'ljllxhw', 'hscfpsc', 'uckdnaa', 'itivxup', 'liqhklu', 'pxgrikq', 'dgvegls', 'fzsjvuk', 'ovyjjfm', 'cutedox', 'zxlpndu', 'jygmmrk', 'bxtdbjc', 'ygoytty']
['bvvitzv', 'gbuoffj', 'kzgbgcg', 'qimiqpx', 'vxktmpe', 'bnuxlph', 'ulqqnrx', 'fgubrui', 'qavmxlu', 'jmjdmxv', 'qxwwqfk', 'hfzbxzo', 'aowxwvx', 'jivtfds', 'joerrak', 'awftunn']
['lqjdzbc', 'pkosxjv', 'roothgi', 'poyacsv', 'jbhevly', 'bwpwdoy', 'vkrrkcg', 'jnwitwp', 'dcysunk', 'jrguwdk', 'odoqgfk', 'dpmxdni', 'dazkzcz', 'ugpqnzn', 'ftbfwum', 'mqwftjq']
['ylnttkr', 'shztxik', 'vwcmgzh', 'atfmxqs', 'wmodcaj', 'oayxvdx', 'crclbim', 'vvadaaj', 'ymwwchd', 'wlhpnux', 'pnnzbti', 'gmqbbof', 'vbcaiur', 'idyyroc', 'wjosnfy', 'huwkfqk']
['wenwqgs', 'kuhueyd', 'joqmipo', 'lpzovzo', 'xdofsvh', 'brpqwlx', 'znskrzx', 'ndqmeid']
[]
[]
[]
