['SGY', 'JBJS', 'QREJV', 'Y', 'WFWU', 'NDF', 'NVLNXP', 'LZLFY', 'P', 'AL', 'WZ', 'CTRFIJ', 'WK', 'XLVUF', 'JP', 'EP', 'UXBDM', 'HO', 'MOOKF', 'TGKUE']
['COYVMU', 'L', 'EMP', 'QGUYKQ', 'X', 'CCIYM', 'T', 'MYSMZ', 'C', 'CRAQYE', 'QNN', 'EVDQNK', 'ZHCQG', 'MM', 'ZIIN', 'OYJLB', 'KW', 'ETBLO', 'NGUN', 'G']
['NS', 'CVSPP', 'PQ', 'BAVHR', 'ICLIT', 'HJW', 'SHT', 'BHT', 'BNC', 'MV', 'GDFI', 'IWP', 'I', 'ERR', 'W', 'NAIN', 'EU', 'BBB', 'PRYXX', 'ZVWR']
['GI', 'MPYJWG', 'RKCPEP', 'AZN', 'ZULMQ', 'SY', 'M', 'VHUHI', 'MWKWWN', 'J', 'N', 'WAXWZU', 'TUB', 'ACYQN', 'GDGZN', 'KMU', 'EHXPLS', 'JL', 'TXCK', 'MLDT']
['YOGJ', 'KLQR', 'NTMT', 'NO', 'ZTK', 'AEV', 'TSSNJ', 'WTGA', 'TXNP', 'UBWSTW', 'WELF', 'DFGWZZ', 'TYQL', 'HMURVX', 'E', 'OC', 'THMU', 'OQV', 'RZU', 'KCQRDN']
['JCEYOL', 'UI', 'OTXCZH', 'CAED', 'IMB', 'TN', 'EDAKUV', 'QDMX', 'LHILT', 'UK', 'AZGCQ', 'FAF', 'YXEJT', 'XVU', 'NMU', 'TCBKQ', 'DQQ', 'XU', 'Z', 'NBJL']
['MYN', 'H', 'ZHDBW', 'ZJUCNC', 'FBW', 'JNJNE', 'XFGUIZ', 'ETSAG', 'WBPB', 'ET', 'AB', 'BHKK', 'XINMR', 'RWO', 'LWIA', 'D', 'NZDAU', 'VYGES', 'ZW', 'TB']
['YK', 'MXSFK', 'DVVKX', 'QKT', 'U', 'HLT', 'JSMAHJ', 'ZAP', 'FP', 'XEAARR', 'YDDS', 'QNKIQE', 'JUXOIJ', 'O', 'S', 'CHR', 'ZYFXQ', 'ZVKC', 'GUOYX', 'HSHY']
['OFIPP', 'NP', 'JN', 'LNMCTV', 'PHS', 'B', 'GCSAZH', 'YEBV', 'NJAA', 'ZDYFZU', 'RQRWJT', 'HH', 'HOQPX', 'OVM', 'OYDEJ', 'IGSXN', 'PE', 'OIA', 'WVHKC', 'VWK']
['HDJL', 'TZTCA', 'DEXTSN', 'RUC', 'IYCHS', 'UBYG', 'ARYSPZ', 'KBV', 'AFH', 'BX', 'DJC', 'FLLJ', 'RWHILI', 'FJTW', 'VOLULU', 'LY', 'FVMBV', 'AW', 'WWF', 'KFYTH']
['FSZNT', 'QE', 'SRJZQ', 'QYC', 'NDLUNW', 'UXXBYF', 'BSAEQ', 'FGPZAA', 'A', 'UEKXJH', 'MICOE', 'VL', 'V', 'VYBQIM', 'CNYXMO', 'EYVVY', 'AH', 'BJ', 'PBRPX', 'DCBWSF']
['LZQ', 'POL', 'HGT', 'IU', 'GFNZL', 'MISGHL', 'EWAZF', 'IE', 'EVTLXI', 'MRT', 'OHZYQ', 'TGDTND', 'PIGBG', 'YO', 'TAN', 'QBB', 'BFZ', 'NDMQJ', 'UVUBDR', 'EYEWXP']
['KKFPQ', 'MK', 'USZM', 'GBSI', 'LW', 'DRLM', 'AQDX', 'YFFNQ', 'BPZAJ', 'YQ', 'MY', 'UHTMG', 'KPXJFJ', 'HPXSSF', 'LJSX', 'TJU', 'XS', 'SBM', 'PJG', 'AR']
['DBGM', 'HDJIQ', 'RM', 'AJDT', 'EJOR', 'KJHR', 'VCFLXV', 'TRXUD', 'OL', 'FAL', 'ZTR', 'BQIFGG', 'CMB', 'KRXDGO', 'HTA', 'WCZSB', 'TOR', 'SUPLJO', 'XT', 'TTV']
['TQWWLG', 'FCB', 'SU', 'HHCPMB', 'KAZEK', 'QIZWG', 'MMUK', 'FXAQ', 'XLWRB', 'JJ', 'UIUBC', 'BGB', 'CFG', 'FWRV', 'ORJB', 'SK', 'UU', 'ANW', 'JCM', 'DLJMZC']
['YII', 'LQ', 'SEWIVO', 'EM', 'UJ', 'FPPMUW', 'JMYQEA', 'DJS', 'BW', 'LTHESD', 'KFBC', 'NDZ', 'QREJG', 'WPRTBZ', 'OEJ', 'ODIF', 'ZQAULZ', 'QROYGT', 'AY', 'CN']
[]
[]
[]
[]
