['0', '1', '2', '3', '4', '5', '6', '7', '8', '9', '10', '14', '18', '19', '20', '26', '30', '32', '36', '37', '39', '45', '46', '53', '54', '55', '56', '61', '63', '64', '67', '72', '73', '74', '76', '81', '82', '87', '90']
['11', '13', '17', '21', '23', '27', '28', '29', '38', '42', '47', '48', '57', '60', '65', '69', '71', '75', '77', '83', '84', '91', '92', '99', '100', '108', '109', '111', '114', '117', '118', '119', '120', '126', '127', '133', '135', '136', '137']
['12', '15', '22', '24', '31', '33', '35', '40', '44', '49', '51', '58', '62', '66', '78', '79', '85', '88', '93', '94', '101', '102', '104', '106', '110', '112', '121', '124', '128', '129', '132', '138', '139', '140', '144', '145', '149', '153', '154']
['16', '25', '34', '41', '50', '52', '59', '68', '80', '86', '95', '98', '103', '107', '113', '116', '122', '123', '130', '141', '142', '146', '148', '155', '157', '162', '163', '169', '171', '172', '177', '180', '181', '183', '188', '189', '190', '192', '198']
['43', '70', '89', '96', '105', '115', '125', '131', '134', '143', '147', '150', '156', '158', '159', '164', '165', '166', '173', '176', '182', '191', '194', '195', '199', '200', '204', '207', '208', '209', '216', '217', '219', '225', '226', '227', '230', '234', '235']
['97', '151', '152', '160', '167', '170', '174', '178', '179', '184', '185', '193', '201', '203', '205', '210', '211', '213', '218', '224', '228', '231', '236', '237', '243', '244', '245', '252', '253', '254', '257', '261', '262', '263', '268', '270', '271', '272', '273']
['161', '168', '175', '186', '196', '202', '212', '215', '220', '221', '229', '232', '233', '238', '239', '246', '248', '255', '256', '264', '265', '274', '275', '276', '277', '278', '279', '280', '281', '282', '283', '284', '285', '286', '287', '288', '289', '290', '291']
['187', '197', '206', '214', '222', '240', '242', '247', '258', '266', '292', '294', '295', '296', '297', '298', '299']
['223', '241', '249', '250', '259', '260', '267', '293']
['251', '269']
[]
[]
[]
[]
[]
[]
[]
[]
[]
[]
[]
[]
[]
[]
[]
[]
[]
[]
[]
[]
