['TaureanWallerPrince', 'DennisSchroder']
['KentBazemore', 'JohnCollins']
['DewayneDedmon', 'IsaiahTaylor']
['MarcoBelinelli', 'ErsanIlyasova']
['MikeMuscala', 'MalcolmDelaney']
['JaysonTatum', 'AlHorford']
['JaylenBrown', 'TerryRozier']
['KyrieIrving', 'MarcusMorris']
['MarcusSmart', 'AronBaynes']
['SemiOjeleye', 'DanielTheis']
['SpencerDinwiddie', 'AllenCrabbe']
['DeMarreCarroll', 'JoeHarris']
['RondaeHollisJefferson', 'QuincyAcy']
['CarisLeVert', 'JarrettAllen']
['DAngeloRussell', 'TylerZeller']
['KembaWalker', 'DwightHoward']
['MarvinWilliams', 'NicolasBatum']
['JeremyLamb', 'TreveonGraham']
['MichaelKiddGilchrist', 'FrankKaminsky']
['MalikMonk', 'MichaelCarterWilliams']
['JustinHoliday', 'DenzelValentine']
['LauriMarkkanen', 'RobinLopez']
['JerianGrant', 'KrisDunn']
['DavidNwaba', 'BobbyPortis']
['CristianoFelicio', 'PaulZipser']
['LeBronJames', 'JRSmith']
['JeffGreen', 'KevinLove']
['KyleKorver', 'DwyaneWade']
['JaeCrowder', 'TristanThompson']
['JoseCalderon', 'CediOsman']
['HarrisonBarnes', 'YogiFerrell']
['WesleyMatthews', 'DennisSmith']
['DirkNowitzki', 'MaxiKleber']
['DwightPowell', 'JJBarea']
['DevinHarris', 'SalahMejri']
['WillBarton', 'JamalMurray']
['NikolaJokic', 'WilsonChandler']
['GaryHarris', 'PaulMillsap']
['MasonPlumlee', 'TreyLyles']
['EmmanuelMudiay', 'TorreyCraig']
['AndreDrummond', 'IshSmith']
['StanleyJohnson', 'ReggieBullock']
['AnthonyTolliver', 'TobiasHarris']
['LukeKennard', 'LangstonGalloway']
['AveryBradley', 'ReggieJackson']
['KlayThompson', 'KevinDurant']
['DraymondGreen', 'StephenCurry']
['AndreIguodala', 'DavidWest']
['NickYoung', 'ShaunLivingston']
['ZazaPachulia', 'PatrickMcCaw']
['JamesHarden', 'PJTucker']
['TrevorAriza', 'EricGordon']
['ClintCapela', 'LucMbahaMoute']
['ChrisPaul', 'RyanAnderson']
['GeraldGreen', 'NeneHilario']
['ThaddeusYoung', 'VictorOladipo']
['BojanBogdanovic', 'CoryJoseph']
['DarrenCollison', 'DomantasSabonis']
['LanceStephenson', 'MylesTurner']
['JoeYoung', 'AlJefferson']
['LouWilliams', 'DeAndreJordan']
['AustinRivers', 'WesleyJohnson']
['MontrezlHarrell', 'SindariusThornwell']
['BlakeGriffin', 'MilosTeodosic']
['SamDekker', 'KentaviousCaldwellPope']
['KyleKuzma', 'JuliusRandle']
['BrandonIngram', 'LonzoBall']
['BrookLopez', 'JoshHart']
['JordanClarkson', 'LarryNance']
['CoreyBrewer', 'MarcGasol']
['DillonBrooks', 'JarellMartin']
['TyrekeEvans', 'JaMychalGreen']
['MarioChalmers', 'AndrewHarrison']
['BenMcLemore', 'JamesEnnis']
['DeyontaDavis', 'JoshRichardson']
['GoranDragic', 'TylerJohnson']
['WayneEllington', 'JamesJohnson']
['KellyOlynyk', 'JustiseWinslow']
['BamAdebayo', 'HassanWhiteside']
['DionWaiters', 'KhrisMiddleton']
['GiannisAntetokounmpo', 'EricBledsoe']
['TonySnell', 'JohnHenson']
['MalcolmBrogdon', 'ThonMaker']
['JasonTerry', 'SterlingBrown']
['JabariParker', 'AndrewWiggins']
['KarlAnthonyTowns', 'TajGibson']
['JeffTeague', 'JimmyButler']
['JamalCrawford', 'TyusJones']
['NemanjaBjelica', 'GorguiDieng']
['ShabazzMuhammad', 'JrueHoliday']
['AnthonyDavis', 'ETwaunMoore']
['DariusMiller', 'DeMarcusCousins']
['RajonRondo', 'IanClark']
['DanteCunningham', 'JameerNelson']
['NikolaMirotic', 'CourtneyLee']
['TimHardaway', 'EnesKanter']
['FrankNtilikina', 'MichaelBeasley']
['KristapsPorzingis', 'JarrettJack']
['KyleOQuinn', 'LanceThomas']
['DougMcDermott', 'RussellWestbrook']
['PaulGeorge', 'CarmeloAnthony']
['StevenAdams', 'JeramiGrant']
['RaymondFelton', 'PatrickPatterson']
['AlexAbrines', 'AndreRoberson']
['JoshHuestis', 'JonathonSimmons']
['AaronGordon', 'EvanFournier']
['DJAugustin', 'NikolaVucevic']
['MarioHezonja', 'BismackBiyombo']
['ShelvinMack', 'ElfridPayton']
['WesleyIwundu', 'BenSimmons']
['RobertCovington', 'DarioSaric']
['JJRedick', 'JoelEmbiid']
['TJMcConnell', 'AmirJohnson']
['JerrydBayless', 'TimotheLuwawuCabarrot']
['RichaunHolmes', 'TJWarren']
['DraganBender', 'JoshJackson']
['DevinBooker', 'TylerUlis']
['TroyDaniels', 'MarqueseChriss']
['AlexLen', 'TysonChandler']
['JaredDudley', 'CJMcCollum']
['DamianLillard', 'JusufNurkic']
['AlFarouqAminu', 'EvanTurner']
['ShabazzNapier', 'PatConnaughton']
['EdDavis', 'MauriceHarkless']
['ZachCollins', 'BogdanBogdanovic']
['WillieCauleyStein', 'DeAaronFox']
['BuddyHield', 'GarrettTemple']
['ZachRandolph', 'JustinJackson']
['KostaKoufos', 'SkalLabissiere']
['GeorgeHill', 'LaMarcusAldridge']
['PattyMills', 'KyleAnderson']
['PauGasol', 'DannyGreen']
['DejounteMurray', 'BrynForbes']
['ManuGinobili', 'RudyGay']
['DavisBertans', 'DeMarDeRozan']
['KyleLowry', 'SergeIbaka']
['JonasValanciunas', 'PascalSiakam']
['JakobPoeltl', 'FredVanVleet']
['OGAnunoby', 'DelonWright']
['CJMiles', 'DonovanMitchell']
['JoeIngles', 'RickyRubio']
['DerrickFavors', 'RudyGobert']
['RoyceONeale', 'JonasJerebko']
['RodneyHood', 'AlecBurks']
['EkpeUdoh', 'BradleyBeal']
['OttoPorter', 'KellyOubre']
['MarcinGortat', 'MarkieffMorris']
['TomasSatoransky', 'JohnWall']
['MikeScott', 'IanMahinmi']
['JodieMeeks']
