['GB', 'GI', 'CD', 'PY', 'OC', 'LW', 'NV', 'LV', 'GR', 'JK']
['CI', 'EF', 'KX', 'JA', 'OR', 'GH', 'JB', 'MB', 'EJ', 'MU']
['DS', 'RH', 'MQ', 'IY', 'ON', 'CA', 'OB', 'HB', 'BM', 'BL']
['HJ', 'JF', 'CQ', 'MO', 'BJ', 'X', 'PK', 'MI', 'MY', 'PT']
['SP', 'NY', 'MA', 'KR', 'EW', 'IO', 'NG', 'JU', 'OV', 'SJ']
['GV', 'QT', 'PJ', 'SU', 'BA', 'BB', 'EV', 'TA', 'LU', 'JG']
['CC', 'PL', 'KE', 'GJ', 'BE', 'LN', 'DO', 'CU', 'KY', 'TF']
['LI', 'CJ', 'OG', 'DK', 'KZ', 'FI', 'MT', 'MZ', 'DX', 'ST']
['IF', 'IH', 'BV', 'MJ', 'MK', 'OH', 'MN', 'KD', 'OK', 'JY']
['RW', 'FY', 'LK', 'JW', 'KJ', 'NC', 'KM', 'SL', 'RK', 'KA']
['Y', 'EL', 'O', 'G', 'HY', 'HC', 'KH', 'KI', 'LQ', 'LS']
['QS', 'DG', 'QA', 'QV', 'ND', 'LT', 'NU', 'MD', 'MX', 'JD']
['TB', 'SM', 'QG', 'BH', 'QX', 'DD', 'HW', 'FS', 'OP', 'FJ']
['II', 'EG', 'U', 'NX', 'RM', 'GW', 'FU', 'CL', 'HH', 'IQ']
['OQ', 'LD', 'NZ', 'GX', 'RG', 'NO', 'SW', 'EP', 'HE', 'PG']
['SZ', 'OD', 'GG', 'PS', 'SV', 'GD', 'FK', 'OE', 'JN', 'CV']
['PU', 'CT', 'Z', 'HG', 'IK', 'QQ', 'SO', 'KT', 'BS', 'LE']
['SC', 'MH', 'OX', 'P', 'DB', 'GA', 'BR', 'I', 'A', 'OA']
['SN', 'JI', 'RB', 'PZ', 'PB', 'K', 'FG', 'DM', 'EZ', 'DV']
['DP', 'EU', 'EI', 'LO', 'OU', 'OY', 'GU', 'DY', 'EQ', 'CE']
['OS', 'NT', 'ER', 'CP', 'LY', 'NI', 'LA', 'IB', 'PF', 'RF']
['DI', 'BY', 'QW', 'OJ', 'KO', 'NJ', 'GS', 'DC', 'JS', 'SG']
['FF', 'LH', 'ME', 'BK', 'EO', 'BN', 'ID', 'PI', 'C', 'NH']
['NP', 'NR', 'PQ', 'CF', 'CH', 'N', 'PM', 'ET', 'QK', 'BW']
['PD', 'MV', 'BG', 'MW', 'DT', 'KW', 'QJ', 'FT', 'JT', 'HQ']
['CW', 'IU', 'RZ', 'H', 'LR', 'GM', 'CZ', 'OL', 'IT', 'PH']
['IG', 'FW', 'CM', 'PP', 'OI', 'IL', 'B', 'JC', 'HM', 'BI']
['MG', 'GO', 'RV', 'GC', 'NF', 'DE', 'KP', 'BQ', 'NB', 'EX']
['BO', 'MS', 'JL', 'KV', 'FZ', 'KG', 'RU', 'BZ', 'PX', 'JO']
['MC', 'V', 'ES', 'SQ', 'SF', 'IN', 'JM', 'QM', 'IA', 'RJ']
['RL', 'IE', 'JE', 'CX', 'PN', 'QR', 'EN', 'SH', 'RQ', 'FE']
['KQ', 'LZ', 'RC', 'DF', 'BC', 'NL', 'FL', 'QF', 'CR', 'RE']
['F', 'EH', 'T', 'HI', 'GP', 'LX', 'NK', 'FM', 'RA', 'FC']
['IP', 'LC', 'IR', 'GL', 'QH', 'FH', 'PW', 'QY', 'KL', 'HP']
['MF', 'JJ', 'NS', 'KB', 'GQ', 'SK', 'CN', 'ML', 'KK', 'EB']
['CY', 'HA', 'RT', 'BX', 'DJ', 'GY', 'FP', 'EC', 'BT', 'DQ']
['RR', 'DR', 'GT', 'NM', 'GN', 'HS', 'QB', 'KU', 'FD', 'LM']
['FQ', 'HT', 'JH', 'BD', 'HX', 'IJ', 'PC', 'RP', 'LG', 'BF']
['HV', 'PE', 'EM', 'OT', 'OF', 'MM', 'NE', 'SD', 'JP', 'FO']
['IX', 'NQ', 'HF', 'HK', 'NW', 'D', 'SE', 'EY', 'NN', 'DU']
['OO', 'LJ', 'PV', 'RN', 'HL', 'NA', 'HZ', 'PR', 'ED', 'FR']
['DW', 'LP', 'RI', 'FB', 'IC', 'GF', 'SR', 'JQ', 'QI', 'DZ']
['SS', 'GE', 'Q', 'RO', 'S', 'QN', 'J', 'CO', 'IS', 'KF']
['FV', 'JZ', 'IW', 'HR', 'HO', 'EA', 'CB', 'E', 'IZ', 'QO']
['QZ', 'SI', 'OZ', 'EE', 'SX', 'MP', 'LF', 'KN', 'RS', 'QD']
['IV', 'PA', 'LB', 'JV', 'OW', 'QP', 'SA', 'BP', 'QL', 'IM']
['FN', 'GK', 'QE', 'OM', 'MR', 'HD', 'CG', 'W', 'TE', 'M']
['HN', 'JX', 'RY', 'DH', 'QC', 'FX', 'L', 'CS', 'DN', 'TD']
['RX', 'JR', 'R', 'DL', 'GZ', 'BU', 'LL', 'EK', 'KS', 'QU']
['DA', 'KC', 'PO', 'CK', 'HU', 'SB', 'FA', 'RD', 'TC', 'SY']
[]
[]
[]
[]
[]
[]
[]
[]
[]
[]
[]
[]
[]
[]
[]
[]
[]
[]
[]
[]
[]
[]
[]
[]
[]
[]
[]
[]
[]
[]
[]
[]
[]
[]
[]
[]
[]
[]
[]
[]
[]
[]
[]
[]
[]
[]
[]
[]
[]
[]
