['Harry', 'Tammy', 'Delia', 'Wanda', 'Rory', 'Norma', 'Houston']
['Carroll', 'Scotty', 'Larry', 'Isaac', 'Dawn', 'Tracy', 'Doris']
['Esther', 'Shaun', 'Arturo', 'Tommy', 'Erica', 'Jason', 'Kim']
['Dorothy', 'Mona', 'Kelli', 'Hilton', 'Brittany', 'Joe', 'Irene']
['Mitchell', 'Latonya', 'Dwayne', 'Cheryl', 'Alonzo', 'Pat', 'Ladonna']
['Loretta', 'Bonita', 'Andre', 'Walter', 'Kenneth', 'Regina', 'Pamela']
['Chelsea', 'Anthony', 'Kathryne', 'Rocio', 'Austin', 'Melanie', 'Krista']
['Henry', 'Minnie', 'Bernard', 'Damian', 'Lorenzo', 'Clifford', 'Christiana']
['Tanya', 'Maureen', 'Salvatore', 'Josephine', 'Marta', 'Daniel', 'Dennis']
['Charles', 'Patsy', 'Johnny', 'Cheri', 'Zachary', 'Mary', 'Fredrick']
['Dolores', 'Jayne', 'Alan', 'Matilda', 'Ernest', 'Wilbur', 'Ada']
['Tonya', 'Horace', 'Lottie', 'Cindy', 'Desiree', 'Michelle', 'Marion']
['Lakesha', 'Jami', 'Ethel', 'Benjamin', 'Claire', 'Katrina', 'Mildred']
['Lowell', 'Amanda', 'Joan', 'Tabatha', 'Jeremy', 'Raquel', 'Alvin']
['Carlton', 'Blanche', 'Katie', 'Shane', 'Kyle', 'Bernadette', 'Hugo']
['Billie', 'Emerson', 'Kathryn', 'Mario', 'Stanley', 'Anita', 'Gilbert']
['Nathaniel', 'Ruthie', 'Edward', 'Heather', 'Roberta', 'Carl', 'Victor']
['David', 'Mamie', 'Cesar', 'Albert', 'Joy', 'Milton', 'Dena']
['Marge', 'Louise', 'Emilee', 'Pauline', 'Alex', 'Annie', 'Tiara']
['Lillie', 'Jodi', 'Ella', 'Pearl', 'Melvin', 'Shelly', 'Jewel']
['Earl', 'Argentina', 'Margaret', 'Martha', 'Christine', 'Clara', 'Michael']
['Derrick', 'Stacy', 'James', 'Antonietta', 'Kristina', 'Judith', 'Ashley']
['Randall', 'Craig', 'Megan', 'Josie', 'William', 'Diane', 'Matt']
['Guadalupe', 'Peggy', 'Antoinette', 'Lydia', 'Roy', 'Cedric', 'Brett']
['Jessie', 'Julius', 'Mae', 'Vicente', 'Kimberly', 'Harriett', 'Elizabeth']
['Antonio', 'Leigh', 'Kurt', 'Cyndy', 'Hillary', 'Carol', 'Jewell']
['Patricia', 'Bernie', 'Charlotte', 'Roberto', 'Harriet', 'Rick', 'Ronald']
['Debbie', 'Melony', 'Leola', 'Paula', 'Alice', 'Marla', 'Allen']
['Fred', 'Teresa', 'Rachel', 'Corinne', 'Susan', 'Samuel', 'Debra']
['Carrie', 'Darryl', 'Ralph', 'Louis', 'Hector', 'Timothy', 'Vickie']
['Lucia', 'Emily', 'Oscar', 'Catherine', 'Joseph', 'Jane', 'Grace']
['Janice', 'Maryann', 'Vera', 'Beatriz', 'Weldon', 'Virgie', 'Gladys']
['Tim', 'Lauren', 'Esperanza', 'Joel', 'Mavis', 'Maria', 'Carole']
['Thelma', 'Sarah', 'Paul', 'Merle', 'Sandra', 'Eric', 'Myra']
['Octavia', 'Jasmine', 'Colin', 'Frances', 'Jacqueline', 'Tom', 'Mireya']
['Lena', 'Mei', 'Johnnie', 'Gregory', 'Phyllis', 'Elvera', 'Nellie']
['Doretha', 'Raymond', 'Janet', 'Deandre', 'Porfirio', 'Kenny', 'Julia']
['Heidi', 'Vicky', 'Jerome', 'Shirley', 'Lela', 'Quentin', 'Rhonda']
['Cathleen', 'Peter', 'Linda', 'Kathleen', 'Arline', 'Sheila', 'Patrick']
['Mari', 'George', 'Beverly', 'Evan', 'Tommie', 'Kelvin', 'Lucille']
['John', 'Jammie', 'Gerald', 'Terry', 'Sam', 'Geraldine', 'Hildegard']
['Carlos', 'Toni', 'Lorena', 'Rafael', 'Devon', 'Gordon', 'Abdul']
['Marjorie', 'Robert', 'Mark', 'Marybeth', 'Deborah', 'Steven', 'Wilfredo']
['Stephen', 'Cameron', 'Hazel', 'Colleen', 'Ted', 'Evelyn', 'Marie']
['Ericka', 'Frank', 'Gene', 'Cara', 'Fay', 'Clyde', 'Shante']
['Edwin', 'Dewayne', 'Justine', 'Adam', 'Cynthia', 'Brandon', 'Levi']
['Brenda', 'Laurie', 'Justin', 'Patrice', 'Bessie', 'Sara', 'Jonathon']
['Philip', 'Lisa', 'Kelly', 'Lidia', 'Donna', 'Warren', 'Fletcher']
['Ray', 'Darrin', 'Rueben', 'Brian', 'Christopher', 'Barbara', 'Alberta']
['Carla', 'Rena', 'Christian', 'Juan', 'Kristine', 'Karen', 'Matthew']
['Laura', 'Claudia', 'Phillip', 'Marcus', 'Angel', 'Gary', 'Noma']
['Rebecca', 'Shawn', 'Leo', 'Beatrice', 'Martin', 'Dan', 'Jonathan']
['Chris', 'Curtis', 'Helen', 'Erma', 'Trenton', 'Kay', 'Byron']
['Reggie', 'Joshua', 'Kristen', 'Johnathan', 'Dottie', 'Sally', 'Vance']
['Roger', 'Olive', 'Maybell', 'Eduardo', 'Bruce', 'Donald', 'Isabelle']
['Sheldon', 'Esta', 'Victoria', 'Russel', 'Wade', 'Lucy', 'Stephanie']
['Betty', 'Anna', 'Erik', 'Jim', 'Lester', 'Steve', 'Lexie']
['Danielle', 'Carmen', 'Harold', 'Lori', 'Melissa', 'Tomas', 'Lizzie']
['Jessica', 'Sharon', 'Joyce', 'Gale', 'Gail', 'Samantha', 'Felipe']
['Daphne', 'Adrian', 'Randy', 'Arthur', 'Carina', 'Keith', 'Monica']
['Gerard', 'Bernice', 'Renee', 'Barbra', 'Carolyn', 'Maxine', 'Molly']
['Shawna', 'Jennifer', 'Iris', 'Jeanette', 'Luis', 'Lacey', 'Nicholas']
['Robin', 'Lawrence', 'Jeffrey', 'Eva', 'Eunice', 'Newton', 'Nancy']
['Ruth', 'Theresa', 'Douglas', 'Jeffery', 'Todd', 'Jean', 'Ricardo']
['Rod', 'Ivan', 'Bobby', 'Barry', 'Aileen', 'Katherine', 'Jerry']
['Anne', 'Casandra', 'Jeff', 'Sulema', 'Crystal', 'Lorene', 'Vanessa']
['Andrea', 'Chester', 'Brooks', 'Gloria', 'Cleo', 'Virginia', 'Frida']
['Sheryl', 'Richard', 'Thomas', 'Manuel', 'Aron', 'Julie', 'Miriam']
[]
[]
[]
[]
[]
[]
[]
[]
[]
[]
[]
[]
[]
[]
[]
[]
[]
[]
[]
[]
[]
[]
[]
[]
[]
[]
[]
[]
[]
[]
[]
[]
[]
[]
[]
[]
[]
[]
[]
[]
[]
[]
[]
[]
[]
[]
[]
[]
[]
[]
[]
[]
[]
[]
[]
[]
