['Orsa', 'Rowena', 'Alexandrina', 'Cheslie', 'Moyna', 'Drusy', 'Gaby', 'Paulina', 'Brigitte', 'Livy', 'Kittie', 'Emelda', 'Roslyn', 'Lesly', 'Austina']
['Joelly', 'Marcie', 'Stesha', 'Carroll', 'Estella', 'Tiphanie', 'Inga', 'Winifred', 'Estele', 'Karie', 'Row', 'Charita', 'Yovonnda', 'Ruperta', 'Daphene']
['Shirl', 'Sandie', 'Kara', 'Doris', 'Dena', 'Dorine', 'Carri', 'Clarissa', 'Beatrice', 'Mair', 'Rhodia', 'Morena', 'Kathleen', 'Cristen', 'Corinne']
['Rivkah', 'Doroteya', 'Willi', 'Avivah', 'Clemence', 'Kathy', 'Agnese', 'Carla', 'Tiffany', 'Sherrie', 'Andie', 'Shanie', 'Cherilynn', 'Claudie', 'Amalee']
['Sileas', 'Adriane', 'Harriet', 'Kiele', 'Jaynell', 'Agneta', 'Vanni', 'Hedwiga', 'Dee', 'Alia', 'Leda', 'Marijo', 'Idalina', 'Ranice', 'Charmine']
['Erminia', 'Dotti', 'Missy', 'Anabelle', 'Fania', 'Patty', 'Marlie', 'Helyn', 'Quintana', 'Veradis', 'Gale', 'Jesse', 'Vicky', 'Neile', 'Camala']
['Eve', 'Kaitlynn', 'Yetta', 'Vonni', 'Monique', 'Rosene', 'Eran', 'Bridgette', 'Rhody', 'Casi', 'Teddi', 'Nicoli', 'Oralee', 'Malva', 'Shoshana']
['Nanon', 'Gae', 'Katti', 'Jorrie', 'Caryn', 'Xylina', 'Gavra', 'Chelsy', 'Anabel', 'Faythe', 'Paige', 'Cristabel', 'Mirna', 'Lorie', 'Meggi']
['Lira', 'Selinda', 'Birgitta', 'Sonni', 'Laverne', 'Erica', 'Elvera', 'Jacqui', 'Stormi', 'Netty', 'Terese', 'Anastassia', 'Risa', 'Noreen', 'Addi']
['Idelle', 'Frankie', 'Silva', 'Marlena', 'Ansley', 'Tani', 'Georgiana', 'Clemmie', 'Opal', 'Gerry', 'Babara', 'Joanna', 'Ramonda', 'Diane', 'Tanitansy']
['Sadye', 'Rosana', 'Danni', 'Fernande', 'Nedda', 'Roxane', 'Ulrike', 'Athena', 'Hortense', 'Kathryn', 'Agnes', 'Kania', 'Rosamond', 'Tamara', 'Colline']
['Jen', 'Marcella', 'Kaitlin', 'Fawnia', 'Mechelle', 'Mei', 'Annice', 'Briny', 'Yolanda', 'Dita', 'Georgeanne', 'Jessamyn', 'Gabbie', 'Debora', 'Eulalie']
['Tarra', 'Sada', 'Lorena', 'Peg', 'Flory', 'Sula', 'Marris', 'Agatha', 'Lynnet', 'Janice', 'Jolie', 'Brear', 'Brittan', 'Latisha', 'Sofie']
['Tiffy', 'Lydie', 'Ingunna', 'Cassondra', 'Diahann', 'Nancie', 'Lani', 'Gwennie', 'Korney', 'Aviva', 'Allene', 'Oliy', 'Adiana', 'Vinni', 'Sheila']
['Randie', 'Fran', 'Britney', 'Della', 'Bertie', 'Angelica', 'Stefa', 'Johanna', 'Natalya', 'Serena', 'Brook', 'Zulema', 'Rita', 'Reggi', 'Mariellen']
['Nicki', 'Nissie', 'Leanora', 'Josepha', 'Cristionna', 'Tim', 'Dominica', 'Madelena', 'Melinde', 'Lorain', 'Starlin', 'Cindie', 'Tamra', 'Belle', 'Matilde']
['Cassandra', 'Pammy', 'Melloney', 'Conchita', 'Julie', 'Marisa', 'Brunhilda', 'Gianina', 'Jemie', 'Yoshi', 'Antonietta', 'Nelie', 'Kellie', 'Catha', 'Millisent']
['Myrtle', 'Fredericka', 'Andromache', 'Arlee', 'Tallie', 'Lotte', 'Valli', 'Stephannie', 'Desiri', 'Krissy', 'Sile', 'Else', 'Maxie', 'Lulu', 'Bekki']
['Edith', 'Dyane', 'Kala', 'Allie', 'Marabel', 'Anabal', 'Noell', 'Kellsie', 'Demetria', 'Eolanda', 'Bonita', 'Corly', 'Bernice', 'Mufinella', 'Lyda']
['Zenia', 'Mella', 'Alyson', 'Britteny', 'Delly', 'Martina', 'Euphemia', 'Thia', 'Maddalena', 'Haley', 'Cathryn', 'Anette', 'Collete', 'Ronnica', 'Lisette']
