['Jarno1', 'Oretta5', 'Ludovico2', 'Arduino8', 'Lidia4', 'Odone4', 'Ubaldo1', 'Sabatino1', 'Karim8', 'Odino6', 'Albino1', 'Eustachio2', 'Valdo2', 'Sue2', 'Elio8', 'Giobbe6', 'Concetta9', 'Cleros2', 'Mecren5', 'Fiorentino3']
['Pablo7', 'Laura1', 'Benedetta4', 'Fabiano3', 'Italo5', 'Demis2', 'Jole3', 'Michael4', 'Ian2', 'Silvano4', 'Guido1', 'Prisca2', 'Eustachio1', 'Filomena4', 'Isabel6', 'Cleopatra8', 'Osvaldo5', 'Miriam8', 'Leonardo1', 'Mattia1']
['Giulietta7', 'Max1', 'Cira7', 'Siro8', 'Marina6', 'Enrico1', 'Liborio4', 'Loretta1', 'Alberto5', 'Osea1', 'Brigitta8', 'Adriano0', 'Ercole9', 'Cosetta2', 'Xavier5', 'Teseo4', 'Cassiopea8', 'Bortolo9', 'Rosalino0', 'Maggiore3']
['Carmela6', 'Mietta2', 'Osea9', 'Cesidia8', 'Danuta0', 'Fabio8', 'Deborah2', 'Fatima9', 'Clodovea1', 'Anastasio3', 'Rebecca2', 'Anastasio7', 'Ermes9', 'Battista3', 'Concetta1', 'Ercole1', 'Elda4', 'Diamante6', 'Celeste3', 'Ione9']
['Caio6', 'Thea4', 'Giordano5', 'Enzo3', 'Costanzo6', 'Noel4', 'Tommaso8', 'Cleros6', 'Gianantonio5', 'Gianantonio3', 'Fiorenzo8', 'Sebastian2', 'Alessandro3', 'Manfredi5', 'Umberto0', 'Luce0', 'Mariagiulia3', 'Damiana2', 'Giovanna5', 'Genziana8']
['Tolomeo6', 'Valdo9', 'Pietro1', 'Furio5', 'Armando5', 'Amedeo5', 'Terzo7', 'Luce6', 'Ferdinando0', 'Mauro7', 'Mietta0', 'Priamo0', 'Marieva8', 'Pablo9', 'Kayla9', 'Loredana6', 'Rita6', 'Pacifico0', 'Gerlando9', 'Eusebio3']
['Tristano5', 'Donatella7', 'Lauro3', 'Miriana9', 'Miriana4', 'Joshua0', 'Patrizio4', 'Armando8', 'Rosita1', 'Ermes4', 'Ariel9', 'Cleopatra5', 'Davide1', 'Rosaria8', 'Domiziano7', 'Siro3', 'Odone9', 'Mattia9', 'Anselmo8', 'Filomena3']
['Jari2', 'Piersilvio3', 'Vera2', 'Marianita8', 'Emidio9', 'Amedeo6', 'Quarto3', 'Kai5', 'Caligola0', 'Odone8', 'Matilde9', 'Vania2', 'Kris3', 'Marzio4', 'Michael9', 'Pacifico5', 'Renzo5', 'Costantino7', 'Oretta9', 'Mariagiulia0']
['Odino9', 'Maika9', 'Fabiano1', 'Primo1', 'Edilio6', 'Arcibaldo8', 'Romeo4', 'Giorgio6', 'Umberto9', 'Sibilla4', 'Carlo1', 'Nestore8', 'Loris4', 'Thea5', 'Mirko6', 'Sasha7', 'Orfeo9', 'Marcella3', 'Osea0', 'Gelsomina6']
['Penelope5', 'Cleros4', 'Claudia1', 'Ercole8', 'Gregorio2', 'Oreste0', 'Elsa1', 'Giulio2', 'Sirio1', 'Miriam7', 'Marina7', 'Maruska3', 'Carmela3', 'Folco8', 'Marcella0', 'Celeste4', 'Sandro2', 'Walter7', 'Mecren9', 'Gaetano5']
['Timoteo5', 'Renato5', 'Mattia6', 'Rosalino2', 'Tristano8', 'Penelope7', 'Evangelista9', 'Sesto8', 'Olimpia3', 'Lauro5', 'Giorgio2', 'Folco4', 'Noah0', 'Orfeo5', 'Sesto2', 'Muzio8', 'Joshua3', 'Kris2', 'Siro0', 'Ercole2']
['Carmelo4', 'Enzo7', 'Benedetta5', 'Tazio7', 'Walter1', 'Matteo9', 'Joseph7', 'Vania3', 'Orfeo4', 'Nestore5', 'Isabel1', 'Serse1', 'Mariagiulia4', 'Eliziario6', 'Lisa0', 'Laerte0', 'Secondo0', 'Ruth1', 'Flaviana6', 'Augusto8']
['Quasimodo0', 'Jacopo4', 'Bettino1', 'Irene7', 'Costanzo4', 'Mirko4', 'Davide8', 'Concetta5', 'Erminio4', 'Luigi7', 'Edilio2', 'Orfeo1', 'Ethan3', 'Eusebio6', 'Soriana6', 'Giorgio3', 'Benedetta1', 'Erminio9', 'Anselmo3', 'Alessio7']
['Ubaldo2', 'Demi6', 'Timoteo4', 'Xavier7', 'Fabio9', 'Ulrico6', 'Dante5', 'Assia0', 'Erminia5', 'Liborio8', 'Leonardo0', 'Radames4', 'Karim1', 'Edipo4', 'Lazzaro2', 'Trevis8', 'Fatima2', 'Marcella4', 'Iacopo1', 'Jari0']
['Santo3', 'Folco0', 'Eriberto7', 'Raoul7', 'Jacopo3', 'Egisto1', 'Marzio6', 'Nathan9', 'Luigi4', 'Marianita5', 'Erminia2', 'Enzo0', 'Elsa0', 'Ettore0', 'Lidia0', 'Elga3', 'Audenico0', 'Gianriccardo2', 'Joannes5', 'Fatima0']
['Mietta1', 'Lamberto6', 'Adriano1', 'Quirino1', 'Siro2', 'Nicoletta3', 'Gregorio7', 'Jack2', 'Bortolo5', 'Primo3', 'Nathan3', 'Ivano3', 'Aroldo4', 'Joseph3', 'Nayade9', 'Akira3', 'Fortunata6', 'Ethan7', 'Bibiana4', 'Marvin0']
['Orfeo7', 'Ursula5', 'Marieva7', 'Gilda5', 'Amerigo5', 'Claudia6', 'Cassiopea9', 'Fortunata0', 'Gianriccardo3', 'Kayla3', 'Nico6', 'Fiorenzo7', 'Folco3', 'Emanuel7', 'Caio2', 'Rosolino0', 'Cleros7', 'Eriberto1', 'Mariagiulia9', 'Gavino8']
['Radames1', 'Cleopatra7', 'Demis1', 'Elio3', 'Gianmaria7', 'Guendalina3', 'Laerte9', 'Nico1', 'Marina4', 'Sarita7', 'Sebastian4', 'Zelida4', 'Violante6', 'Loredana0', 'Tancredi4', 'Antonino6', 'Deborah9', 'Antonio9', 'Lia2', 'Bibiana6']
['Nabil5', 'Marino4', 'Demi9', 'Brigitta5', 'Assia4', 'Gilda2', 'Rosalba1', 'Arduino5', 'Raniero0', 'Secondo5', 'Cassiopea3', 'Gianleonardo6', 'Ilario9', 'Walter3', 'Sesto4', 'Timoteo9', 'Amedeo1', 'Giacobbe7', 'Umberto6', 'Loretta4']
['Fiorenzo1', 'Renzo6', 'Fernando8', 'Italo9', 'Santo9', 'Gioacchino6', 'Trevis2', 'Nestore7', 'Miriana7', 'Trevis3', 'Enzo6', 'Elda2', 'Ian0', 'Iacopo2', 'Ausonio0', 'Eriberto9', 'Sarita4', 'Clodovea2', 'Marzio5', 'Siro9']
['Avide3', 'Laerte5', 'Marzio7', 'Radames7', 'Diamante4', 'Rosalba8', 'Michele7', 'Gioacchino7', 'Samira6', 'Ethan9', 'Tancredi6', 'Folco6', 'Laura9', 'Baldassarre3', 'Sirio6', 'Lino4', 'Jelena1', 'Erminia8', 'Mariano0', 'Antimo9']
['Monia6', 'Hector0', 'Gianantonio6', 'Anselmo9', 'Leonardo7', 'Nestore4', 'Moreno5', 'Alighiero7', 'Piersilvio0', 'Maggiore2', 'Nathan2', 'Priamo8', 'Doriana2', 'Sabino2', 'Noah6', 'Rebecca5', 'Cirino1', 'Emanuel3', 'Rodolfo9', 'Marianita7']
['Nestore6', 'Nazzareno0', 'Danthon5', 'Ercole4', 'Dylan9', 'Marino8', 'Giacinto6', 'Guido6', 'Cleopatra1', 'Lidia6', 'Alan9', 'Rufo5', 'Samira4', 'Cira8', 'Emanuel1', 'Monia8', 'Dante0', 'Bettino8', 'Edilio5', 'Prisca3']
['Amerigo1', 'Modesto4', 'Graziano0', 'Artes8', 'Gaetano4', 'Edipo5', 'Romeo2', 'Rocco9', 'Sue0', 'Ferdinando6', 'Alighieri1', 'Damiana9', 'Demis3', 'Lorenzo9', 'Maika6', 'Giancarlo3', 'Alessio3', 'Zaccaria2', 'Armando0', 'Vinicio8']
['Giovanna3', 'Tancredi5', 'Ileana5', 'Cleros5', 'Sasha9', 'Davide5', 'Deborah4', 'Pierfrancesco0', 'Rebecca6', 'Marianita1', 'Primo9', 'Nestore3', 'Ludovico9', 'Tolomeo0', 'Azue3', 'Gianmarco5', 'Elga8', 'Arturo8', 'Caligola7', 'Tazio1']
