['Elinor', 'Thomasina', 'Carlye', 'Janette', 'Reta', 'Jeannine', 'Alyce', 'Ivie', 'Oliy', 'Zita', 'Licha', 'Jeannie', 'Mariette', 'Garland', 'Brigid', 'Kata', 'Eadie', 'Gerianna', 'Lorraine']
['Katleen', 'Anjanette', 'Jada', 'Pandora', 'Devinne', 'Avivah', 'Idalina', 'Ondrea', 'Brandise', 'Sara', 'Coral', 'Stepha', 'Tersina', 'Serena', 'Hyacinth', 'Bria', 'Analise', 'Herminia', 'Mareah']
['Rasla', 'Rosina', 'Madonna', 'Valentine', 'Maddalena', 'Thalia', 'Lois', 'Deeann', 'Jess', 'Reeva', 'Evvy', 'Drucill', 'Lila', 'Amabel', 'Leilah', 'Jeniffer', 'Neilla', 'Raine', 'Libbi']
['Magdaia', 'Giralda', 'Valerie', 'Shayne', 'Denyse', 'Tessy', 'Shelia', 'Emilee', 'Cynde', 'Prudi', 'AnnaDiana', 'Bobbie', 'Riannon', 'Megan', 'Zoe', 'Pia', 'Debbie', 'Bell', 'Jenna']
['Lynnett', 'Christabel', 'Marylou', 'Blake', 'Rachel', 'Starr', 'Bonnee', 'Jasmin', 'Sheena', 'Heidie', 'Gigi', 'Jeannette', 'Veronike', 'Arliene', 'Tatiana', 'Goldina', 'Andree', 'Betteanne', 'Shay']
['Kalindi', 'SheilaKathryn', 'Charis', 'Cate', 'Clari', 'Tybi', 'Brynna', 'Lia', 'Randene', 'Anya', 'Delila', 'Philomena', 'Ardenia', 'Pavla', 'Kinna', 'Rebbecca', 'Loria', 'Lori', 'Tressa']
['Chelsea', 'Nelia', 'Evangeline', 'Saundra', 'Tanya', 'Milena', 'Meggy', 'Bibbie', 'Lita', 'Vilma', 'Roseann', 'Susi', 'Lisabeth', 'Jolie', 'HelenElizabeth', 'Cammie', 'Karlotta', 'Anthe', 'Christina']
['Maryl', 'Fayth', 'Inna', 'Lillis', 'Tova', 'AnnaDiane', 'Gayle', 'Elisabet', 'Patti', 'Goldi', 'Madelin', 'Toni', 'Biddie', 'Mariejeanne', 'Moyra', 'Emelina', 'Vi', 'Geri', 'Emmy']
['Edeline', 'Di', 'Edi', 'Giselle', 'Lorrin', 'Ginger', 'Jaclyn', 'Stefa', 'Shelby', 'Suellen', 'Melodie', 'Brandie', 'Sheree', 'Elayne', 'Tiffani', 'Erinna', 'Genni', 'Barbe', 'Caryn']
['Cristina', 'Henriette', 'Paulette', 'Wilow', 'Gaynor', 'Lacey', 'Siusan', 'Jaime', 'Dana', 'Sherline', 'Koressa', 'Terra', 'Ethelind', 'Misti', 'Imogen', 'Reggi', 'Patience', 'Maryjo', 'Eddi']
['Heather', 'Kay', 'Ray', 'Frankie', 'Vickie', 'Joly', 'Harrie', 'Jennica', 'Gabriell', 'Alvina', 'Marcia', 'Minnnie', 'Nora', 'Darcee', 'Freda', 'Gerrilee', 'Robena', 'Jessika', 'Ardine']
['Joycelin', 'Callie', 'Lettie', 'Carree', 'Nerta', 'Fayina', 'Laverne', 'Jacquenette', 'Danell', 'Uta', 'Kania', 'Joleen', 'Nevsa', 'Marla', 'Madelyn', 'Cayla', 'Idell', 'Lyn', 'Silva']
['Kristin', 'Jane', 'Sophie', 'Geralda', 'Cordie', 'Kassia', 'Laraine', 'Feliza', 'Ula', 'Lina', 'Billy', 'Therine', 'Marley', 'Lanni', 'Sharron', 'Livia', 'Nadine', 'Phedra', 'Tamarah']
['Shayna', 'Chris', 'Eve', 'Dianna', 'Kaylyn', 'Sue', 'Fredelia', 'Leora', 'Laverna', 'Neila', 'Mehetabel', 'Genna', 'Costanza', 'Winifred', 'Lorinda', 'Shelli', 'Constantina', 'Rosene', 'Sephira']
['Coretta', 'Faith', 'Kacey', 'Tammy', 'Tamarra', 'Marice', 'Carmelia', 'Willabella', 'Kora', 'Claudina', 'Karol', 'Henrietta', 'Natala', 'Brynne', 'Dulcea', 'Corinna', 'Kettie', 'Joannes', 'Hatty']
['Ashli', 'Kylen', 'Nicoli', 'Laureen', 'Wendeline', 'Jobina', 'Carline', 'Dayle', 'Verina', 'Renae', 'Liz', 'Cordy', 'Erma', 'Kippy', 'Tresa', 'Paulina', 'Penny', 'Trude', 'Hendrika']
['Daisi', 'Esmaria', 'Melva', 'Noelyn', 'Lilla', 'Jeralee', 'Wilone', 'Isabelle', 'Linette', 'Jodi', 'Shani', 'Rosalinde', 'Laurice', 'Lavinia', 'Laura', 'Annalee', 'Mina', 'Sharla', 'Jsandye']
['Renelle', 'Jessamyn', 'Amitie', 'Kial', 'Tilda', 'Grazia', 'Marigold', 'Matilda', 'Allsun', 'Aubrette', 'Essa', 'Corella', 'Flori', 'Toma', 'Annie', 'Deny', 'Rozanna', 'Una', 'Ealasaid']
['Natalina', 'Zorana', 'Cecelia', 'Johnette', 'Nomi', 'Constantia', 'Catina', 'Sallyanne', 'Dulcie', 'Clemmie', 'Keri', 'Pansie', 'Cory', 'Vallie', 'Harriett', 'Vanessa', 'Lorna', 'Lona', 'Kellen']
['Cinnamon', 'Lisbeth', 'Raye', 'Miquela', 'Midge', 'Courtnay', 'Ashlen', 'Vin', 'Christin', 'Marjie', 'Ashely', 'Leona', 'Cherry', 'Lindsy', 'Emmalynne', 'Sibylle', 'Eula', 'Andriette', 'Sofia']
['Corey', 'Susana', 'Karisa', 'Gwenette', 'Gussy', 'Natka', 'Dolores', 'Merline', 'Meris', 'Trista', 'Pierrette', 'Crystie', 'Donella', 'Phil', 'Pippy', 'Martguerita', 'Phillis', 'Nerissa', 'Janey']
['Yalonda', 'Barbaraanne', 'Katalin', 'Shaina', 'Kerstin', 'Dulcia', 'Tobi', 'Merrielle', 'Camille', 'Sheeree', 'Mable', 'Tanhya', 'Katha', 'Lorena', 'Honey', 'Kathlin', 'Pollyanna', 'Nolana', 'Marlyn']
['Siobhan', 'Kelcey', 'Almeda', 'Kiersten', 'Sayre', 'Arleyne', 'Vivia', 'Libby', 'Helenka', 'Erna', 'Viva', 'Jorey', 'Vonny', 'Bessy', 'Brenn', 'Clemmy', 'Ellie', 'Debby', 'Gwendolen']
['Mia', 'Fawne', 'Rosalind', 'Paula', 'Romonda', 'Ortensia', 'Myrilla', 'Chrystel', 'Raven', 'Camilla', 'Sheilah', 'Lauretta', 'Madalena']
[]
