['Lucio', 'Barry', 'Mable', 'Della', 'Devin', 'Terry', 'Zelma', 'Jayne', 'Julia', 'Maura', 'Naomi', 'Jaime', 'Candy', 'Ellen', 'Becky', 'Jonah', 'Adele', 'Steve', 'Ernie', 'Myron', 'Issac', 'Allan', 'Emery', 'Nelda', 'Sadie', 'David', 'Janet', 'Tracy', 'Lydia', 'Mitzi', 'Ollie', 'Doris', 'Vicky', 'Bryan', 'Josef', 'Tommy', 'Britt', 'Roger', 'Marla', 'Ervin', 'Mikel', 'Karin', 'Aline', 'Felix', 'Moses', 'Josie', 'Erika', 'Cindy', 'Trent', 'Donny']
['Elmer', 'Quinn', 'Leona', 'Margo', 'Dixie', 'Lorie', 'Greta', 'Marcy', 'Kayla', 'Malik', 'Cesar', 'Melba', 'Irvin', 'Viola', 'Casey', 'Wally', 'Carly', 'Laura', 'Staci', 'Lauri', 'Ebony', 'Bruno', 'Cyrus', 'Bobbi', 'Ahmad', 'Chang', 'Claud', 'Holly', 'Marty', 'Basil', 'Alvin', 'Perry', 'Wyatt', 'Chris', 'Gayle', 'Daisy', 'Bryon', 'Avery', 'Carla', 'Jamar', 'James', 'Vilma', 'Nikki', 'Essie', 'Elsie', 'Hazel', 'Clark', 'Rhett', 'Paige', 'Lyman']
['Wendi', 'Tasha', 'Darin', 'Helga', 'Dario', 'Edwin', 'Renee', 'Joyce', 'Maria', 'Ilene', 'Buddy', 'Leroy', 'Queen', 'Elias', 'Ariel', 'Wilma', 'Louis', 'Freda', 'Odell', 'Chase', 'Danny', 'Brent', 'Amado', 'Aaron', 'Rhoda', 'Sheri', 'Maude', 'Jared', 'Chong', 'Kevin', 'Brian', 'Marci', 'Davis', 'Mandy', 'Clyde', 'Bryce', 'Patti', 'Ronny', 'Tessa', 'Brady', 'Jamel', 'Bette', 'Peter', 'Lorna', 'Erick', 'Brock', 'Dusty', 'Hilda', 'Effie', 'Sandy']
['Roxie', 'Corey', 'Fidel', 'Kathy', 'Sonja', 'Arlen', 'Kirby', 'Erica', 'Katie', 'Monty', 'Teddy', 'Sally', 'Dwain', 'Annie', 'Fritz', 'Sammy', 'Rusty', 'Leila', 'Billy', 'Sybil', 'Willy', 'Wendy', 'Shaun', 'Shane', 'Linda', 'Dante', 'Mamie', 'Alton', 'Mason', 'Betsy', 'Elena', 'Audra', 'Mitch', 'Sonny', 'Tonia', 'Leann', 'Wanda', 'Orval', 'Craig', 'Homer', 'Clara', 'Robyn', 'Flora', 'Tyron', 'Hyman', 'Mario', 'Ruben', 'Tanya', 'Lacey', 'Janis']
['Joann', 'Major', 'Tammi', 'Daron', 'Randi', 'Julio', 'Lanny', 'Jacob', 'Garry', 'Elvia', 'Cliff', 'Robin', 'Nadia', 'Pedro', 'Kelly', 'Amber', 'Deann', 'Moshe', 'Donna', 'Debra', 'Rufus', 'Timmy', 'Randy', 'Grant', 'Olive', 'Terri', 'Misty', 'Karen', 'Merle', 'Alice', 'Berta', 'Percy', 'Clint', 'Verna', 'Adela', 'Roman', 'Pansy', 'April', 'Micah', 'Sofia', 'Emily', 'Pearl', 'Brant', 'Jason', 'Eddie', 'Elvin', 'Tonya', 'Nancy', 'Benny', 'Twila']
[]
[]
[]
[]
[]
[]
[]
[]
[]
[]
[]
[]
[]
[]
[]
