['Takia', 'Zykerria', 'Kaeley', 'Brydan', 'Dereck', 'Cliff', 'Jayme', 'Alayasia', 'Abaan', 'Camill', 'Rosalio', 'Adanna', 'Johnavan', 'Jarem', 'Carsten', 'Meryl', 'Evia', 'Halo', 'Marialy', 'Elisah', 'Ellarie', 'Kobe', 'Adaley', 'Kalum', 'Basha', 'Seleen', 'Seiry', 'Demetreus', 'Carena', 'Ori']
['Mylie', 'Khamil', 'Nishta', 'Caliegh', 'Chanze', 'Samauri', 'Bailei', 'Artie', 'Lazaria', 'Daxx', 'Aylana', 'Kitty', 'Jaaziah', 'Emree', 'Olive', 'Jamonte', 'Larrissa', 'Coraline', 'Shardae', 'Anela', 'Saheim', 'Kamora', 'Charlize', 'Chyna', 'Zolin', 'Ricky', 'Zaahir', 'Abdulrehman', 'Sincere', 'Mykaylah']
['Tafari', 'Taigen', 'Mumin', 'Cylah', 'Aarohi', 'Amor', 'Sussy', 'Atika', 'Sanae', 'Navia', 'Tahir', 'Sagan', 'Adriene', 'Aley', 'Dainen', 'Asha', 'Terriona', 'Mikyla', 'Nakeya', 'Avigail', 'Avielle', 'Khloee', 'Isaak', 'Lauralynn', 'Nancy', 'Jasahn', 'Jebediah', 'Guadalupe', 'Marcellius', 'Veena']
['Jandre', 'Emmely', 'Kyston', 'Markise', 'Tashvi', 'Aleiyah', 'Kenniyah', 'Dragon', 'Lilienne', 'Masud', 'Dessie', 'Sevren', 'Jasiya', 'Brenya', 'Aizik', 'Shakila', 'Jesus', 'Desteni', 'Tobias', 'Gertrude', 'Jamaine', 'Mezmariah', 'Michai', 'Dorcas', 'Jatziry', 'Fabrizzio', 'Braeley', 'Keyin', 'Giankarlo', 'Lizmari']
['Jophy', 'Bright', 'Rohil', 'Ancel', 'Bristol', 'Vedika', 'Jovey', 'Milene', 'Mylani', 'Lada', 'Eddieberto', 'Haya', 'Shanell', 'Gracia', 'Tayseer', 'Rexford', 'Oluwatobi', 'Lamariah', 'Zyeir', 'Yu', 'Alyze', 'Elway', 'Jakelin', 'Hannelore', 'Gunther', 'Nayara', 'Ilyn', 'Sihaam', 'Jahred', 'Vyncent']
['Taye', 'Marnae', 'Artyom', 'Zahriyah', 'Dusan', 'Sydelle', 'Jabes', 'Dhyan', 'Leilah', 'Yarisbel', 'Ettel', 'Shahid', 'Makyra', 'Aibhilin', 'Jerel', 'Zinia', 'Miley', 'Sayd', 'Yavian', 'Farah', 'Jarrell', 'Liann', 'Rielly', 'Adaisha', 'Rey', 'Kairy', 'Merlina', 'Jesalyn', 'Colie', 'Andriy']
['Doyle', 'Jeremias', 'Shiala', 'Timia', 'Jema', 'Lynia', 'Feven', 'Dea', 'Ahnaya', 'Davidjr', 'Litsy', 'Devaun', 'Merary', 'Amonti', 'Keni', 'Jaeline', 'Ganon', 'Leib', 'Thaddius', 'Kyo', 'Antwane', 'Sashya', 'Ingrid', 'Derionna', 'Kayliann', 'Jersi', 'Zoiee', 'Khalee', 'Yaire', 'Yarithza']
['Tobechi', 'Shanaiya', 'Jaleesa', 'Azeriah', 'Alison', 'Jaquan', 'Dairon', 'Hugo', 'Carine', 'Jalilah', 'Quentyn', 'Jezzelle', 'Eliziah', 'Adysen', 'Tam', 'Kaleo', 'Aman', 'Taegan', 'Thadius', 'Alyiana', 'Monserath', 'Yajahira', 'Donnovan', 'Juliano', 'Kensleigh', 'Daxen', 'Crystina', 'Keemya', 'Dell', 'Elysha']
['Salif', 'Natasia', 'Jahlen', 'Lailani', 'Nethra', 'Zuzanna', 'Casandra', 'Lukis', 'Tasi', 'Jaquis', 'Stafford', 'Tanyla', 'Yonason', 'Anagha', 'Gor', 'Mckaylin', 'Deriyon', 'Jamiyla', 'Zackrey', 'Eleah', 'Azzareya', 'Treyonna', 'Liat', 'Stefanny', 'Laticia', 'Jos', 'Deliany', 'Tralyn', 'Marik', 'Brinleigh']
['Quintavious', 'Amr', 'Jaydah', 'Delisha', 'Evangelyne', 'Zayquan', 'Sabastion', 'Tayyab', 'Katalina', 'Fidel', 'Dominika', 'Chidi', 'Dyami', 'Merissa', 'Kenzington', 'Jdan', 'Emilie', 'Raeleigh', 'Marifer', 'Spartan', 'Niemah', 'Siena', 'Byron', 'Salmaan', 'Deedra', 'Jirah', 'Jamear', 'Joed', 'Eeliyah', 'Kaira']
['Jeru', 'Britnee', 'Donnelle', 'Suri', 'Denize', 'Quintasia', 'Hakop', 'Amritha', 'Serenety', 'Coulson', 'Zamyah', 'Ayahna', 'Gyzelle', 'Mikelle', 'Jaimarie', 'Kaymarie', 'Trinitey', 'Danyca', 'Mykenna', 'Kenzo', 'Alainna', 'Marwan', 'Hashem', 'Antrone', 'Satomi', 'Inaki', 'Treyson', 'Loni', 'Vivica', 'Marrius']
['Leighann', 'Fox', 'Margie', 'Ramses', 'Noami', 'Kaeleen', 'Thien', 'Jamaad', 'Bailynn', 'Prakruti', 'Keyvin', 'Janine', 'Katarina', 'Vinnie', 'Bow', 'Tyannah', 'Raphael', 'Ishmel', 'Kaymi', 'Ryleeann', 'Soriya', 'Abdoulaziz', 'Nohely', 'Abriyana', 'Deidre', 'Marck', 'Blaine', 'Xaviel', 'Kellon', 'Ameerah']
['Jalyiah', 'Tacori', 'Shannel', 'Dhalia', 'Natsumi', 'Mikaelah', 'Emmanuela', 'Michaell', 'Shy', 'Shelbee', 'Iris', 'Adeleine', 'Jomary', 'Julia', 'Jacob', 'Marcellino', 'Tajuan', 'Shalonda', 'Handsome', 'Keili', 'Nidhi', 'Apollonia', 'Jailon', 'Kinzie', 'Sevastian', 'Nakari', 'Cynae', 'Shamaiya', 'Sheniyah', 'Jameisha']
['Gauge', 'Harlem', 'Jazir', 'Anwesha', 'Sameeha', 'Benito', 'Ailene', 'Aayana', 'Estephanie', 'Alaija', 'Serra', 'Giannie', 'Anadalay', 'Kariana', 'Sharlene', 'Kirubel', 'Charlett', 'Farha', 'Fe', 'Trenise', 'Kirrah', 'Rock', 'Lilyonna', 'Raymir', 'Nitzia', 'Larry', 'Keion', 'Anouk', 'Guy', 'Dashun']
['Kapena', 'Alieyah', 'Cicily', 'Jaleena', 'Maude', 'Mylez', 'Janesha', 'Delara', 'Jekeria', 'Vanesa', 'Citlally', 'Anastacio', 'Osmin', 'Detravion', 'Nakaya', 'Lakiyah', 'Jemiah', 'Kenzlie', 'Arsalan', 'Reynaldo', 'Kimball', 'Akasha', 'Kaushik', 'Orren', 'Dajana', 'Kameryn', 'Jerriah', 'Mikea', 'Venezia', 'Leni']
['Aysenur', 'Jax', 'Abdulraheem', 'Nalaya', 'Antonin', 'Soniah', 'Cordai', 'Montana', 'Trystian', 'Shamiyah', 'Coi', 'Hesham', 'Casondra', 'Oviya', 'Srinath', 'Analiah', 'Selena', 'Tralaya', 'Hallei', 'Abhinav', 'Renyah', 'Matt', 'Griffon', 'Mircale', 'Endi', 'Mailen', 'Kay', 'Cisco', 'Aryeh', 'Noha']
['Aanyah', 'Helaman', 'Shamyia', 'Lealand', 'Sinia', 'Kvaughn', 'Rayne', 'Hayven', 'Armita', 'Ally', 'Khila', 'Ron', 'Azavier', 'Gwendolynn', 'Ebany', 'Malaja', 'Asa', 'Kemily', 'Mariaelena', 'Cyris']
[]
[]
[]
[]
[]
[]
[]
[]
[]
[]
[]
[]
[]
[]
[]
[]
[]
[]
[]
[]
[]
[]
[]
[]
[]
[]
[]
[]
[]
[]
