['AAA', 'AAB', 'AAC', 'AAD', 'AAE', 'AAF', 'AAG', 'AAH', 'AAI', 'AAJ', 'AAK', 'AAL', 'AAM', 'AAN', 'AAO', 'AAP', 'AAQ', 'AAR']
['AAS', 'AAT', 'AAU', 'AAV', 'AAW', 'AAX', 'AAY', 'ABA', 'ABB', 'ABC', 'ABD', 'ABE', 'ABF', 'ABG', 'ABH', 'ABI', 'ABJ', 'ABK']
['ABL', 'ABM', 'ABN', 'ABO', 'ABP', 'ABQ', 'ABR', 'ABS', 'ABT', 'ABU', 'ABV', 'ABW', 'ABX', 'ABY', 'ACA', 'ACB', 'ACC', 'ACD']
['ACE', 'ACF', 'ACG', 'ACH', 'ACI', 'ACJ', 'ACK', 'ACL', 'ACM', 'ACN', 'ACO', 'ACP', 'ACQ', 'ACR', 'ACS', 'ACT', 'ACU', 'ACV']
['ACW', 'ACX', 'ACY', 'ADA', 'ADB', 'ADC', 'ADD', 'ADE', 'ADF', 'ADG', 'ADH', 'ADI', 'ADJ', 'ADK', 'ADL', 'ADM', 'ADN', 'ADO']
['ADP', 'ADQ', 'ADR', 'ADS', 'ADT', 'ADU', 'ADV', 'ADW', 'ADX', 'ADY', 'AEA', 'AEB', 'AEC', 'AED', 'AEE', 'AEF', 'AEG', 'AEH']
['AEI', 'AEJ', 'AEK', 'AEL', 'AEM', 'AEN', 'AEO', 'AEP', 'AEQ', 'AER', 'AES', 'AET', 'AEU', 'AEV', 'AEW', 'AEX', 'AEY', 'AFA']
['AFB', 'AFC', 'AFD', 'AFE', 'AFF', 'AFG', 'AFH', 'AFI', 'AFJ', 'AFK', 'AFL', 'AFM', 'AFN', 'AFO', 'AFP', 'AFQ', 'AFR', 'AFS']
['AFT', 'AFU', 'AFV', 'AFW', 'AFX', 'AFY', 'AGA', 'AGB', 'AGC', 'AGD', 'AGE', 'AGF', 'AGG', 'AGH', 'AGI', 'AGJ', 'AGK', 'AGL']
['AGM', 'AGN', 'AGO', 'AGP', 'AGQ', 'AGR', 'AGS', 'AGT', 'AGU', 'AGV', 'AGW', 'AGX', 'AGY', 'AHA', 'AHB', 'AHC', 'AHD', 'AHE']
['AHF', 'AHG', 'AHH', 'AHI', 'AHJ', 'AHK', 'AHL', 'AHM', 'AHN', 'AHO', 'AHP', 'AHQ', 'AHR', 'AHS', 'AHT', 'AHU', 'AHV', 'AHW']
['AHX', 'AHY', 'AIA', 'AIB', 'AIC', 'AID', 'AIE', 'AIF', 'AIG', 'AIH', 'AII', 'AIJ', 'AIK', 'AIL', 'AIM', 'AIN', 'AIO', 'AIP']
['AIQ', 'AIR', 'AIS', 'AIT', 'AIU', 'AIV', 'AIW', 'AIX', 'AIY', 'AJA', 'AJB', 'AJC', 'AJD', 'AJE', 'AJF', 'AJG', 'AJH', 'AJI']
['AJJ', 'AJK', 'AJL', 'AJM', 'AJN', 'AJO', 'AJP', 'AJQ', 'AJR', 'AJS', 'AJT', 'AJU', 'AJV', 'AJW', 'AJX', 'AJY', 'AKA', 'AKB']
['AKC', 'AKD', 'AKE', 'AKF', 'AKG', 'AKH', 'AKI', 'AKJ', 'AKK', 'AKL', 'AKM', 'AKN', 'AKO', 'AKP', 'AKQ', 'AKR', 'AKS', 'AKT']
['AKU', 'AKV', 'AKW', 'AKX', 'AKY', 'ALA', 'ALB', 'ALC', 'ALD', 'ALE', 'ALF', 'ALG', 'ALH', 'ALI', 'ALJ', 'ALK', 'ALL', 'ALM']
['ALN', 'ALO', 'ALP', 'ALQ', 'ALR', 'ALS', 'ALT', 'ALU', 'ALV', 'ALW', 'ALX', 'ALY', 'AMA', 'AMB', 'AMC', 'AMD', 'AME', 'AMF']
['AMG', 'AMH', 'AMI', 'AMJ', 'AMK', 'AML', 'AMM', 'AMN', 'AMO', 'AMP', 'AMQ', 'AMR', 'AMS', 'AMT', 'AMU', 'AMV', 'AMW', 'AMX']
['AMY', 'ANA', 'ANB', 'ANC', 'AND', 'ANE', 'ANF', 'ANG', 'ANH', 'ANI', 'ANJ', 'ANK', 'ANL', 'ANM', 'ANN', 'ANO', 'ANP', 'ANQ']
['ANR', 'ANS', 'ANT', 'ANU', 'ANV', 'ANW', 'ANX', 'ANY', 'AOA', 'AOB', 'AOC', 'AOD', 'AOE', 'AOF', 'AOG', 'AOH', 'AOI', 'AOJ']
['AOK', 'AOL', 'AOM', 'AON', 'AOO', 'AOP', 'AOQ', 'AOR', 'AOS', 'AOT', 'AOU', 'AOV', 'AOW', 'AOX', 'AOY', 'APA', 'APB', 'APC']
['APD', 'APE', 'APF', 'APG', 'APH', 'API', 'APJ', 'APK', 'APL', 'APM', 'APN', 'APO', 'APP', 'APQ', 'APR', 'APS', 'APT', 'APU']
['APV', 'APW', 'APX', 'APY', 'AQA', 'AQB', 'AQC', 'AQD', 'AQE', 'AQF', 'AQG', 'AQH', 'AQI', 'AQJ', 'AQK', 'AQL', 'AQM', 'AQN']
['AQO', 'AQP', 'AQQ', 'AQR', 'AQS', 'AQT', 'AQU', 'AQV', 'AQW', 'AQX', 'AQY', 'ARA', 'ARB', 'ARC', 'ARD', 'ARE', 'ARF', 'ARG']
['ARH', 'ARI', 'ARJ', 'ARK', 'ARL', 'ARM', 'ARN', 'ARO', 'ARP', 'ARQ', 'ARR', 'ARS', 'ART', 'ARU', 'ARV', 'ARW', 'ARX', 'ARY']
['ASA', 'ASB', 'ASC', 'ASD', 'ASE', 'ASF', 'ASG', 'ASH', 'ASI', 'ASJ', 'ASK', 'ASL', 'ASM', 'ASN', 'ASO', 'ASP', 'ASQ', 'ASR']
['ASS', 'AST', 'ASU', 'ASV', 'ASW', 'ASX', 'ASY', 'ATA', 'ATB', 'ATC', 'ATD', 'ATE', 'ATF', 'ATG', 'ATH', 'ATI', 'ATJ', 'ATK']
['ATL', 'ATM', 'ATN', 'ATO', 'ATP', 'ATQ', 'ATR', 'ATS', 'ATT', 'ATU', 'ATV', 'ATW', 'ATX', 'ATY']
[]
[]
[]
[]
[]
[]
[]
[]
[]
[]
[]
[]
