['Ryan', 'Juan', 'Nicole', 'Pauline', 'Michele', 'Roy', 'Thomas', 'Patricia', 'Pamella', 'Martha', 'Ronald', 'Joseph', 'Richard', 'Douglas', 'Evelyn', 'Rachel', 'Mark', 'Ray', 'Tim', 'Kelly', 'Debra', 'Myron', 'Mario', 'Charles', 'Mary', 'Tara', 'Dawn', 'Roberto', 'Rolf', 'Rosie', 'Kaitlyn', 'Karren', 'Pat', 'Kerri', 'Irving', 'Shirley', 'Alison', 'Kylie', 'Troy', 'Nola', 'Angela', 'Jesse', 'Kirk', 'Ann', 'Jose', 'Ida', 'Katherine', 'Martin', 'Alicia', 'Paul', 'William', 'Christian', 'Fernando', 'Michael', 'Gary', 'John', 'Gerald', 'Cathy', 'Mike', 'Adam', 'Steven', 'Miguel', 'Gregory', 'Stanley', 'Anna', 'Catherine', 'Bobby', 'Marilyn', 'Winifred', 'Mae', 'Melissa', 'Joe', 'Edwin', 'Warren', 'Marie', 'Karen', 'Edward', 'Bessie', 'Robyn', 'Bonnie', 'Norman', 'Eleanor', 'Jo', 'Mabel', 'Marlene', 'Dennis', 'Booker', 'Shannon', 'Beverly', 'Pete', 'Lorraine', 'Ernest', 'Cheryl', 'Leticia', 'Lane', 'Donna', 'Christine', 'Virginia', 'Loraine', 'David', 'Judith', 'Ruth', 'Susan', 'James', 'Albert', 'Cory', 'Lynne', 'Cindy', 'Stephanie', 'Ronda', 'Lena', 'Corey', 'Margaret', 'Brandon', 'Crystal', 'Tamika', 'Robert', 'Alvin', 'Connie', 'Morgan', 'Barbara', 'Helen', 'Mack', 'Marjorie', 'Olivia']
['Joni', 'Ruby', 'Jessica', 'Hugh', 'Kathleen', 'George', 'Glen', 'Eric', 'Teresa', 'Laurie', 'Vella', 'Lisha', 'Belinda', 'Harold', 'Donald', 'Mireya', 'Everett', 'Morris', 'Jeffrey', 'Christopher', 'Antonio', 'Carl', 'Kristine', 'Robin', 'Joann', 'Frank', 'Glenna', 'Walter', 'Victor', 'Brian', 'Carmen', 'Berta', 'Tracy', 'Ollie', 'Latisha', 'Bertha', 'Selina', 'Jennifer', 'Brenda', 'Marlin', 'Sylvia', 'Melanie', 'Clyde', 'Derrick', 'Margarito', 'Moses', 'Samuel', 'Heather', 'Gordon', 'Deanna', 'Sharon', 'Juanita', 'Wayne', 'Tony', 'Carol', 'Krysten', 'Elizabeth', 'Adele', 'Linda', 'Freda', 'Emily', 'Raul', 'Reginald', 'Annette', 'Leona', 'Ralph', 'Travis', 'Marian', 'Annalee', 'Constance', 'April', 'Ursula', 'Lessie', 'Scot', 'Marion', 'Hedwig', 'Roberta', 'Rosa', 'Eura', 'Lillian', 'Justin', 'Darlene', 'Jesus', 'Sylvester', 'Stacy', 'Geraldine', 'Kevin', 'Judy', 'Gladys', 'Guy', 'Lydia', 'Fredrick', 'Terry', 'Jason', 'Philip', 'Elsie', 'Wanda', 'Paula', 'Maria', 'Inez', 'Bradley', 'Reinaldo', 'Darrell', 'Roosevelt', 'Audrey', 'Therese', 'Dale', 'Beth', 'Andrew', 'Matt', 'Dorothea', 'Amy', 'Wesley', 'Curtis', 'Diana', 'Polly', 'Fredda', 'Kisha', 'Thelma', 'Pamela', 'Janet', 'Nancy', 'Anthony', 'Pablo', 'Francisco']
['Emery', 'Peter', 'Derek', 'Quintin', 'Larry', 'Blair', 'Toni', 'Reuben', 'Raymond', 'Daniel', 'Patrick', 'Nelson', 'Dana', 'Jodi', 'Jeff', 'Phillip', 'Irene', 'Sarita', 'Betty', 'Tommy', 'Marcella', 'Gail', 'Leigh', 'Tuan', 'Herbert', 'Jane', 'Lloyd', 'Joanne', 'Charlotte', 'Del', 'Veronica', 'Stephen', 'Peggy', 'Jimmy', 'Deborah', 'Roger', 'Kenneth', 'Steve', 'Bruce', 'Don', 'Cesar', 'Cornelius', 'Andre', 'Jorge', 'Wilma', 'Kellie', 'Kathryn', 'Carole', 'Phyllis', 'Willie', 'Jayme', 'Georgette', 'Wallace', 'Doris', 'Carlos', 'Angelica', 'Jacob', 'Priscilla', 'Eva', 'Andres', 'Alice', 'Gwen', 'Joshua', 'Jean', 'Maureen', 'Domingo', 'Josephine', 'Ernestine', 'Gloria', 'Cassandra', 'Ana', 'Eugenia', 'Mildred', 'Craig', 'Ivonne', 'Myriam', 'Dawna', 'Fred', 'Wendy', 'Ouida', 'Lonnie', 'Rosalee', 'Rosalyn', 'Esther', 'Tanya', 'Marcelino', 'Lucie', 'Ellis', 'Raeann', 'Theodore', 'Winnifred', 'Michelle', 'Amos', 'Danielle', 'Natalie', 'Dorothy', 'Clarence', 'Elia', 'Suzie', 'Lana', 'Imogene', 'Christina', 'Andrea', 'Carmelita', 'Rebecca', 'Frederick', 'Jeanine', 'Reggie', 'Rick', 'Lilian', 'Gertrude', 'Ellen', 'Clayton', 'Lahoma', 'Cecile', 'Margert', 'Jacque', 'Wilson', 'Jeffery', 'Cassie', 'Alex', 'Gerardo', 'Louis', 'Gilda', 'Harvey']
['Keri', 'Lucy', 'Nina', 'Mable', 'Alexander', 'Lyle', 'Bernard', 'Laura', 'Ingeborg', 'Calvin', 'Alfred', 'Rhonda', 'Sam', 'Glennie', 'Stacie', 'Rafael', 'Marco', 'Erik', 'Bethany', 'Jeremy', 'Ashley', 'Burl', 'Ricky', 'Timothy', 'Janene', 'Caridad', 'Miles', 'Beulah', 'Susanna', 'Lucille', 'Garrett', 'Randolph', 'Arturo', 'Willis', 'Lulu', 'Theresa', 'Monica', 'Matthew', 'Laurence', 'Grant', 'Lori', 'Marquerite', 'Chris', 'Lewis', 'Raphael', 'Dean', 'Sheryl', 'Kimberly', 'Jonathan', 'Kerrie', 'Sofia', 'Sherri', 'Seth', 'Viola', 'Stephany', 'Emmie', 'Sally', 'Ward', 'Maryann', 'Eugene', 'Cecilia', 'Kristin', 'Norma', 'Danny', 'Will', 'Molly', 'Lawrence', 'Kim', 'Leanne', 'Clarissa', 'Selma']
[]
[]
[]
[]
[]
[]
[]
[]
[]
[]
[]
[]
[]
[]
[]
[]
[]
[]
[]
[]
[]
[]
[]
[]
[]
[]
[]
[]
[]
[]
[]
[]
[]
[]
[]
[]
[]
[]
[]
[]
[]
[]
[]
[]
[]
[]
[]
[]
[]
[]
[]
[]
[]
[]
[]
[]
[]
[]
[]
[]
[]
[]
[]
[]
[]
[]
[]
[]
[]
[]
[]
[]
[]
[]
[]
[]
[]
[]
[]
[]
[]
[]
[]
[]
[]
[]
[]
[]
[]
[]
[]
[]
[]
[]
[]
[]
[]
[]
[]
[]
[]
[]
[]
[]
[]
[]
[]
