['ADP', 'AEY', 'AGE', 'AKB', 'ALM', 'ANO', 'AOD', 'ALQ', 'ACP', 'AMB', 'APD', 'AOQ', 'AMM', 'ACD', 'APJ', 'AEG', 'AET', 'ADL', 'AAW']
['ALO', 'AHA', 'AQN', 'AJR', 'AAG', 'AJH', 'AQD', 'APK', 'ACM', 'AOW', 'AAD', 'AQJ', 'AMY', 'ADW', 'AIK', 'AQA', 'AHK', 'APN', 'AGN']
['AJJ', 'ABZ', 'AAS', 'AOX', 'AFS', 'ANZ', 'AQE', 'AAK', 'AQH', 'AKP', 'AMJ', 'AMQ', 'AFH', 'ANT', 'AIP', 'APC', 'APG', 'AJT', 'ANH']
['AAR', 'ABX', 'AAJ', 'AJQ', 'AQL', 'AEU', 'ADN', 'ANS', 'AIB', 'AEC', 'AFD', 'AHM', 'AFB', 'AKR', 'AGO', 'AEF', 'AHX', 'AFU', 'APE']
['AHN', 'ACV', 'AED', 'AOT', 'AGY', 'ABH', 'ADU', 'APW', 'ANF', 'ANN', 'ABM', 'ADK', 'AFE', 'AJL', 'AQI', 'ANY', 'ALW', 'AAE', 'ACC']
['AMT', 'AIV', 'ADR', 'AFC', 'ACI', 'AOK', 'AKL', 'APF', 'AIH', 'AOH', 'APT', 'AEB', 'AJG', 'AAT', 'AMN', 'AKI', 'AIE', 'AMK', 'AQK']
['AIU', 'AMR', 'ALC', 'AME', 'ACG', 'ANU', 'API', 'ABA', 'ADX', 'AGT', 'AGH', 'AGQ', 'AAX', 'AAC', 'AAV', 'AFJ', 'AJU', 'AFN', 'AHQ']
['AAN', 'ADJ', 'ANL', 'ABT', 'AQM', 'APQ', 'AIC', 'AKD', 'AIG', 'AFM', 'APX', 'AMI', 'AMO', 'AQC', 'ALP', 'AAY', 'AHY', 'ADQ', 'AQG']
['ANK', 'AMV', 'AIY', 'AMP', 'AFI', 'ACT', 'AJC', 'AJV', 'AKY', 'AKT', 'ABS', 'AKU', 'ALR', 'AHC', 'AEQ', 'AII', 'AAH', 'AIM', 'AID']
['AMU', 'AHU', 'ALV', 'AIF', 'AFL', 'AIX', 'AKQ', 'AKC', 'AKH', 'AEM', 'APB', 'AAO', 'ABO', 'ALZ', 'ALA', 'AOM', 'ACZ', 'ANI', 'ABB']
['AAZ', 'AHW', 'AKW', 'ADE', 'AGB', 'AMA', 'ABP', 'AFA', 'ADY', 'AAB', 'ANX', 'AHS', 'APA', 'ADG', 'ACS', 'ACJ', 'ACN', 'ANG', 'AJZ']
['ADF', 'ADI', 'AAM', 'ALI', 'AFX', 'AJK', 'AJO', 'AKJ', 'AIA', 'AGF', 'AEH', 'ADB', 'AKG', 'AMW', 'AHH', 'AJX', 'AIJ', 'APY', 'AOB']
['AOL', 'AJF', 'ACK', 'ANP', 'AKO', 'ALF', 'ALX', 'APH', 'AOY', 'ACR', 'AGJ', 'ANA', 'ANJ', 'ADD', 'ADV', 'AMS', 'ACU', 'AIZ', 'AKZ']
['AGM', 'ABL', 'ABQ', 'AAI', 'AGG', 'AEL', 'ABI', 'AOP', 'ABC', 'ANQ', 'AAU', 'ADH', 'AFF', 'AEI', 'AHP', 'AAA', 'ABR', 'ANE', 'AJM']
['AON', 'AKA', 'AKS', 'AFZ', 'AMC', 'AHZ', 'ACQ', 'ANB', 'ALN', 'AHT', 'AJI', 'ABK', 'ABV', 'AFG', 'AEN', 'AER', 'ALJ', 'AGP', 'AFP']
['ABE', 'AAQ', 'AOG', 'AJP', 'AFY', 'AGZ', 'AFQ', 'AGI', 'ALL', 'AHI', 'ABN', 'APP', 'AGK', 'AEX', 'AEP', 'ANM', 'ADO', 'AJD', 'AHO']
['AHB', 'AOE', 'AIT', 'ALD', 'AHG', 'AOF', 'AHE', 'AES', 'AGD', 'AGL', 'ACE', 'AEJ', 'ACW', 'ADT', 'AKF', 'AGC', 'AJA', 'ABU', 'AIL']
['AHF', 'AHV', 'AFK', 'AGA', 'ABJ', 'ABF', 'APL', 'AEZ', 'AHL', 'AMZ', 'AFV', 'ACB', 'AEA', 'ACL', 'APS', 'AJE', 'AOJ', 'APO', 'AQO']
['AQF', 'AJB', 'AMD', 'ACO', 'AEK', 'AHD', 'ABG', 'ANV', 'AOZ', 'ALU', 'APV', 'APR', 'AIQ', 'ANR', 'ABW', 'AFT', 'AEE', 'ABY', 'AOI']
['ALS', 'AGU', 'ADZ', 'AJN', 'AKX', 'ANW', 'ADS', 'AKN', 'AML', 'ALB', 'AKK', 'AOA', 'AOV', 'AEW', 'AQB', 'ADC', 'AKV', 'ACF', 'AJY']
['AGW', 'AOC', 'ALH', 'APM', 'ANC', 'AGS', 'AKE', 'AOO', 'ADA', 'ACX', 'AFW', 'ALT', 'AGR', 'ALG', 'AFO', 'AOR', 'AHJ', 'AIO', 'ALK']
['ACH', 'AHR', 'ADM', 'ACY', 'AEO', 'AMH', 'AMX', 'AJW', 'AFR', 'AIW', 'AGX', 'AIR', 'AAF', 'ABD', 'AIS', 'AEV', 'ALY', 'ALE', 'AOU']
['AMF', 'AIN', 'AOS', 'AJS', 'AMG', 'AND', 'ACA', 'AAL', 'AGV', 'APZ', 'AKM', 'APU', 'AAP']
