['QQCGU', 'ZMCMD', 'FXFHY', 'CYVWU', 'LCGFN', 'AUIRW', 'IHIWD', 'LYSRO', 'NCWPX', 'RCWOS', 'JFKWJ', 'QSIZR', 'XQUPB', 'WHBFR', 'VFWVV', 'RMHZI', 'QSAIM', 'VUPAV', 'NKLCQ', 'NZQNY', 'BMNGE', 'RISKG', 'JGBOH', 'BOOKC', 'TIZZI']
['WFPUN', 'FPFHY', 'GUGKR', 'LQGAI', 'DFZLH', 'FKMPO', 'TKEWX', 'UQJJY', 'VXNNV', 'QMJUD', 'SSZXS', 'CWZDH', 'TWVAR', 'STZIM', 'ZRFKN', 'AIWJE', 'SCMKV', 'LMDUZ', 'DOYMU', 'JEHBC', 'HAPCQ', 'YHWVK', 'KXFFP', 'CSGGY', 'ABQJV']
['DBPXU', 'NNLIE', 'NRRFB', 'SEJRA', 'JWNLZ', 'DWGDE', 'CZQAC', 'YPSZJ', 'AZDHE', 'XQYCU', 'TPIXY', 'TLAOJ', 'TQUPW', 'UTYHJ', 'ZMWJB', 'JECON', 'SPROB', 'KEUTQ', 'BHECC', 'EBQJA', 'NPJSC', 'OBCSZ', 'ZCMCP', 'EXERI', 'SDCRN']
['FLAIE', 'LFYYV', 'AEXQY', 'FQYNK', 'SURGB', 'WWCYP', 'VISUM', 'FIIIX', 'RDCHE', 'SMDTK', 'HOCJP', 'DTPHQ', 'ROVKN', 'MUUIL', 'IQLHD', 'XMJJP', 'AALPZ', 'SOVUQ', 'LVMLT', 'FBZDZ', 'HUNXU', 'XIGOI', 'WNDOP', 'QVEIA', 'USRDK']
['TJFHX', 'FRVNO', 'AHXXM', 'MCXWP', 'TDICM', 'OZSQX', 'OXZCV', 'ZKMSA', 'NEQMO', 'NGBWQ', 'TJLUN', 'GXAOE', 'UXUZX', 'RSFHX', 'BEFRL', 'SUEUT', 'MTXFY', 'CXMEP', 'PKECO', 'VUTIQ', 'ZOHDS', 'NZAXS', 'GUJWH', 'RWIWJ', 'GUJWW']
['EIREK', 'MSZXR', 'PUFAY', 'WLODL', 'GDZSX', 'ABAQL', 'TYYLF', 'DYIYS', 'TEYRZ', 'CYRFR', 'WNGHY', 'QBGLN', 'DPJHM', 'PPBBM', 'SSWHW', 'PEIBF', 'HAYKV', 'UDFVU', 'XGCQB', 'FRHWO', 'PBEOM', 'YVMFJ', 'SUNJN', 'NHBOU', 'BHFJC']
['PRFNT', 'PAVOS', 'QUGAX', 'MMHOG', 'SHEUT', 'KIEKF', 'SIWEE', 'LBYAL', 'NLQWV', 'RSYQC', 'NSSHB', 'VZFUK', 'NZQKM', 'RZJZX', 'DRVVY', 'KRMMY', 'YTVYR', 'UPNVV', 'POXWS', 'IXEZM', 'PHXOS', 'FCFIW', 'CSILO', 'YKOFS', 'HGAWC']
['ZYEMW', 'CZNRV', 'VZNGS', 'WTMZW', 'PQEKQ', 'JLTJR', 'KFWQL', 'XZTVE', 'QFZCO', 'QYCKH', 'FKSNY', 'ZUYFN', 'ELBRQ', 'VSARS', 'CHCYT', 'REVQE', 'VYUHL', 'GRIBM', 'KQZVU', 'QLDQR', 'BFHEV', 'LQJNK', 'VNIQM', 'QFSQF', 'JGIMA']
['TJTMV', 'RQZDB', 'OPZLD', 'BXGAG', 'GKOUL', 'NLQQX', 'SEUJM', 'HVAAR', 'GNDQJ', 'JXKSJ', 'OYGNB', 'MRNHH', 'RWOPE', 'VLXZD', 'YSBTR', 'KBDMG', 'GZWND', 'GJCQK', 'OVNTP', 'UZTYA', 'VWLQP', 'LEYDX', 'FSIEJ', 'NMUXG', 'VQTXV']
['GFWZF', 'VLACB', 'JDDRN', 'FHCPP', 'GKYTD', 'ZRLGV', 'SYRST', 'FYSSP', 'KCPYN', 'HIBFR', 'BREAU', 'OYLVF', 'WTAGZ', 'DQJYE', 'UDEWT', 'RNMID', 'WGNBW', 'YVULZ', 'JFOPY', 'MIMWO', 'QMBKL', 'YMAKV', 'DOXUP', 'ADKIG', 'DUQLN']
['WNBOI', 'ZXEUD', 'YTXXV', 'QNXTS', 'BCTKV', 'SACPU', 'XMZUX', 'YTTKI', 'JLETC', 'DJQYY', 'GKPPL', 'KDZDK', 'EFRTR', 'EPEAQ', 'OHEWR', 'XADCG', 'EIALG', 'OMNEY', 'PUJOM', 'EWIJA', 'URMYA', 'UMQRP', 'KZBFF', 'FIPGX', 'DDGZR']
['GBEQY', 'XHKTV', 'MBBZL', 'CRSZF', 'GWEZA', 'XYABI', 'FMFZO', 'QHQUF', 'IVYZR', 'ERXLL', 'UEFBC', 'VQUBW', 'NCXIY', 'PPGSA', 'NMWYK', 'VFXSF', 'BWKXY', 'JPLIB', 'ENWEC', 'EHCWU', 'PDNXQ', 'EFPNV', 'VNNEP', 'CYMCE', 'SAOVB']
['QJUJE', 'DAPHY', 'JGGQM', 'RMNKI', 'LYFLA', 'DBXJE', 'RUSXV', 'ELRTK', 'XQQNM', 'RRDGL', 'FWTXB', 'NHZCJ', 'OJTYX', 'YYNPW', 'MQWLN', 'WEYKU', 'YQBLY', 'GPKTZ', 'DFNDO', 'PREHL', 'QJRDV', 'CCHLM', 'WEDAM', 'YIQHC', 'JTKTH']
['KEPXD', 'GRUYQ', 'KEDYT', 'IAASE', 'ENHUS', 'ILRGH', 'FWKYL', 'ZOVBE', 'SLYUO', 'GAUGX', 'XLWDU', 'RLKNU', 'DZGQX', 'UOYAH', 'CALHI', 'FIUZZ', 'DWCIC', 'XOUQG', 'IPMBX', 'HXGTU', 'RRFYM', 'RAAAY', 'SWZLI', 'MCVPN', 'TARGC']
['BBIGY', 'HAKPT', 'AQEWE', 'PSMNV', 'AAEBS', 'RKMOC', 'GAQXI', 'LESUW', 'IYMNE', 'REFDA', 'FMMZU', 'SPSXT', 'LJQBN', 'ZNEQL', 'WMAOH', 'HKSDK', 'RVMXY', 'MQEVZ', 'STJMV', 'FYAYI', 'KGDBH', 'XTFTT', 'BBDFQ', 'PADSR', 'VGWZF']
['GPHCZ', 'XGXRC', 'VUZHE', 'FSYHN', 'YPRRC', 'XYVAU', 'LRCXZ', 'QZGLO', 'NKEPZ', 'EYYNC', 'GPAYG', 'QXETJ', 'WAZOJ', 'RFDDK', 'XVOGO', 'ASGXO', 'PQYKQ', 'SLHLJ', 'UHIOD', 'UHFXM', 'ZNTDR', 'PBAWW', 'VVMSW', 'PUWYW', 'VMRKJ']
['NCCJD', 'JAGAT', 'JCTBB', 'JMNIF', 'CTLHM', 'QBYJR', 'KCWNV', 'UYUIP', 'QACAX', 'AXICB', 'TLKIE', 'XPMAC', 'AEHLI', 'TPIHD', 'OEEYW', 'ZSYGC', 'FFZNI', 'ZLMYN', 'UTQPU', 'HDFES', 'IOHXF', 'DREMQ', 'BSOUP', 'TMCLZ', 'FESAS']
['DNOMK', 'YRTTG', 'IUTYE', 'UNSUE', 'EXSFL', 'JCAYK', 'KSGPB', 'CRKWH', 'LCYZY', 'IPLJJ', 'PDSZU', 'JCWPV', 'LGPGN', 'EGYBS', 'JJDHO', 'GJYBX', 'MLWLT', 'WZJYQ', 'HZGVK', 'HKBNA', 'AXIHL', 'BNPMH', 'ZZKGQ', 'PCOTH', 'NTGQJ']
['VHWPC', 'CASYZ', 'PARXO', 'BKFQR', 'KDMQW', 'ZPWCF', 'CWKNX', 'METWY', 'IEEVC', 'LHFOM', 'PPAYR', 'GKLKQ', 'JRNKY', 'VBXTL', 'POYSB', 'BXGFY', 'NLPHM', 'VKHOX', 'XOUQM', 'VCMUY', 'JMPSL', 'EAHZI', 'OENOT', 'BVKPC', 'IDOHH']
['XBVDI', 'SEVGN', 'VKBEF', 'IBFSE', 'BCKDA', 'VGTYI', 'IYGUJ', 'JPWDA', 'VSEBO', 'KTXRI', 'XDBSH', 'LPRGT', 'PKUWP', 'UMQSO', 'ALNHK', 'FIBZD', 'LMZAF']
[]
[]
[]
[]
[]
[]
[]
[]
