['KENPF', 'DFBMK', 'RQZPM', 'HATBR', 'OXRUQ']
['XBTFE', 'ENWEP', 'ZBJTS', 'TFWCC', 'ZJPJO']
['TEFPC', 'OENWP', 'NHQWU', 'BLHOQ', 'WJIWZ']
['OMYLR', 'FSTKF', 'VLEXY', 'XNYRJ', 'VYDDY']
['CKHRK', 'RCZHM', 'SROSJ', 'WSVIR', 'IBUGB']
['ZJQQO', 'CIPCP', 'ZCVZT', 'GLIPE', 'XIDUV']
['WHRVK', 'SMSHQ', 'SKBJW', 'CFMPM', 'GEQFC']
['QQUYY', 'FXFUX', 'PVVAV', 'SGTRH', 'TAHXC']
['BBKUO', 'OLFRP', 'JOZYK', 'EGIIY', 'NSDMC']
['KDZKT', 'CPJBS', 'PLFWC', 'ZIJNW', 'PGHQU']
['BVCTY', 'CIUZU', 'TLZCG', 'BBVXC', 'VTOZN']
['KXUES', 'KRWXO', 'VXIFI', 'XCTJB', 'CBNUD']
['VLQCW', 'OZZTI', 'LVBGW', 'VQAKV', 'GCQTP']
['XUHAP', 'SVMGK', 'DVRRV', 'FBWOW', 'QAOAR']
['ENKVR', 'LCHJI', 'OSLVS', 'IGUWL', 'WUTXG']
['HTJHJ', 'ORRXP', 'KYKCO', 'UJESQ', 'ONQWA']
['OKQTW', 'WLCAR', 'EHHWX', 'RDCTS', 'AHMRO']
['JWSRE', 'DLKKW', 'ZEPYJ', 'NVSYK', 'CQBIT']
['APXMD', 'OKPQW', 'EADHZ', 'WAQDW', 'BNYBV']
['INTFC', 'LYGHF', 'CPTCX', 'SAVNS', 'RURLC']
['OCOQX', 'MXBHP', 'XWMKT', 'WGGGP', 'AICHQ']
['PXCKJ', 'FDGQA', 'QIALM', 'FELNZ', 'SIGOM']
['QCRLR', 'DSUJE', 'FEUEQ', 'PABIC', 'RFWKF']
['RJIED', 'ECNTU', 'GJRAV', 'GZQDO', 'VGUGP']
['VQDCT', 'PQAHJ', 'RUYNY', 'THQAC', 'QBVUY']
['ACJRU', 'OVYUV', 'QIZOX', 'ABYHN', 'BPLLS']
['EHMWV', 'KHNJL', 'BGOJW', 'WDGCR', 'IAMKK']
['UDTFQ', 'XGNPD', 'EOCJX', 'OUQMM', 'QGXZJ']
['MQDQQ', 'PSVNQ', 'WPGRW', 'OTQON', 'VVCGQ']
['YORBA', 'UFVEC', 'ALMIE', 'MTCGB', 'FJPVZ']
['TNZEA', 'QVNNO', 'NUSHB', 'IZZTZ', 'VBRPO']
['MEKWP', 'XXRUC', 'KUMCW', 'SEYUH', 'SZXFW']
['UHSWZ', 'PECLI', 'HFDOF', 'JEBNF', 'PQDFC']
['IGQNP', 'FGDHQ', 'LIQGP', 'AWDBE', 'SGXHX']
['BTWAZ', 'UCLPW', 'ZHVLK', 'XFNKQ', 'BWWYB']
['LIGPC', 'QYLAH', 'UCQZE', 'OXRDD', 'HSIWG']
['YJCIZ', 'EAEIR', 'XUYPR', 'ZNMAJ', 'DFVZW']
['DBIOJ', 'NCDJQ', 'KGIPC', 'DUAEB', 'VFFHE']
['SGRXP', 'VNVFZ', 'ZUTJZ', 'FXUHH', 'ACMPF']
['XBSXA', 'OQSOU', 'WJAIQ', 'IVZGD', 'FCJLJ']
['PSZDK', 'UZKCN', 'QUECI', 'SFQST', 'CKFJL']
['EAITX', 'VATRQ', 'YJPCO', 'CBJEL', 'QECFT']
['CIILB', 'GNCHO', 'VGCRP', 'UGKUC', 'VSPLU']
['IKHTD', 'MYAVD', 'PTRTD', 'UHOTV', 'YQSUZ']
['GAEKQ', 'HWSJL', 'UBCVC', 'WNYYG', 'RMUXW']
['CCNPM', 'VWJWK', 'MXMMA', 'OAGEZ', 'PKHDM']
['FZRBE', 'ZRVWH', 'XXFSV', 'QNUDR', 'IAADS']
['SPHAJ', 'TAIVA', 'LPHWP', 'ZQDIP', 'FVYLB']
['JQBSO', 'QYWKX', 'OJGET', 'ETYTK', 'ZPTPS']
['QSVBC', 'JTHWI', 'EYFRR', 'KSCIB', 'ALXRH']
['BPZOY', 'CSQHY', 'NDLFM', 'XEEVL', 'LBKGE']
['YBAFX', 'TTIDN', 'YQPNL', 'YWCZV', 'EBLCO']
['TVCFA', 'JHGWB', 'NSAJQ', 'GOXXP', 'NLRBO']
['HNXEZ', 'QGRPC', 'AGDTK', 'BJTHH', 'QGGOH']
['GVYUW', 'IRAUO', 'PKBGA', 'UJHDY', 'MWVBQ']
['RWZXF', 'TBZDI', 'ARMIC', 'YWPLR', 'YNIQG']
['CUUFQ', 'HCVBR', 'TKJBK', 'VXLZU', 'WWYEF']
['JCOPI', 'UGVLA', 'HNKDE', 'ERTVL', 'WAHPX']
['CIOFH', 'LSZMU', 'WTGUO', 'DKHZJ', 'JAFZN']
['VIPLF', 'KPECP', 'GUDYJ', 'ZYPEK', 'UQKOV']
['OVYDG', 'KCHSD', 'VPSEI', 'AILUZ', 'IZMEQ']
['CHIJG', 'WOIJX', 'BNJLP', 'QCHPG', 'HGJEC']
['CVNCZ', 'EWNSH', 'XBLXM', 'EFKRH', 'JMYIA']
['VATKD', 'MIKDS', 'DSQUZ', 'DVLFX', 'HAXVF']
['FZBVB', 'YXPNV', 'GWJWE', 'NSTKH', 'AXQPJ']
['TBPZM', 'QPVND', 'WCFRY', 'SJJMM', 'YFRIJ']
['NWAHL', 'AWUBI', 'KEMJT', 'IGAXC', 'CLLNQ']
['IXMQO', 'SHLYA', 'SYIZZ', 'NKCOJ', 'TUSMK']
['QQXNO', 'ZJNIT', 'ERQBP', 'RUGKU', 'WUCQA']
['HXXMK', 'KQUJH', 'QSYML', 'FCWUA', 'KXMSB']
['GICKM', 'DCJPL', 'XAOMD', 'MRXML', 'UHYVL']
['HKVZW', 'TKYGG', 'LNIAF', 'SRFIJ', 'TYMOI']
['IRNCA', 'TFGVT', 'DKSJV', 'SRUUN', 'RMJIF']
['RJDRX', 'QBZQQ', 'CIBMR', 'JXGHX', 'ZLQYF']
['MESKQ', 'FZQXE', 'TFEWH', 'GBGAG', 'BEIFF']
