['Tine', 'Klute', 'Bhayani', 'Padget', 'Lacy', 'Anuska', 'Latimer', 'Burkhart', 'Grimona', 'Shanly', 'Lombardi', 'Everick', 'Smukler', 'Caines', 'Zobe', 'Delila', 'Sandeep', 'Cicely', 'Gillian', 'Chae', 'Cerracchio', 'Beebe', 'Dietrich', 'Agosto', 'Elburr', 'Vesta', 'Bevon', 'Dotson', 'Bran', 'Hittel', 'Gowrie', 'Deni', 'Mokas', 'Elberta', 'Beaver']
['Woodhead', 'Risteau', 'Zelma', 'Ardehs', 'Rhonda', 'Yerxa', 'Kerianne', 'Hatch', 'McCoy', 'Mikol', 'Tavy', 'Thorman', 'Bui', 'Joed', 'Selma', 'Firman', 'Yim', 'Kinzer', 'Tiphane', 'Tennes', 'Berneta', 'Kaufmann', 'Ber', 'Antonetta', 'Sumer', 'Safire', 'Akeyla', 'Flemming', 'Eleni', 'Salomi', 'Flieger', 'Micheal', 'Letta', 'Tillford', 'Corkhill']
['Dela', 'Jessalin', 'Jori', 'Ashford', 'Sigsmond', 'Melisa', 'Minier', 'Hillel', 'Lenhart', 'Hakim', 'Mauchi', 'Monahan', 'Cavallaro', 'Tarkany', 'Girardo', 'Pinto', 'Celestyn', 'Elihu', 'Hong', 'Berner', 'Ratcliffe', 'Marilou', 'Davidde', 'Ginzburg', 'Eudocia', 'Hannover', 'Leod', 'Formenti', 'Buxton', 'Coh', 'Merth', 'Lauree', 'Antonino', 'Faunia', 'Marijn']
['Balling', 'Jason', 'Velda', 'Winebaum', 'Hamlin', 'Avril', 'Hadleigh', 'Knute', 'Farro', 'Moonier', 'Augustina', 'Danuloff', 'Serafine', 'Rodolphe', 'Ashman', 'Doroteya', 'Vaish', 'Cardwell', 'Darsie', 'Matthew', 'Carrillo', 'Buckler', 'Griswold', 'Jenkel', 'Acacia', 'Ottinger', 'Katzir', 'Chancellor', 'Chemush', 'Fruin', 'Earlene', 'Maribel', 'Tay', 'Genie', 'Melda']
['Gombosi', 'Robbin', 'Gerianne', 'Roanna', 'Dumas', 'Ebneter', 'Swanhilda', 'Yarvis', 'Barby', 'Aviv', 'Udell', 'Eilis', 'Hankins', 'Karlise', 'Lawler', 'Uta', 'Saville', 'Tessy', 'Donn', 'Janaya', 'Evangeline', 'Benilda', 'Marina', 'Harland', 'Franek', 'Lamson', 'Vonni', 'Won', 'Prince', 'Javler', 'Ursi', 'Emmer', 'Maye', 'Clea', 'Lynnelle']
['Hotze', 'Ammadis', 'Henrique', 'McKinney', 'Woo', 'Zandt', 'Emelia', 'Cherry', 'Nicolis', 'Stephenson', 'Mansoor', 'Starinsky', 'Sheeran', 'Brazee', 'Fabrice', 'Merola', 'Nanette', 'Perloff', 'Nestor', 'Busey', 'Jillana', 'Griffin', 'Hett', 'Cloots', 'Turrell', 'Scherman', 'Stearns', 'Hook', 'Worlock', 'Halimeda', 'Summons', 'Sinnard', 'Cyd', 'Pippo', 'Schreck']
['Galligan', 'Dedric', 'Danna', 'Holey', 'Bounds', 'Basso', 'Charin', 'Matthaeus', 'Rani', 'Myrvyn', 'Holofernes', 'Odin', 'Watson', 'Sosanna', 'Bruns', 'Hayyim', 'Birck', 'Jenness', 'Gunn', 'Milore', 'Arianna', 'Manaker', 'Lou', 'Arel', 'Masterson', 'Tuttle', 'Krystalle', 'Prebo', 'Clere', 'Larson', 'Nance', 'Leanna', 'Barnett', 'Colly', 'Cutty']
['Delinda', 'Dowlen', 'Wistrup', 'Hillegass', 'Fausta', 'Wight', 'Balliett', 'Baldridge', 'Fairfax', 'Hardej', 'Dimitry', 'Renick', 'Les', 'Puklich', 'Schnabel', 'Cristiona', 'Proudfoot', 'Rocray', 'Nessy', 'Winer', 'Coumas', 'Gwenette', 'Bernj', 'Ferro', 'Felise', 'Billy', 'Klapp', 'Favian', 'Lotus', 'Shepp', 'Nannette', 'Lon', 'Brittnee', 'Kassi', 'Shannah']
['Toh', 'Jestude', 'Grath', 'Nisse', 'Nafis', 'Neille', 'Halstead', 'Maude', 'Norean', 'Cataldo', 'Emelita', 'Lindell', 'Eno', 'Ruyle', 'Ursola', 'Haldane', 'Cristoforo', 'Placido', 'Ragland', 'Jeniece', 'Mitchiner', 'Ashling', 'Love', 'Debera', 'Marijo', 'Osrick', 'Hawger', 'Verras', 'Jobyna', 'Blondell', 'Sievert', 'Bello', 'Converse', 'Hanway', 'Tristam']
['Pappas', 'Noyes', 'Elmira', 'Crean', 'Reste', 'Dole', 'Volkan', 'Nath', 'Shea', 'Hako', 'Larry', 'Malo', 'McIntosh', 'Dett', 'Girovard', 'Virginia', 'Polish', 'Rik', 'Fidelio', 'Utica', 'Ludovico', 'Mushro', 'Shelbi', 'Carter', 'Australia', 'Lentha', 'Chaddie', 'Adolphus', 'Saylor', 'Oscar', 'Kudva', 'Costin', 'Moyers', 'Ruhnke', 'Vikky']
['Harriet', 'Sachi', 'Livingston', 'Alf', 'Fredkin', 'Glenn', 'Biggs', 'Yasu', 'Oakes', 'Ultun', 'Balcer', 'Candyce', 'Janenna', 'Desi', 'Felicie', 'Weirick', 'Holton', 'Carlick', 'Cal', 'Ardys', 'Japeth', 'Binette', 'Damon', 'Hermon', 'Foulk', 'Ciapas', 'Ng', 'Hudis', 'Pryce', 'Atkins', 'Questa', 'Higgs', 'Harmony', 'Dott', 'Nari']
['Jorgenson', 'Feinstein', 'Barsky', 'Janerich', 'Dearman', 'Grochow', 'Neva', 'Saudra', 'Kile', 'Newton', 'Raynor', 'Neveda', 'Meras', 'Towne', 'Ted', 'Ches', 'Edrick', 'Jehiel', 'Kimon', 'Lenes', 'Rombert', 'Lunetta', 'Wing', 'Fillender', 'Blasius', 'Minda', 'Lamb', 'Groos', 'Florentia', 'Quitt', 'Danais', 'Karie', 'Till', 'Groh', 'Flo']
['Wunder', 'Rue', 'Lux', 'Dare', 'Eldwen', 'Alvinia', 'Lyle', 'Sandstrom', 'Utas', 'Fadiman', 'Plantagenet', 'Kronick', 'Jimmy', 'Fokos', 'Saxen', 'Bluhm', 'Catherin', 'Gloriana', 'Karon', 'Lynett', 'Clovah', 'Tutankhamen', 'Enid', 'Uchida', 'Crompton', 'Cheria', 'Darrow', 'Adaurd', 'Clymer', 'Morville', 'Fitz', 'Derinna', 'Erlewine', 'Ubana', 'Shelby']
['Montagna', 'Willis', 'Lorilyn', 'Druce', 'Holms', 'Ebba', 'Mackenzie', 'Rooke', 'Midian', 'Epstein', 'McCullough', 'Vevay', 'Willetta', 'Mathur', 'Meingolda', 'Tonya', 'Ace', 'Auroora', 'Fifine', 'Ferullo', 'Melburn', 'Kerwon', 'Derril', 'Demetria', 'Ainslee', 'Koetke', 'Kylah', 'Durante', 'Kanya', 'Gibun', 'Uzzia', 'Dulcea', 'Pontius', 'Danita', 'Freddy']
['Astto', 'Fast', 'Leiser', 'Paulita', 'McClimans', 'Wendye', 'Margeaux', 'Behlau', 'Adriane', 'Raul']
[]
[]
[]
[]
[]
