['450', '903', '435', '683', '818', '607', '128', '741', '208', '734', '975', '637', '279', '164', '675', '807', '820', '190', '137', '902', '120', '406', '656', '275', '634', '86', '671', '587', '257', '940', '785']
['202', '56', '259', '392', '66', '701', '443', '668', '341', '35', '469', '663', '580', '113', '654', '775', '195', '662', '875', '349', '500', '267', '920', '670', '403', '660', '789', '781', '184', '340', '528']
['183', '786', '690', '872', '708', '824', '943', '359', '931', '987', '768', '661', '595', '449', '611', '993', '830', '759', '473', '323', '703', '600', '163', '942', '68', '455', '254', '33', '612', '327', '204']
['457', '102', '853', '674', '155', '793', '19', '479', '602', '465', '354', '472', '22', '477', '90', '219', '762', '746', '41', '948', '893', '608', '447', '127', '747', '569', '413', '63', '499', '18', '87']
['99', '783', '527', '833', '180', '913', '961', '983', '79', '767', '387', '356', '826', '553', '11', '583', '750', '153', '371', '687', '885', '198', '467', '147', '863', '504', '242', '865', '543', '393', '923']
['319', '596', '293', '835', '391', '909', '572', '212', '486', '707', '50', '892', '237', '385', '836', '30', '565', '299', '429', '871', '989', '598', '468', '689', '763', '158', '89', '765', '32', '928', '308']
['298', '858', '917', '586', '915', '54', '852', '861', '88', '140', '657', '207', '159', '510', '645', '152', '792', '103', '287', '509', '409', '276', '753', '606', '97', '118', '518', '828', '346', '672', '567']
['617', '638', '114', '336', '889', '538', '420', '224', '736', '441', '605', '25', '709', '545', '693', '642', '142', '466', '305', '370', '728', '238', '697', '484', '859', '75', '335', '491', '571', '145', '804']
['252', '166', '945', '877', '740', '312', '856', '213', '601', '330', '229', '900', '167', '713', '695', '544', '239', '525', '226', '743', '214', '979', '173', '860', '125', '69', '640', '549', '240', '658', '904']
['712', '476', '764', '74', '182', '655', '632', '876', '564', '448', '373', '295', '947', '395', '253', '249', '679', '434', '34', '756', '630', '13', '243', '221', '823', '644', '322', '437', '926', '517', '174']
['984', '573', '497', '680', '925', '802', '21', '772', '355', '694', '245', '463', '454', '536', '333', '610', '531', '28', '59', '597', '52', '936', '526', '937', '217', '882', '946', '306', '337', '186', '17']
['165', '302', '498', '957', '691', '117', '505', '566', '730', '800', '512', '998', '704', '58', '15', '881', '46', '715', '490', '686', '809', '189', '177', '905', '749', '111', '810', '488', '590', '135', '262']
['215', '727', '310', '169', '4', '430', '594', '399', '124', '94', '487', '149', '738', '461', '172', '935', '681', '540', '258', '628', '317', '398', '62', '995', '620', '283', '196', '777', '451', '67', '985']
['581', '981', '161', '379', '791', '53', '348', '277', '554', '921', '868', '974', '748', '960', '427', '676', '51', '803', '771', '470', '677', '819', '313', '377', '231', '150', '866', '639', '562', '513', '474']
['343', '8', '812', '908', '822', '503', '769', '507', '751', '210', '603', '383', '949', '7', '665', '84', '560', '609', '696', '849', '956', '795', '896', '548', '428', '846', '358', '719', '104', '235', '669']
['492', '270', '907', '850', '325', '307', '552', '338', '643', '123', '260', '959', '879', '408', '352', '971', '316', '667', '285', '883', '739', '799', '29', '729', '132', '151', '651', '179', '227', '805', '301']
['143', '265', '108', '178', '83', '107', '842', '760', '475', '98', '725', '529', '757', '154', '688', '699', '272', '732', '459', '953', '141', '404', '372', '813', '556', '273', '519', '40', '321', '534', '966']
['256', '930', '376', '411', '933', '211', '721', '506', '0', '788', '43', '705', '731', '650', '495', '641', '331', '381', '593', '205', '839', '723', '70', '170', '636', '561', '60', '278', '576', '918', '844']
['353', '191', '121', '962', '848', '929', '854', '365', '296', '888', '384', '160', '255', '890', '827', '745', '414', '604', '1', '578', '542', '530', '3', '390', '627', '891', '922', '625', '916', '797', '315']
['579', '744', '216', '821', '131', '405', '106', '577', '784', '402', '9', '874', '386', '130', '193', '735', '92', '977', '10', '282', '436', '397', '894', '982', '241', '246', '996', '968', '139', '394', '288']
['27', '38', '422', '716', '814', '516', '976', '834', '351', '710', '494', '969', '659', '347', '778', '700', '187', '380', '452', '951', '599', '884', '832', '247', '280', '401', '37', '71', '134', '779', '378']
['20', '808', '873', '426', '478', '574', '886', '970', '867', '264', '375', '619', '225', '988', '994', '720', '752', '589', '2', '673', '100', '12', '714', '967', '366', '954', '862', '629', '496', '396', '493']
['724', '840', '291', '737', '77', '898', '944', '648', '80', '49', '290', '815', '416', '685', '787', '425', '568', '482', '236', '234', '841', '81', '284', '78', '345', '382', '508', '855', '368', '440', '110']
['133', '682', '197', '647', '592', '112', '289', '286', '520', '188', '36', '616', '958', '367', '55', '910', '965', '511', '557', '39', '64', '26', '23', '194', '223']
['825', '251', '990', '109', '185', '952', '621', '501', '57', '318', '524', '269', '547', '445', '766', '692', '758', '796', '614', '175', '419', '268', '733', '417', '119', '248', '82', '591', '230', '831', '535']
['309', '421', '220', '199', '456', '91', '480', '911', '292', '782', '115', '156', '631', '439', '31', '864', '623', '45', '324', '47', '722', '460', '588', '162', '878', '817', '122', '773', '514']
['869', '203', '218', '329', '116', '991', '464', '582', '471', '261', '934', '148', '706', '101', '342', '328', '201', '176', '515', '266', '537', '300', '626', '389', '978', '334', '973', '442', '489', '615', '136']
['523', '483', '339', '432', '314', '887', '446', '344', '126', '726', '816', '790', '462', '563', '932', '664', '73', '209', '829', '485', '48', '585', '533']
['271', '955', '555', '244', '357', '718', '938', '870', '742', '770', '294', '521', '6', '633', '539', '794', '206', '939', '666', '711', '575', '44', '233', '559', '410', '129', '146', '992', '847']
['407', '350', '851', '297', '444', '963', '228', '274', '941', '837', '964', '924', '311', '646', '613', '171', '899', '798', '919', '811', '369', '761', '635', '912', '541', '96', '281']
['551', '880', '5', '950', '412', '652', '755', '363', '774', '423', '61', '801', '914', '927', '76', '364', '250', '857', '431', '458', '897', '320', '972', '522', '24', '653', '65', '502', '986', '361', '433']
['624', '558', '845', '997', '232', '85', '618', '702', '418', '14', '584', '105', '895', '360', '424', '684', '570', '843', '698', '838', '550', '192', '906', '93', '388', '72', '362', '901', '374', '481', '200']
['332', '546', '622', '438', '95', '138', '649', '157', '42', '776', '303', '168', '980', '806', '181', '780', '532', '400', '16', '326', '304', '222', '263', '453', '754', '717', '678', '415', '144']
