['684', '20', '819', '409', '324', '620', '757', '406', '250', '376', '707', '362', '87', '853', '628', '359', '709', '168', '534', '657', '447', '641', '742', '903', '415', '697', '384', '887', '171', '583', '158', '923', '825', '724']
['993', '600', '873', '9', '379', '536', '827', '313', '242', '31', '633', '790', '885', '801', '325', '961', '520', '352', '781', '618', '968', '898', '88', '157', '783', '486', '576', '899']
['890', '638', '977', '552', '816', '998', '354', '808', '349', '584', '148', '813', '662', '537', '554', '792', '448', '274', '435', '905', '964', '90', '748', '74', '689']
['175', '208', '413', '562', '37', '551', '421', '183', '939', '810', '872', '121', '889', '260', '812', '288', '586', '699', '439', '690', '471', '322', '667', '569', '508', '916', '343', '291', '847', '803', '149', '220', '52', '417', '73', '191']
['771', '430', '151', '275', '756', '265', '713', '672', '511', '700', '431', '365', '335', '860', '501', '125', '711', '814', '855', '22', '145', '8', '698']
['410', '660', '881', '646', '118', '154', '567', '408', '380', '751', '79', '82', '532', '622', '871', '402', '304', '397', '114', '721', '966', '85', '972', '947', '725', '355', '601', '383', '223', '65', '883']
['580', '784', '581', '912', '140', '97', '626', '719', '202', '298', '38', '126', '549', '823', '67', '293', '929', '66', '205', '636', '634', '55', '370', '607', '693', '561', '837', '556']
['113', '117', '613', '767', '605', '339', '215', '214', '521', '515', '804', '207', '49', '353', '374', '907', '315', '857', '229', '170', '717', '735']
['134', '666', '944', '470', '450', '46', '850', '740', '426', '463', '283', '216', '640', '720', '14', '434', '80', '544', '497', '764', '550', '320', '143']
['992', '336', '495', '451', '267', '305', '849', '867', '476', '484', '794', '557', '705', '105', '7', '173', '686', '599', '411', '398', '382', '237', '585', '991', '327', '84', '805', '263', '688', '758', '481']
['392', '494', '277', '458', '884', '287', '4', '886', '124', '983', '733', '252', '238', '675', '892', '108', '72', '644', '542', '769', '904', '231', '10', '461', '970', '826', '86', '363', '400', '531', '77', '184', '702', '491']
['997', '306', '802', '192', '918', '761', '967', '232', '156', '906', '753', '19', '333', '782', '196', '190', '1', '793', '42', '404', '942', '266', '896', '213', '908', '104', '186', '369', '701', '526', '96', '56', '533', '668']
['98', '673', '956', '773', '23', '449', '387', '643', '204', '44', '360', '506', '937', '310', '467', '357', '931', '445', '34', '876', '396', '519', '950', '30', '47', '15', '806', '465', '437', '723', '946', '936', '507']
['635', '609', '454', '282', '797', '963', '590', '820', '110', '571', '928', '659', '123', '919', '299', '153', '111', '475', '499', '614', '566', '388', '488', '303', '436', '334', '366', '0', '69', '750', '2', '981', '524']
['989', '269', '795', '297', '60', '768', '714', '818', '523', '619', '193', '974', '487', '239', '103', '211', '109', '715', '543', '43', '514', '294', '546', '880', '462']
['107', '712', '828', '588', '649', '869', '159', '695', '564', '653', '139', '219', '708', '150', '736', '70', '244', '58', '361', '602', '258', '597', '12', '648', '623', '197', '882', '403', '26', '973', '842', '268', '264', '35', '478', '189']
['516', '502', '178', '558', '770', '900', '891', '829', '926', '101', '48', '854', '639', '106', '743', '41', '405', '248', '91', '329', '595', '76', '424', '852', '517', '255', '262', '292', '243', '164', '152']
['241', '368', '36', '625', '914', '83', '894', '909', '734', '472', '135', '535', '347', '57', '658', '295', '727', '278', '945', '345', '632', '217', '225', '965', '429', '455', '990', '116', '432', '210', '902', '572']
['341', '180', '999', '340', '518', '122', '480', '78', '621', '256', '71', '594', '915', '982', '603', '330', '28', '574', '358', '834', '40', '63', '203', '927']
['309', '817', '522', '176', '893', '665', '525', '133', '54', '642', '704', '755', '593', '958', '179', '835', '527', '319', '323', '456', '774', '64', '425', '312', '167', '910', '728', '6', '318', '787', '257', '747', '142', '270', '372', '582', '568', '182']
['441', '285', '185', '317', '254', '775', '763', '815', '980', '433', '112', '844', '18', '578', '443', '428', '978', '651', '941', '678', '442', '985', '661', '788', '496', '39', '27', '677', '744']
['485', '490', '259', '866', '222', '577', '664', '913', '138', '730', '3', '326', '346', '218', '51', '25', '137', '251', '933', '718', '163', '165', '943', '438']
['821', '670', '683', '377', '92', '629', '596', '13', '976', '851', '386', '762', '373', '95', '273', '99', '301', '848', '995', '611', '479', '565', '452', '307', '654', '920', '839', '777', '337', '247', '589', '177', '393', '94', '624']
['195', '469', '59', '348', '897', '824', '545', '155', '504', '512', '89', '201', '754', '868', '563', '879', '344', '679', '460', '529', '446', '332', '314', '706', '955', '300', '50', '840']
['749', '61', '505', '780', '62', '861', '194', '141', '350', '841', '949', '832', '587', '53', '235', '671', '24', '473', '874', '93', '895', '169', '422', '261', '68', '843', '172', '647', '674', '579', '11']
['663', '356', '573', '385', '509', '407', '940', '610', '845', '975', '119', '279', '33', '822', '528', '863', '45', '630', '188', '785', '935', '174', '160', '199', '971', '233']
['16', '130', '986', '772', '538', '530', '606', '328', '925', '687', '930', '726', '75', '466', '290', '21', '146', '129', '612', '952', '375', '948', '378', '703', '953', '779', '741', '227', '482', '650', '390']
['645', '722', '162', '493', '710', '321', '962', '796', '877', '539', '800', '367', '692', '598', '419', '831', '541', '444', '253', '833', '289', '272', '271']
['732', '510', '716', '932', '637', '811', '230', '342', '555', '17', '864', '394', '144', '924', '776', '540', '760', '901', '249', '938', '464', '746']
['161', '5', '838', '245', '786', '209', '548', '371', '127', '420', '934', '969', '136', '631', '331', '979', '276', '399', '560', '416', '656', '81', '799', '729', '453', '498', '752', '959', '917', '492', '731']
['100', '316', '468', '627', '836', '115', '681', '147', '988', '652', '351', '798', '766', '696', '553', '592', '296', '489', '224', '187', '281', '676', '878', '957', '616', '236']
['680', '198', '604', '870', '440', '745', '246', '911', '739', '474', '789', '286', '691', '759', '865', '338', '846', '414', '547', '615', '29', '226', '131', '102', '807', '284']
['418', '401', '32', '206', '477', '996', '389', '302', '500', '427', '859', '655', '921']
['669', '457', '311', '858', '240', '228', '737', '559', '856', '954', '280', '778', '221', '617', '412', '994', '391', '875', '960', '503', '809', '234', '128', '608']
['483', '364', '791', '694', '575', '166', '459', '308', '984', '765', '591', '200', '830', '682', '395', '888', '570', '381', '132', '423', '513', '951', '181', '987', '922', '738', '862', '120', '685', '212']
