['545', '88', '47', '176', '80', '10', '243', '259', '362', '28', '456', '82', '276', '41', '341', '112', '548', '68', '120', '36', '86', '178', '73', '468', '569', '6', '483', '489', '298', '56', '361', '582']
['387', '280', '149', '394', '534', '404', '417', '410', '550', '382', '554', '76', '184', '271', '194', '440', '536', '463', '561', '399', '218', '509', '400', '105', '546', '562', '622', '470']
['1', '165', '353', '451', '395', '250', '317', '315', '616', '641', '391', '476', '425', '465', '352', '208', '503', '200']
['511', '631', '150', '148', '222', '482', '438', '559', '61', '541', '339', '111', '378', '368', '19', '205', '303']
['167', '515', '92', '442', '173', '450', '236', '599', '0', '401', '134', '55', '310', '390', '571', '377', '627', '518', '367', '469', '512', '533', '553', '459', '488', '192']
['228', '371', '618', '360', '434', '369', '385', '242', '126', '358', '349', '154', '375', '525', '576', '52', '157', '449', '104', '75', '581', '174', '216', '168', '591', '486', '60', '323', '90', '31', '163']
['277', '497', '491', '372', '443', '359', '510', '294', '282', '535', '53', '103', '396', '602', '118', '289', '606', '51', '11', '212', '114', '455', '539', '355', '529', '313', '133', '25', '605', '161', '274', '549']
['5', '322', '492', '302', '195', '530', '638', '91', '383', '342', '283', '494', '593', '477', '557', '502', '422', '251', '193', '558', '334', '191']
['121', '520', '107', '607', '21', '504', '522', '344', '166', '62', '635', '321', '461', '608', '480', '566', '128', '414', '116', '373', '127']
['431', '573', '421', '291', '430', '424', '481', '93', '59', '237', '540', '81', '531', '48', '446', '15', '409', '308', '135', '565', '374', '253', '625', '71', '636', '640', '556']
['439', '398', '181', '206', '543', '233', '177', '58', '42', '609', '273', '232', '262', '644', '300', '578', '70', '261', '346', '159', '363', '645', '354', '296', '132', '388', '542', '4', '460', '412', '580', '507', '3']
['365', '572', '65', '356', '72', '392', '217', '343', '39', '139', '20', '7', '122', '568', '623', '332', '370', '164', '619', '144', '140', '634', '583', '589', '479', '264']
['201', '433', '324', '24', '413', '407', '508', '146', '585', '235', '129', '428', '13', '115', '564', '231', '287', '615', '445', '202', '147', '119', '381', '143', '244', '97', '453', '364', '45', '319']
['12', '155', '493', '416', '182', '186', '198', '629', '588', '337', '267', '397', '380', '327', '38', '99', '447', '487', '94', '98', '110', '225', '37', '475', '269', '617', '266', '595', '102', '211', '448']
['471', '124', '312', '462', '305', '180', '441', '83', '14', '95', '498', '621', '610', '614', '224', '490', '246', '466', '551', '604', '89', '596', '357', '260', '138', '85', '136', '626', '288', '444', '23']
['579', '29', '284', '255', '474', '552', '33', '427', '436', '307', '333', '544', '601', '521', '347']
['197', '592', '78', '26', '513', '505', '30', '175', '57', '204', '620', '123', '213', '432', '411', '405', '435', '570', '472', '278', '514', '209']
['478', '245', '240', '210', '299', '252', '612', '64', '153', '227', '22', '499', '603', '219', '9', '309', '293', '84', '172', '338', '96', '537', '49']
['519', '532', '386', '340', '162', '560', '281', '547', '229', '189', '316', '74', '67', '8', '297', '418', '40', '187', '501', '500', '152', '624', '613', '403']
['464', '597', '32', '268', '458', '366', '223', '311', '226', '577', '183', '125', '239', '633', '408', '160', '314', '587', '345', '575', '270', '151', '379', '567', '241', '330', '590']
['109', '220', '196', '17', '406', '415', '286', '256', '351', '207', '485', '185', '467', '426', '628', '190', '643', '18']
['265', '238', '258', '419', '63', '301', '137', '516', '632', '350', '306', '376', '290', '384', '263', '279', '130', '420', '16', '101', '496', '538', '230', '254', '639', '142']
['117', '46', '113', '555', '285', '320', '304', '329', '34', '473', '247', '156', '611', '429', '526', '275', '584', '523', '292', '54', '69', '66', '87', '524', '145', '600', '272', '106']
['318', '528', '249', '437', '27', '637', '221', '100', '517', '457', '234', '325', '484', '43', '335', '393', '630', '158', '328', '35', '527', '188', '203', '141', '389', '171', '257', '326', '50', '215']
['423', '336', '77', '586', '170', '598', '594', '248', '452', '495', '108', '295', '642', '2', '402', '506', '348', '454', '574', '44', '79', '169', '563', '331', '214', '199', '179', '131']
