['831', '735', '664', '659', '636', '84', '527', '46', '490', '731', '839', '472', '440', '975', '57', '20', '870', '815', '708', '745', '106', '179', '941']
['948', '197', '44', '151', '916', '92', '383', '359', '790', '939', '662', '90', '121', '887', '913', '225', '832', '827', '584', '899', '479', '427', '544', '392', '321']
['703', '685', '387', '760', '530', '371', '137', '265', '259', '496', '428', '14', '133', '576', '449', '368', '594', '695', '308', '989', '633', '983', '141']
['886', '115', '651', '55', '396', '2', '615', '945', '143', '127', '337', '245', '588', '522', '241', '852', '910', '25', '94', '776', '37', '634', '845', '933', '65']
['130', '97', '509', '429', '346', '484', '719', '575', '15', '303', '637', '837', '663', '181', '671', '356', '304', '494', '81', '394', '621', '242', '460', '407', '314', '288', '11']
['351', '864', '24', '298', '132', '7', '612', '342', '997', '631', '93', '391', '992', '500', '922', '517', '218']
['539', '417', '536', '52', '271', '437', '398', '192', '279', '373', '696', '570', '306', '548', '726', '420', '930', '362', '294', '50', '647', '971', '287', '946', '258']
['653', '877', '434', '947', '399', '317', '313', '144', '198', '898', '625', '579', '909', '988', '535', '812', '333', '477', '789']
['796', '824', '761', '439', '994', '254', '814', '912', '194', '586', '409', '904', '201', '104', '425', '757', '630', '103', '353', '938', '546', '803', '293', '508', '884', '924', '940', '876']
['690', '973', '566', '390', '617', '58', '446', '160', '51', '244', '54', '943', '285', '61', '643', '21', '159', '601', '863', '537', '186', '765', '476', '31', '310', '412', '573', '725', '563']
['172', '599', '191', '538', '16', '421', '338', '408', '189', '377', '419', '591', '528', '556', '533', '627', '276', '34', '354', '758', '43', '853', '937', '343']
['180', '857', '730', '956', '744', '737', '107', '286', '135', '495', '307', '871', '804', '675', '347', '791', '341', '993', '457', '301', '571', '335', '174', '66', '228', '800', '727', '176', '739', '442']
['611', '849', '88', '756', '995', '358', '787', '168', '984', '463', '689', '502', '443', '507', '273', '724', '614', '592', '520', '480', '978', '505', '295', '491', '650', '715', '290', '740', '879']
['231', '551', '380', '658', '367', '736', '326', '139', '568', '965', '211', '705', '216', '746', '608', '416', '455', '638', '919', '854', '874', '327', '620', '788']
['798', '375', '324', '214', '49', '91', '397', '712', '742', '47', '102', '9', '752', '12', '166', '178', '322', '169', '389', '526', '885', '560', '961', '70']
['616', '613', '462', '869', '702', '980', '654', '753', '474', '220', '164', '275', '10', '410', '542', '78', '222', '970', '111', '706', '122', '292', '652', '861', '85', '514', '532']
['895', '996', '482', '131', '26', '187', '234', '281', '274', '339', '554', '846', '905', '656', '328', '17', '893', '320', '683', '204', '499', '190', '607', '679', '714', '489', '478', '255', '199']
['243', '219', '309', '475', '336', '108', '860', '485', '512', '847', '426', '529', '944', '929', '459', '676', '999']
['263', '513', '249', '146', '329', '448', '488', '262', '173', '628', '558', '906', '823', '129', '952', '518', '280', '283', '892', '300', '77', '534', '432', '458', '657']
['161', '598', '911', '185', '515', '252', '900', '506', '521', '851', '224', '124', '641', '89', '406', '100', '875', '41', '928', '453', '569', '246', '748', '4', '209', '83', '433', '402', '623', '260', '801', '655']
['99', '768', '835', '18', '700', '101', '720', '629', '345', '175', '238', '369', '872', '355', '331', '707', '80', '619', '223', '914', '251', '134', '113', '152', '838', '606', '602']
['226', '967', '873', '96', '117', '291', '125', '799', '205', '780', '783', '856', '721', '882', '549', '98', '747', '648', '299', '797', '775', '305', '156', '370', '247', '492']
['779', '365', '30', '145', '120', '212', '582', '414', '642', '891', '256', '806', '269', '819', '69', '19', '481', '388', '357', '771', '248', '680', '959', '843', '465', '470', '519', '936', '722', '268', '687', '673', '840', '890']
['709', '694', '221', '182', '183', '762', '674', '976', '821', '379', '75', '253', '386', '349', '711', '184', '270', '385', '964', '202', '759', '318', '667', '809', '960']
['574', '622', '710', '848', '691', '39', '807', '454', '59', '302', '792', '38', '334', '510', '920', '955', '977', '750', '580', '289']
['850', '991', '360', '40', '64', '29', '917', '110', '802', '28', '717', '697', '862', '733', '267', '578', '207', '163', '950', '467', '404', '818', '411', '450', '451', '438', '297', '441', '587', '208', '468', '196', '732']
['315', '954', '395', '866', '773', '986', '741', '982', '483', '841', '593', '418', '785', '435', '951', '990', '981', '79', '935', '155', '76', '972', '150', '405', '195', '794', '464', '949']
['635', '550', '723', '540', '487', '149', '858', '436', '998', '382', '430', '316', '897', '749', '828', '564', '883', '684', '452', '927', '925', '767', '311', '669', '325', '743']
['764', '501', '516', '660', '915', '456', '128', '894', '784', '213', '822', '372', '763', '531', '985', '415', '350', '278', '140', '581', '880', '834', '678', '5', '250', '833']
['583', '154', '559', '376', '751', '366', '931', '116', '718', '384', '545', '374', '716', '644', '23', '547', '511', '119', '754', '1', '447', '777', '665', '229', '158', '553', '902', '36', '206', '698', '557', '240']
['323', '844', '774', '577', '567', '632', '42', '868', '188', '836', '552', '808', '626', '865', '969', '766', '424', '966', '878', '312', '645', '363', '979', '504', '165']
['921', '210', '786', '153', '649', '413', '272', '772', '87', '816', '859', '466', '923', '677', '319', '378', '525', '699', '147', '136', '177', '829', '227']
['704', '86', '618', '473', '71', '74', '668', '565', '239', '701', '232', '646', '498', '561', '352', '597', '157', '63', '958', '266', '562', '795', '881']
['296', '688', '237', '670', '401', '105', '778', '486', '215', '282', '344', '235', '596', '138', '393', '257', '810', '123', '817', '142']
['461', '469', '661', '639', '233', '605', '953', '503', '686', '624', '82', '889', '830', '693', '264', '444', '942', '6', '261', '45', '825', '600', '3']
['95', '805', '926', '53', '572', '114', '167', '555', '8', '170', '60', '729', '974', '963']
['126', '932', '888', '22', '33', '361', '957', '493', '589', '431', '48', '820', '13', '682', '769', '826', '918', '855', '793', '277', '543', '217', '595', '364', '681', '112', '400']
['27', '867', '68', '162', '340', '672', '171', '901', '230', '423', '332', '770', '32', '523', '471', '934', '781']
['348', '903', '640', '590', '738', '755', '541', '109', '734', '422', '284', '987', '72', '403', '907', '604', '896', '666', '381', '148', '67', '524', '610']
['713', '236', '73', '811', '962', '445', '813', '330', '609', '62', '35', '842', '603', '908', '200', '193', '968', '585', '0', '203', '56', '728', '118', '497', '782', '692']
