['123', '103', '328']
['0', '213', '102']
['109', '478']
[]
['203']
['134']
[]
['71', '145']
['284', '382', '354', '292']
['308', '403', '221']
['31', '120']
[]
['10']
['369', '245']
['147', '255']
[]
['229', '100']
['168']
['322', '35', '42']
['451', '342', '187']
['485']
['8']
['482', '357', '218']
['343', '141']
['164']
['280']
[]
[]
[]
['86', '133']
[]
['89']
['258', '65', '126', '304']
['82']
['294']
['379', '159']
[]
['248']
[]
[]
['438']
[]
['155']
[]
['393']
['408']
['349']
['461', '303']
['57']
[]
[]
[]
['411', '453', '242']
[]
['193']
['355', '407']
['232', '409']
['236', '149']
[]
[]
['325', '376']
[]
['375', '59']
[]
[]
['480']
['488']
[]
['18', '352']
[]
['281']
['370', '316']
[]
[]
['365']
[]
[]
[]
['190', '180']
[]
['256']
['96', '204']
['456']
[]
[]
[]
[]
[]
[]
[]
['424']
['432']
['14']
[]
['417', '288']
['158']
['341']
['240']
[]
[]
['321', '84', '54']
['196']
['16']
['73']
['460', '6']
['12']
['348', '429']
['472', '101']
[]
['166']
['285']
['117', '185']
['458']
[]
[]
['110']
['85', '293']
[]
[]
[]
['220', '471']
['188', '272']
['494']
['174']
['307']
['227']
[]
['191']
[]
[]
['11']
['53', '144']
[]
['39']
[]
['397', '399']
['74', '392']
['37', '104', '24']
['167', '283']
['51', '22', '463']
['244']
['72']
['69']
[]
['364']
['282', '274']
['212']
[]
['259']
['131']
[]
[]
[]
['270']
['319']
[]
[]
['271', '162']
['406']
[]
['366', '337']
[]
['401']
['312']
['189', '389']
[]
['320', '250']
[]
['115', '455']
[]
['388', '310']
['47']
['469']
['498']
['286', '473', '426']
['497']
['64', '207']
['380', '467']
['91']
[]
['108']
['206']
[]
['143']
['171', '412']
['150', '137']
['142', '491', '448']
['176']
['381']
['81']
['178', '44']
['241']
['78', '400']
['395', '67', '430', '445']
['199', '318']
['347', '40', '41']
['175']
[]
[]
['323', '289', '160']
[]
[]
[]
['182']
['301', '443']
['197']
['457']
[]
['278']
[]
[]
['446']
[]
['124']
['80']
[]
['486']
['425', '464', '433', '113']
[]
['462']
['268']
[]
['351']
['419']
['314']
[]
[]
['338']
[]
[]
['43', '296']
['97']
[]
['317']
['262']
['266']
[]
['298']
['247']
[]
['243']
[]
['153', '163']
['435']
[]
['138']
[]
[]
[]
['479']
['495']
[]
[]
[]
['450']
['440', '209', '201', '295', '315']
['277']
['422', '390']
['125']
[]
['15', '179']
['132', '442']
['234', '398']
['38', '169']
[]
['487']
['19', '359']
[]
['297']
['107']
['148', '257', '329']
[]
['324', '116']
['483']
['98', '470']
[]
['1']
['60']
[]
['34']
[]
['496']
['368']
['146', '177', '434']
['249']
['335']
['87']
[]
['420']
['222']
['183', '90']
[]
[]
['93', '66']
['449']
[]
[]
['454', '106']
[]
['186']
['423']
[]
['7', '374']
['119']
['3', '224', '172']
[]
['415']
[]
[]
['75']
['223']
['83']
[]
['121']
[]
[]
['367', '447', '299', '265']
['130', '139']
['413']
[]
['346', '387']
[]
[]
['94', '56']
['372']
[]
['210', '452']
['326', '333']
['377', '225']
['363']
['396', '353']
['436', '27']
['32']
['300']
['336', '173']
['287']
[]
['428', '76']
[]
[]
['4']
[]
['151', '441']
['371', '70']
[]
['273', '114']
['356', '493']
['279']
['208']
['20', '418']
[]
['170']
['311']
['254']
[]
['267']
['358']
[]
[]
['23', '410']
[]
['25']
[]
['378']
['111']
['391']
[]
['61']
['275', '465', '302']
['17']
[]
['129']
[]
['261', '200']
['112', '306']
['215', '230']
['476', '105']
[]
[]
['99']
['228']
['63']
[]
[]
['404', '239']
['474', '181']
[]
[]
[]
['330', '360', '339']
[]
['156']
['205', '263']
['79', '340']
['55']
['260']
['29', '58']
['127', '477']
['49', '195']
[]
['414']
['194']
['235']
['444', '269']
['383', '276', '466']
['309', '233', '334']
['344']
['332', '118', '238', '92']
['5']
['350', '161']
[]
[]
[]
['468']
[]
['402']
['46']
['30', '192']
['226', '52']
['484', '439', '198']
[]
[]
['77', '88']
['157']
['499', '13']
[]
[]
['21']
[]
[]
[]
['214']
[]
[]
['331']
['28']
[]
['62']
['231', '135']
['291', '490']
['384']
[]
[]
['251']
['48']
['437']
[]
['237', '431', '152']
['386']
[]
[]
['492']
[]
['9']
['459']
[]
[]
[]
['246']
['128']
['184']
['421', '313', '362']
[]
['427']
['305']
['95']
['33', '481']
[]
['140', '345']
['361', '489']
[]
['290', '68']
[]
['45']
[]
['219']
[]
['216']
[]
['202']
[]
[]
[]
['154']
['26', '211']
[]
['416']
['405']
[]
['475', '327', '217']
['264', '253']
['252']
['122', '385']
['2']
['394']
[]
['136', '373', '36']
['50']
['165']
[]
