['0', '423', '840', '448', '274', '612', '389', '454', '837', '716', '238', '608', '37', '42', '60', '344', '629', '852', '538', '792', '587', '793', '567', '745', '830', '542', '991', '617', '52', '485', '800']
['12', '111', '69', '62', '623', '632', '163', '600', '219', '807', '645', '693', '398', '122', '855', '165', '387', '444', '563', '555', '900', '977', '886', '173', '394', '366', '915', '720', '101', '907']
['379', '846', '390', '831', '961', '896', '721', '838', '487', '200', '465', '280', '810', '312', '108', '685', '862', '749', '486', '529', '808', '215', '677', '823', '688', '687', '23', '206']
['832', '437', '811', '983', '220', '987', '151', '964', '546', '181', '651', '242', '343', '767', '865', '727', '211', '139', '9', '418', '316', '769', '924', '455', '784', '996', '1', '681', '668', '751', '229', '969', '35']
['157', '696', '20', '643', '136', '112', '500', '712', '820', '595', '498', '185', '369', '190', '936', '386', '984', '449', '939', '445', '431', '926', '130', '611', '150', '610', '777', '8', '182', '370', '731', '551', '869', '469', '477', '739']
['670', '94', '167', '994', '268', '72', '699', '813', '266', '65', '527', '568', '867', '975', '765', '160', '925', '717', '633', '335', '306', '780', '246', '29', '440', '552', '446', '816', '137', '30', '554', '814', '710', '615', '626', '951', '644', '558', '535']
['265', '888', '649', '514', '772', '458', '44', '520', '196', '147', '515', '894', '582', '221', '284', '84', '782', '669', '483', '997', '118', '99']
['763', '337', '46', '998', '607', '741', '519', '553', '161', '818', '541', '126', '510', '878', '297', '464', '628', '620', '922', '197', '875', '45', '287', '285', '249', '761', '590', '637', '459', '271', '539']
['911', '123', '584', '204', '999', '988', '283', '352', '880', '381', '26', '509', '870', '657', '898', '566', '348', '576', '255', '917', '872', '682', '261', '91', '329', '550', '495', '850', '80', '164', '409', '340', '480', '934', '228', '55', '887', '372', '276', '416']
['205', '132', '472', '288', '51', '972', '318', '993', '292', '452', '531', '826', '355', '117', '882', '451', '635', '491', '493', '353', '293', '121', '296', '148', '557', '952', '655', '815', '325', '5', '662', '252', '54', '759', '322', '217', '958', '83', '467']
['341', '606', '804', '604', '941', '125', '361', '871', '95', '654', '377', '663', '773', '879', '208', '384', '897', '706', '100', '39', '708', '291', '463', '639', '146', '817', '78']
['327', '918', '947', '433', '642', '795', '264', '48', '241', '351', '3', '904', '492', '666', '350', '166', '250', '216', '684', '625', '776', '323', '295', '15', '834', '790', '591']
['410', '631', '908', '573', '622', '479', '588', '694', '523', '120', '537', '891', '876', '503', '357', '380', '330', '508', '864', '468', '502', '985', '110', '718', '235', '732', '393', '364']
['923', '179', '992', '434', '400', '207', '424', '436', '648', '289', '272', '203', '942', '309', '248', '971', '848', '966', '277', '703', '513', '301', '874', '16', '613', '534', '275', '762', '861', '294', '260', '950', '226', '783', '673', '497', '689', '634']
['524', '138', '482', '57', '756', '602', '172', '119', '97', '240', '315', '385', '890', '859', '237', '779', '930', '114', '184', '354', '935', '6', '580', '544', '656', '849', '853', '605', '931', '884', '142', '851', '903', '954', '4', '31', '928', '532', '67', '438']
['456', '621', '236', '457', '403', '945', '569', '822', '824', '153', '943', '868', '360', '899', '70', '678', '375', '24', '81', '843', '270', '913', '919', '308', '305', '494', '258', '391', '75', '697', '556', '50', '373', '326', '145', '946']
['154', '395', '916', '728', '159', '707', '199', '577', '709', '399', '920', '300', '169', '13', '821', '559', '102', '406', '303', '307', '636', '404', '376', '845', '98', '789', '476', '162']
['719', '484', '388', '521', '980', '967', '345', '18', '478', '910', '711', '809', '578', '965', '914', '960', '827', '786', '794', '561', '363', '223', '518', '302', '378', '405', '798', '28', '735', '653']
['603', '842', '948', '627', '133', '511', '571', '652', '314', '253', '949', '86', '213', '895', '7', '135', '799', '158', '269', '912', '198', '676', '592', '105', '641', '365', '93', '429', '447', '22', '191', '679', '232', '489']
['460', '74', '530', '841', '225', '402', '450', '962', '338', '938', '978', '244', '736', '128', '421', '152', '168', '430', '192', '968', '581', '34', '470', '562', '593', '825', '401', '863', '462', '104', '901', '565', '193', '420']
['675', '41', '358', '748', '481', '667', '66', '787', '374', '82', '49', '109', '356', '796', '989', '609', '298', '210', '328', '116', '25', '499', '955', '76', '262', '933', '658', '496', '957', '803', '906', '144']
['311', '746', '461', '475', '683', '413', '844', '407', '860', '704', '517', '368', '775', '103', '986', '828', '443', '979', '321', '512', '113', '188', '854', '768', '231', '383', '331', '619', '630', '744', '47', '902']
['976', '347', '858', '21', '725', '959', '392', '156', '342', '723', '730', '214', '194', '505', '650']
['785', '724', '661', '797', '892', '32', '313', '764', '963', '428', '319', '766', '722', '202', '713', '770', '64', '77', '757', '332', '256', '690', '788', '778', '224', '805']
['317', '791', '432', '599', '174', '127', '885', '40', '134', '129', '715', '422', '589', '310', '956', '183', '79', '839', '579', '671', '488', '61', '774', '695', '106', '408', '259', '59', '646', '43', '131', '233', '618', '953', '218', '155', '439']
['750', '177', '201', '180', '419', '545', '893', '974', '742', '382', '616', '367', '705', '38', '89', '442', '290', '425', '286', '575', '932', '278', '829', '435', '674', '995', '801', '11', '981', '333']
['594', '234', '547', '889', '189', '490', '543', '672', '990', '63', '279', '273', '929', '339', '738', '856', '195', '412', '743', '19', '87', '540', '836', '14', '536', '371', '516', '359', '227', '881', '334', '85', '574', '143', '937', '758', '453', '601']
['320', '638', '417', '921', '281', '680', '149', '362', '734', '96', '471', '691', '243', '245', '833', '701', '771', '664', '982', '597', '53', '549', '222', '178', '754', '336', '585', '71', '909', '740', '970', '564', '186', '686', '522', '257', '660', '726']
['533', '714', '10', '572', '614', '640', '56', '905', '665', '847', '647', '107', '835', '212', '802', '58', '299', '806', '230', '2', '346', '73', '171', '659', '68', '570', '304', '36']
['88', '507', '187', '624', '263', '251', '760', '583', '349', '526', '175', '506', '548', '737', '415', '267', '473', '254', '411', '239', '525', '819', '27', '324', '397', '944', '866', '755', '501', '692', '753', '873', '698']
['883', '441', '598', '781', '700', '877', '586', '927', '973', '857', '141', '33', '596', '426', '560', '176', '209', '247', '282', '115', '729', '92', '427', '747', '414', '812', '752', '140', '702', '170', '474', '940', '17', '124', '504', '90', '528', '466', '733', '396']
