['419', '911', '43', '781', '500', '631', '594', '744', '852', '172']
['147', '229', '633', '724', '860', '581', '810', '206', '759', '575']
['504', '253', '326', '38', '869', '827', '573', '85', '618', '484']
['74', '611', '822', '179', '496', '300', '324', '341', '637', '294']
['480', '981', '350', '435', '150', '174', '695', '264', '148', '70']
['351', '691', '567', '5', '853', '963', '922', '755', '627', '105']
['298', '585', '8', '219', '921', '916', '780', '481', '492', '537']
['133', '289', '439', '139', '155', '211', '448', '617', '977', '230']
['91', '281', '739', '835', '817', '584', '668', '15', '640', '974']
['347', '169', '887', '998', '555', '472', '812', '156', '181', '556']
['251', '136', '189', '170', '908', '323', '456', '178', '304', '609']
['0', '279', '729', '366', '269', '754', '775', '720', '12', '465']
['42', '561', '473', '477', '394', '999', '250', '956', '204', '773']
['734', '616', '840', '180', '205', '713', '784', '799', '983', '782']
['798', '49', '803', '707', '900', '894', '663', '438', '624', '680']
['144', '403', '336', '544', '841', '882', '927', '938', '383', '203']
['940', '903', '649', '902', '876', '297', '568', '277', '138', '807']
['312', '24', '248', '752', '765', '825', '93', '311', '225', '370']
['553', '222', '597', '265', '904', '226', '625', '159', '436', '923']
['406', '444', '861', '769', '814', '571', '947', '505', '661', '21']
['751', '258', '353', '86', '951', '437', '629', '186', '111', '985']
['80', '413', '605', '393', '146', '391', '330', '593', '389', '64']
['94', '975', '557', '215', '823', '449', '360', '623', '756', '175']
['262', '260', '858', '589', '128', '282', '6', '305', '832', '410']
['51', '502', '343', '770', '723', '970', '819', '630', '829', '771']
['897', '774', '532', '1', '694', '607', '374', '885', '95', '55']
['828', '223', '348', '58', '554', '431', '718']
['730', '228', '259', '54', '508', '173', '190']
['489', '192', '342', '270']
['962', '518', '317', '666', '221', '319', '429', '485', '727', '578']
['539', '200', '950', '516', '801', '495', '613', '761', '243', '369']
['418', '424', '529', '930', '208', '612', '214']
['468', '643', '161', '27', '513', '65']
['217', '628', '648', '690', '646', '283']
['789', '924', '590', '244', '735', '475', '329', '994']
['50', '732', '621', '635', '401', '388', '160', '843', '964', '291']
['257', '306', '433', '252', '839', '272', '836', '23', '327', '126']
['831', '335', '740']
['576', '404', '510', '337', '494', '99', '84', '622', '92', '37']
['577', '895', '684', '772', '220', '209', '728', '453', '397']
['247', '580']
['527', '198', '547', '32', '564']
['698', '960', '749', '863', '245', '980', '710', '344', '171', '548']
['412', '479', '334', '524', '958', '14', '776', '373', '145', '681']
['276', '488', '450', '543', '608', '275', '692', '400']
['837', '743', '588', '409', '679', '915', '758', '167', '452', '747']
['706', '98', '665', '738']
['592', '131', '117', '447', '696', '379', '309', '261', '562']
['471', '417', '826', '104', '201']
['364', '757', '864', '30', '794', '267', '889', '25', '352', '308']
['733', '925', '16', '13', '48', '135', '467', '163', '421']
['381', '933', '234', '242', '821', '129', '786', '604', '978', '340']
['313', '846', '717', '652', '398', '122']
['708', '286', '249', '20', '783']
['466', '638', '35', '961', '808', '288', '551', '768']
['688', '566', '552', '422', '256', '114']
['367', '140', '377', '463', '470', '620', '411', '678', '536', '699']
['931', '246', '227', '491', '506', '254', '893']
['89', '712', '748', '187', '339']
['741', '52', '721', '886', '883', '788', '2']
['888', '332', '892', '231', '165', '346', '610']
['188', '63', '700', '79', '213', '674', '426', '71', '820']
['399', '856', '672', '890', '877', '797', '299', '62', '764']
['949', '154', '955', '153', '478', '290', '112', '273', '884', '442']
['865', '818', '549', '196', '834', '134', '517', '425', '603', '451']
['805', '318', '45', '110', '848', '534', '745', '658', '954', '726']
['130', '118', '760', '185']
['816', '432', '997', '644', '349', '168', '982', '538']
['850', '142', '736', '968', '767', '842', '542', '106', '996', '157']
['957', '33', '991', '918', '655', '833', '390', '440', '677']
['790', '976', '811']
['606', '464', '796', '197', '462', '499', '689', '194', '498']
['879', '701', '395', '857', '292', '993', '871', '493']
['866', '512', '458', '703', '67', '959', '414']
['328', '29', '939', '325', '673', '420']
['657', '158', '102', '943', '443', '598']
['486', '946', '385', '899', '28']
['719', '287', '184', '907', '830', '526', '942']
['232', '913', '966', '315']
['647', '941', '636', '702', '407', '100', '523', '595', '81']
['233', '284', '307', '574', '973', '570', '10']
['285', '725', '626', '809', '531', '990', '936', '550', '572', '875']
['224', '199', '645', '415', '824', '880', '901']
['195', '57', '446', '428', '476', '514']
['582', '586', '654', '303', '896', '295', '408']
['320', '753', '979', '387', '528', '240', '90']
['47', '683', '992', '78', '813', '338']
['36', '97', '919', '969', '268', '137', '909', '750']
['454', '952', '704', '113', '497', '763', '40', '278', '9']
['546', '34', '109', '483', '88', '280', '460']
['7', '263', '434', '39', '984', '66', '77', '124', '441', '116']
['511', '855', '3', '31', '715', '182']
['445', '662', '659', '125', '844', '777']
['670', '520', '87', '255', '372', '693', '804', '559', '266']
['802', '614', '987', '671', '650', '867', '935', '838', '396', '995']
['563', '365', '152', '202']
['361', '914', '44', '639', '149', '143', '402', '236', '519', '906']
['53', '382', '423', '779', '928', '357', '238']
['69', '380', '917', '989', '482', '375', '859']
['121', '191', '530', '965', '521']
['602', '61', '948', '579', '599', '239', '872']
['711', '314', '141', '854', '641', '17', '455', '686']
['920', '878', '177', '333', '583', '667', '795', '41', '123', '815']
['972', '849', '676', '376', '926', '371', '359', '166']
['912', '891', '565', '331', '316', '469', '386', '362', '737']
['714', '545', '792', '176']
['535', '651', '653', '509', '101', '151']
['971', '345', '515', '164', '356', '358', '216', '986', '847', '682']
['210', '162', '697', '11']
['709', '785', '862', '19', '73', '934', '929', '937']
['68', '310', '354', '687', '944', '302', '296', '241']
['905', '60', '870', '953']
['596', '932', '301', '845', '560', '731', '868', '722', '405']
['193', '742', '851', '271', '619', '766', '632']
['569', '293', '507', '793', '600', '898', '669', '461', '791', '541']
['558', '910', '26', '746', '59', '235', '874', '183']
['522', '392', '873', '363', '430', '322', '778', '237', '615']
['218', '416', '762', '75', '459', '83', '207', '533']
['321', '660', '108', '4', '525', '587', '355']
['656', '119', '806', '46', '675', '685', '945', '120', '18', '601']
['988', '642', '82', '591']
['634', '132', '378', '76', '427', '127', '503', '705', '72', '474']
['457', '212', '115', '384', '56', '96']
['368', '107', '22', '274', '540', '490', '967', '716', '800', '501']
['664', '487', '787', '881', '103']
