['308', '843', '168', '348', '573', '510', '669', '182', '787', '754', '883', '882', '102', '471', '145', '783', '895', '903', '220', '408', '421', '528', '569', '44', '331', '644']
['916', '472', '60', '11', '415', '672', '105', '156', '141', '154', '61', '297', '582', '525', '124', '31', '588', '147', '428', '575', '188', '915', '675', '35', '629', '679', '830', '739', '371', '121', '70', '714', '57']
['306', '803', '842', '673', '532', '91', '512', '169', '92', '524', '407', '378', '712', '527', '614', '164', '580', '925', '146', '513', '49', '501', '227', '98', '332', '545', '811', '257', '152', '255', '869', '495']
['462', '377', '218', '234', '53', '704', '285', '345', '316', '682', '831', '111', '429', '346', '365', '688', '891', '116', '870', '291', '280', '215', '728', '201', '363', '867', '128', '554', '461', '858', '336', '33', '208', '192', '814']
['447', '851', '506', '254', '90', '515', '666', '670', '686', '161', '563', '778', '508', '30', '76', '403', '693', '230', '174', '767', '442', '538', '173']
['689', '807', '401', '318', '632', '245', '379', '15', '626', '439', '136', '16', '120', '740', '341', '541', '406', '354', '658', '790', '373', '844', '430', '119', '551']
['824', '743', '709', '568', '593', '734', '606', '691', '137', '899', '570', '800', '839', '278', '656', '14', '170', '864', '132', '155', '560', '449', '441', '83', '73']
['574', '592', '219', '744', '610', '768', '338', '493', '857', '716', '721', '819', '490', '252', '927', '694', '793', '761', '543', '698', '480', '605', '55', '828', '618', '540', '62', '822', '801', '464', '352', '74', '919']
['591', '206', '381', '802', '577', '624', '817', '139', '376', '896', '248', '862', '372', '286', '126', '96', '586', '29', '456', '795', '616', '88', '841', '597', '210', '361', '375', '216', '440', '468', '431', '199']
['478', '576', '595', '585', '242', '596', '853', '660', '367', '103', '850', '454', '738', '519', '612', '72', '104', '315', '912', '526', '221', '131', '536', '324', '913', '492', '901', '250', '277', '281']
['453', '314', '58', '175', '659', '143', '89', '572', '780', '587', '112', '481', '425', '423', '854', '273', '123', '159', '890', '109', '529', '290', '358', '302']
['622', '202', '647', '113', '127', '460', '922', '87', '335', '724', '28', '885', '733', '37', '114', '773', '498', '727', '888', '566', '889', '54']
['223', '805', '856', '855', '789', '389', '751', '488', '837', '419', '125', '32', '21', '6', '300', '638', '600', '717', '279', '718', '486', '171', '741', '466', '380', '382', '416']
['909', '418', '434', '320', '326', '707', '385', '873', '207', '85', '539', '317', '601', '550', '167', '846', '247', '483', '579', '796', '757', '635', '681', '559', '350', '535']
['640', '149', '370', '239', '833', '458', '312', '64', '359', '138', '179', '392', '165', '820', '643', '272', '97', '217', '162', '342', '65', '12', '558', '176', '502', '402', '321', '749']
['808', '542', '904', '368', '926', '24', '193', '187', '630', '260', '473', '80', '84', '95', '253', '34', '806', '356', '427', '3', '4', '665', '674', '494', '804', '26', '266', '872', '652', '413', '296', '845', '360', '906', '42', '821', '262', '884', '414', '9', '742']
['303', '183', '583', '232', '561', '455', '690', '163', '897', '531', '310', '646', '129', '0', '212', '499', '677', '589', '19', '144', '720', '810', '130', '651', '552', '764', '241', '99', '157', '465', '108']
['107', '823', '222', '13', '63', '8', '861', '475', '923', '256', '838', '671', '549', '135', '534', '594', '620', '244', '553', '598', '311', '902', '313', '325', '881', '567', '177', '637', '765', '548', '48', '117', '860', '344']
['400', '393', '706', '507', '194', '852', '521', '17', '491', '190', '581', '134', '235', '101', '625', '334', '827', '323', '485', '229', '79', '364', '347', '840', '209', '100', '38', '812', '436', '496', '762', '798', '847', '760', '701']
['265', '776', '195', '684', '258', '118', '299', '735', '205', '240', '51', '158', '766', '50', '886', '200', '868', '366', '703', '642', '22', '879', '261', '298', '150', '699', '180']
['438', '556', '627', '40', '93', '516', '730', '723', '409', '236', '911', '459', '271', '547', '225', '779', '264', '394', '292', '233', '476']
['836', '432', '27', '497', '398', '322', '77', '876', '142', '865', '571', '417', '424', '351', '249', '875', '708', '849', '214', '645', '696', '263', '23', '680', '537', '500', '374', '615', '287', '921']
['435', '386', '520', '52', '777', '928', '397', '518', '746', '910', '523', '452', '203', '81', '444', '732', '151', '269', '463', '648', '835', '715', '7', '433', '383', '2', '631', '503', '82', '565']
['770', '710', '722', '636', '196', '617', '713', '700', '213', '848', '282', '404', '711', '160', '702', '181', '607', '511', '56', '115', '482', '329', '685', '613', '390', '41']
['387', '304', '309', '797', '905', '251', '792', '36', '71', '517', '719', '110', '892', '184', '295', '388', '172', '66', '39', '809', '293']
['791', '914', '412', '301', '457', '697', '411', '450', '487', '530', '189', '832', '578', '505', '785', '649', '604', '774', '243', '557', '522', '357', '893', '641']
['668', '763', '86', '866', '564', '294', '731', '259', '813', '907', '422', '769', '405', '871', '237', '514', '284', '246', '603', '662', '198', '602', '226', '191', '45', '94', '140', '695', '228', '683', '211', '369', '288']
['752', '834', '396', '782', '426', '755', '924', '918', '759', '859', '330', '122', '758', '687', '307', '880', '268', '355', '863', '726', '815', '78', '319', '328', '18', '410', '775', '10', '729', '469', '186', '106', '655', '878', '609', '204', '470']
['825', '555', '267', '69', '283', '692', '178', '908', '676', '621', '148', '917', '929', '667', '818', '894', '705', '816', '653', '599', '443', '736', '238', '451', '784', '327', '484', '628', '68', '826', '750']
['399', '661', '794', '75', '275', '725', '639', '781', '657', '633', '185', '339', '445', '788', '898', '353', '799', '664', '747', '384', '474', '224', '654', '887', '623', '874', '584', '1', '25', '231', '197', '544', '663', '477']
['333', '5', '509', '756', '590', '611', '829', '166', '650', '437', '362', '479', '772', '748', '133', '276', '619', '59', '20', '446', '737', '920', '67', '391', '877']
['274', '786', '489', '153', '340', '270', '395', '504', '678', '43', '771', '467', '608', '46', '289', '546', '753', '562', '634', '337', '349', '47', '533', '343', '745', '305', '448', '900', '420']
