[]
['492', '142', '312']
['276', '264']
['350', '384']
[]
['527']
[]
[]
['915', '995', '830', '583']
['891', '132']
['936']
['115']
['974', '733', '746', '248', '90', '321']
['959']
[]
[]
['979', '474', '225']
['767', '496', '24']
['631']
['52', '412', '408']
['483', '690', '889']
['247', '338']
['262']
['184', '536', '572']
['233', '285']
['975', '587']
[]
['164', '286', '983']
[]
['315', '22', '807', '564']
['863', '625', '87']
['634', '657', '114']
['872', '145']
['72']
['870', '255']
['422', '158']
['148', '239', '677']
[]
['149']
['1', '526', '962', '203']
['480', '845', '21']
['297', '206']
['278']
[]
['707']
['818']
['341']
['472', '0', '539']
[]
['358', '365']
['356', '793', '450', '124']
['455', '136']
['566', '763']
['747', '636', '972']
['795', '199', '762', '505', '342']
['837', '787', '907']
[]
['113', '378']
['273', '162', '241']
[]
[]
['642', '436']
['260']
['851']
['806', '980']
[]
['824', '834', '550', '29']
['998', '507', '557', '697']
[]
['963', '643']
[]
['615', '418', '813']
['4', '934', '606']
['144', '246']
['540', '686', '534']
['40', '621']
['183']
[]
['362']
['279', '730', '535']
['817', '732']
['831']
['985']
['944', '249', '372']
['908']
[]
['622', '91', '850', '51']
['242', '81', '744', '661', '438', '941']
['892', '942', '954']
['486', '37']
['448', '637', '207']
[]
['349', '171']
['881', '680', '80']
['724', '66']
['179']
['549', '316']
['801']
['143', '156', '257', '294', '885']
['826', '36', '485']
['750', '353', '509']
['439', '118', '720']
['919', '429', '170']
['722']
[]
[]
[]
['765', '318']
['984']
['153', '47']
['731', '792', '803']
['648', '245']
['50']
['333']
['804', '555']
['766', '88', '922']
[]
['866', '521']
['645']
['430']
['446']
['305', '223']
['514', '235', '576']
['166', '105', '753']
['28']
['111']
['221', '212', '478']
['977', '829', '760']
['261', '244', '6', '570']
['970']
[]
['666', '238', '421']
['337', '15', '67']
['685', '556', '706', '254', '216']
['543']
['433']
['23']
['903', '978']
['194', '958', '751']
[]
['431', '805', '7', '19']
[]
['402']
['547', '638']
['107']
['488', '559']
['931', '522', '434', '53']
[]
['898', '141', '591']
[]
['34', '684']
['639', '65', '289', '565']
['463', '821']
['92']
['739']
['473', '396']
['181']
['75']
['319']
['705', '324', '140']
[]
['713']
['924']
['9', '756', '925', '458', '280', '886', '667']
['346', '670']
['465', '779', '940', '578', '987', '626', '60']
['218']
['517', '542', '947', '443', '862', '329']
['596']
['386', '996', '502', '855', '737']
['613', '104', '426']
['776', '687']
['390', '284']
['266', '282', '133', '748']
['871', '743']
['579', '946']
['660', '520', '709', '678', '856', '41', '504']
[]
['647', '605']
['562', '493']
['966', '302']
['533', '973', '213']
['519', '406']
['130', '879']
['46']
[]
['586', '782']
['281']
['848']
['545']
[]
[]
['69']
['802', '116', '865']
['609', '633', '512', '927']
['489', '138', '236']
['653', '584', '923']
['468', '274']
['359', '325']
['873', '416']
['650', '789']
['702']
['916', '89']
['339', '869']
['839', '926', '180', '820']
['31']
['809']
['693', '79', '394', '119', '682']
['445', '295', '635', '858']
['155', '604', '853']
['528', '270']
['846']
['518', '94']
['890', '77']
['901']
['827', '632']
['627']
[]
['178', '128']
['717']
['770']
['567']
['313']
['906', '844']
['676', '417']
['988', '78']
['569', '679']
['462', '511', '904', '304', '106', '411']
['887']
['146', '854', '200', '70', '134']
['629', '303', '327']
['366', '188', '694', '26']
['499', '427', '877', '777', '532']
['619', '320']
['953']
['64']
['452', '933']
['63']
['630']
['553']
['649', '490']
['311']
[]
['989']
['336', '334']
['192', '714', '957', '755']
['84']
['139', '611']
['229', '467']
['592', '17', '828', '849']
['921', '593']
['12', '603', '836']
['159']
['308', '662', '573']
['495', '267', '243']
['715']
['306', '969']
['812', '258']
['405']
['671', '401']
['3', '291']
['624', '265', '150']
['956', '117', '577', '453', '948']
['876', '131']
['847']
['612', '198']
[]
[]
['778', '595', '126']
['689', '510']
['71']
[]
['74']
['768', '930', '990']
['76', '380']
[]
['322', '125', '888', '917', '38']
['999', '102', '961', '437']
['165', '154']
['11', '524']
[]
[]
['354', '955']
['95']
['414']
['93', '692']
['761']
['665', '652', '20']
['151', '912', '875']
['5', '864', '752']
['456', '61', '738']
['300']
['269', '741', '292']
['699']
['833', '938', '681']
['482', '544']
['323', '182']
[]
['395', '470', '691']
['716', '683']
['35']
['976']
['552', '914']
[]
['98', '33']
['656', '800']
['531']
['585', '719', '810', '330']
[]
['109', '317', '588']
['13', '929']
['729', '582']
['360']
['461']
[]
['659']
['771', '62']
['471', '228']
['740', '786', '174', '991']
['868', '628']
[]
['253', '424']
['475', '387']
['774']
['997', '597']
['226']
['232', '618', '331']
['780']
['435', '377']
['814', '721', '220']
['476']
['86', '600']
['696', '646', '277', '718', '641']
['379', '425', '157']
['259', '815', '419', '701', '293', '710']
[]
['791']
['459']
['723', '742', '784', '811']
['965', '529', '298']
['407']
['215', '602', '389']
['172', '101']
['785', '852', '196']
[]
['541', '700']
['314']
['441', '749']
['920']
[]
['268', '2', '913', '835']
['599']
['168', '896', '364']
['361']
['825', '464', '932', '589', '960']
['343', '137', '367']
['816']
['546', '369', '880']
['374', '27', '964', '347']
['332']
['73', '25', '783']
['558', '530', '383']
['581', '44']
['736']
['905', '616', '893', '598']
['201', '608', '328', '708']
['449', '348']
['85', '617']
['897']
['822', '832']
['409', '415']
['120', '734']
['340']
['404', '968']
['704']
['841', '819']
['712', '152']
['10', '644']
['895', '640', '861']
['982', '610']
['163']
['993', '351']
['231', '874']
['275', '217', '477']
[]
['899', '491', '122', '18']
['823', '859']
['497', '400']
['205']
['83', '523']
['457', '945', '177', '112', '48']
['56', '368', '442']
['798', '698']
['788', '309']
['673', '951', '420']
['403']
['695']
['728']
['256', '986']
['197', '867']
['344']
[]
['773']
['388', '214']
['186', '376', '161']
['335']
['444', '375', '928']
['525', '185', '484']
['551', '688']
['501', '440', '910', '195']
['287', '310', '230', '878']
['935', '42']
['299', '370', '100']
['355', '769', '703', '14']
['252', '883', '32']
['772', '413']
[]
['263', '560', '123', '725', '808']
['479', '711', '211', '398']
['209', '392']
['860', '326', '222']
['548', '516', '96']
['500', '487']
['127']
['16']
['103']
['838', '30', '911']
['797', '775', '503']
['108', '187']
[]
['757', '175']
['391', '219']
['918', '840']
['147', '651', '301']
['971', '288']
['191', '110', '568', '620', '538']
['54', '790']
['909']
['8', '799']
['508']
['82', '981']
[]
['99', '272']
['623', '745']
['49']
['469', '202', '460']
['994', '992', '601']
[]
[]
['884', '675', '764', '169', '227']
[]
['672', '451', '857', '590']
['176', '371']
['381', '614']
['58', '726']
['432', '237', '571']
['363', '129']
['399', '669']
['949', '894']
['554', '251', '160', '410', '68']
['385']
['481']
['447', '674', '271', '97']
[]
['373']
['664', '397']
['204']
['189']
['580', '537']
['758']
['594', '663', '173']
['607']
['506', '193', '900']
['39', '515', '135']
['781', '735']
['210', '943', '658']
['357', '902']
['575']
['937']
['513', '43']
['45', '240', '882']
['121']
[]
['574', '352', '796', '843', '290']
[]
['57']
['307', '428', '498', '59', '423']
['296', '563', '794', '494', '952']
['654', '208']
['190']
['234', '167']
['655']
['224', '842', '759']
[]
['55', '345']
['382', '454']
['466', '950']
['939', '754', '727']
['967']
['668', '283']
['393', '250', '561']
