['720', '593', '714', '603', '596', '425', '75', '127', '208', '639', '70', '399', '310', '844', '134', '662', '52', '782', '688', '811', '656', '465', '484', '757', '539', '48', '284', '841', '838', '627', '31', '42', '307', '89', '797']
['637', '480', '231', '40', '112', '397', '173', '373', '615', '735', '308', '671', '666', '182', '107', '721', '260', '793', '116', '211', '548', '196', '386', '693', '755', '250', '612', '272', '136', '634', '784', '233', '805', '401', '640']
['740', '833', '436', '109', '328', '701', '145', '604', '653', '347', '348', '626', '571', '643', '771', '379', '80', '501', '514', '434', '834', '55', '270', '786', '228', '700', '537', '774', '846', '23', '474', '641', '619', '768', '767']
['630', '711', '770', '552', '142', '723', '32', '404', '510', '528', '744', '532', '843', '16', '607', '529', '576', '170', '405', '61', '102', '754', '210', '718', '165', '663', '302', '313', '852', '764', '577', '30', '461', '83', '27']
['283', '694', '506', '695', '478', '635', '447', '538', '342', '87', '462', '225', '807', '575', '366', '129', '670', '389', '190', '58', '545', '253', '330', '280', '322', '469', '736', '22', '428', '96', '88', '625', '853', '18', '344']
['692', '346', '766', '276', '287', '188', '305', '248', '594', '412', '507', '613', '716', '403', '218', '824', '43', '370', '72', '413', '352', '424', '813', '850', '111', '758', '667', '748', '414', '493', '317', '160', '275', '522', '392']
['74', '203', '503', '647', '176', '345', '622', '783', '743', '762', '340', '724', '489', '214', '185', '299', '550', '194', '353', '669', '785', '633', '154', '749', '245', '363', '258', '772', '156', '113', '2', '620', '745', '561', '727']
['777', '739', '159', '294', '624', '761', '327', '71', '554', '508', '516', '321', '212', '146', '65', '68', '66', '477', '535', '544', '252', '391', '854', '39', '769', '82', '263', '759', '103', '93', '595', '410', '829', '668', '618']
['659', '341', '616', '677', '686', '8', '678', '422', '388', '81', '201', '717', '223', '34', '726', '37', '95', '583', '602', '605', '470', '819', '24', '274', '500', '629', '705', '161', '374', '187', '475', '288', '137', '131', '371']
['429', '94', '169', '446', '855', '25', '458', '655', '444', '658', '776', '239', '520', '512', '654', '237', '180', '752', '646', '836', '298', '649', '794', '383', '741', '415', '826', '606', '763', '536', '660', '178', '591', '168', '336']
['106', '251', '264', '570', '775', '332', '789', '713', '369', '271', '7', '450', '511', '600', '682', '821', '19', '418', '238', '580', '515', '56', '518', '490', '806', '241', '684', '3', '192', '526', '329', '395', '204', '193', '268']
['778', '166', '685', '29', '295', '621', '648', '33', '568', '394', '115', '556', '164', '285', '572', '849', '837', '323', '306', '1', '840', '200', '681', '719', '494', '597', '812', '257', '315', '567', '542', '135', '255', '809', '525']
['41', '118', '402', '324', '206', '246', '267', '114', '611', '421', '338', '601', '44', '590', '319', '36', '609', '407', '842', '523', '343', '54', '460', '657', '289', '382', '47', '779', '651', '439', '77', '242', '50', '753', '335']
['108', '468', '437', '559', '184', '351', '696', '6', '177', '756', '99', '117', '454', '400', '46', '320', '632', '426', '132', '286', '139', '810', '487', '277', '513', '673', '560', '674', '28', '254', '197', '259', '331', '471', '122']
['665', '802', '801', '557', '588', '644', '747', '311', '455', '488', '11', '78', '244', '222', '485', '702', '155', '359', '443', '527', '610', '732', '408', '362', '144', '333', '482', '325', '224', '445', '731', '101', '566', '35', '73']
['628', '495', '729', '157', '587', '309', '555', '699', '281', '430', '690', '551', '573', '451', '220', '152', '800', '584', '360', '479', '704', '279', '195', '467', '636', '300', '110', '175', '423', '707', '265', '706', '498', '5', '491']
['531', '121', '709', '804', '453', '368', '227', '463', '519', '708', '742', '138', '125', '293', '541', '765', '21', '100', '10', '85', '683', '60', '524', '376', '314', '680', '565', '350', '98', '504', '830']
['183', '817', '234', '219', '76', '349', '235', '832', '57', '799', '579', '823', '256', '608', '703', '791', '120', '316', '642', '174', '623', '207', '17', '97', '733', '564', '4', '790', '232', '483', '452', '326', '546', '365', '334']
['586', '585', '845', '780', '105', '661', '181', '221', '760', '598', '198', '486', '91', '521', '582', '457', '675', '148', '476', '64', '449', '416', '375', '406', '773', '150', '746', '553', '433', '517', '435', '796', '473', '438']
['0', '13', '815', '792', '691', '827', '574', '816', '126', '505', '540', '367', '67', '153', '364', '417', '387', '304', '831', '249', '179', '725', '38', '26', '679', '51']
['599', '592', '226', '297', '818', '172', '390', '262', '715', '712', '269', '209', '614', '393', '378', '835', '213', '496', '472', '384', '411', '130', '318', '84', '119', '440', '798', '497', '492', '266']
['372', '448', '356', '459', '49', '149', '442', '569', '163', '689', '847', '419', '828', '171', '140', '481', '291', '750', '650', '808', '104', '814', '261', '215', '292', '247', '822', '728', '738', '722', '549', '158', '358', '427', '751']
['236', '787', '230', '45', '530', '377', '14', '69', '502', '354', '205', '301', '141', '240', '133', '189', '20', '361', '848', '202', '59', '124', '563', '672', '589', '581', '803', '243', '339', '53', '652', '499', '381', '558', '638']
['229', '79', '123', '63', '9', '337', '355', '441', '282', '380', '697', '357', '698', '730', '199', '128', '466', '664', '676', '839', '162', '710', '396', '820', '687', '147', '143', '15', '431', '409', '825', '217', '312', '385', '534']
['509', '533', '278', '781', '303', '547', '273', '617', '456', '464', '543', '90', '645', '216', '86', '578', '420', '290', '631', '12', '795', '398', '151', '186', '562', '737', '734', '62', '167', '432', '92', '788', '191', '296', '851']
