['307', '866', '793', '442', '210', '362', '839', '585', '106', '452', '808']
['386', '600', '974', '359', '539', '923', '789', '429', '999', '314', '468', '691', '42', '330', '38', '259', '391', '746', '540', '842', '962', '301', '582', '606', '757']
['729', '855', '522', '25', '765', '238', '11', '203', '457', '421', '823', '835', '878', '302', '717', '588', '30', '449', '760', '933', '94', '779']
['631', '357', '762', '934', '341', '516', '508', '612', '775', '267', '262', '345', '2', '958', '85', '428', '113', '955', '573', '182']
['738', '447', '697', '768', '511', '895', '684', '990', '123', '969', '981', '634', '914', '141', '337', '292', '139', '460', '371', '919', '936', '572', '749', '349', '532', '902']
['387', '661', '708', '627', '812', '683', '513', '730', '208', '290', '681', '353', '58', '397', '613', '205', '944']
['78', '912', '410', '630', '242', '111', '68', '586', '163', '597', '690', '884', '787', '505', '650', '615', '473', '501', '571', '226', '906', '928', '758']
['57', '805', '379', '833', '358', '637', '172', '651', '863', '983', '363', '385', '888', '445', '905']
['926', '626', '556', '659', '260', '277', '885', '698', '893', '436', '733', '9', '74', '918', '187', '542', '425', '327', '961', '496', '317', '898']
['467', '495', '174', '903', '144', '879', '770', '20', '603', '129', '408', '98', '488', '799', '754']
['535', '165', '396', '114', '543', '947', '558', '150', '677', '184', '719', '377', '148', '245', '415']
['152', '44', '595', '874', '14', '950', '352', '494', '678', '472', '828', '291', '7', '963', '52', '852', '509', '369', '134', '62', '873', '589', '130', '692', '748', '814', '283', '204', '657']
['883', '872', '279', '967', '199', '882', '553', '772', '401', '751', '640', '995', '188', '922', '675', '272', '971', '246']
['544', '125', '133', '811', '783', '920', '370', '409', '892', '12', '54', '721', '816', '181', '949', '778', '547', '820', '60', '574', '767']
['837', '644', '899', '490', '590', '581', '171', '153', '486', '53', '713', '309', '100', '979', '0', '605', '564', '237', '186', '607', '328', '859', '103', '492', '841', '868', '255']
['617', '911', '487', '244', '701', '862', '384', '333', '609', '528', '180', '619', '794', '64', '159', '864', '829', '443', '19', '715']
['202', '776', '217', '374', '916', '834', '519', '274', '426', '23', '712', '190', '319', '594']
['233', '354', '256', '400', '830', '325', '229', '382', '848', '293', '480', '499', '984', '218', '941', '945']
['860', '326', '456', '716', '562', '621', '189', '552', '312', '434', '524', '102', '13', '161', '786', '965', '453', '518', '393', '744']
['483', '655', '306', '399', '858', '554', '281', '18', '270', '34', '167', '523', '364', '50', '310', '583', '970', '680', '635', '587', '156', '212', '348', '31', '471', '822', '223', '166']
['224', '3', '803', '915', '502', '268', '418', '854', '756', '206', '394', '682', '761', '8', '734', '323', '128']
['162', '491', '645', '131', '402', '178', '273', '836', '47', '75', '584', '92', '117', '876', '994', '647', '610']
['982', '997', '910', '474', '441', '90', '838', '529', '46', '344', '521', '324', '70', '43', '654', '149', '220', '284']
['575', '368', '266', '695', '435', '673', '151', '303', '276', '234', '431', '88', '105', '207', '679', '561', '16', '977', '366', '507', '802']
['781', '225', '351', '968', '191', '185', '15', '347', '771', '311', '736', '269', '660', '388', '710', '413', '515', '154', '792', '97', '725', '790', '263', '753']
['527', '784', '458', '398', '797', '51', '881', '782', '91', '638', '520', '104', '952', '176', '289', '49', '248', '81', '118', '77', '221', '477', '411']
['193', '593', '927', '525', '851', '987', '817', '21', '821', '211', '241', '815', '510', '239', '321', '788', '86', '844', '124', '870']
['407', '316', '493', '674', '261', '747', '252', '705', '340', '376', '555', '201', '101', '722', '861', '76']
['451', '17', '956', '350', '894', '960', '795', '41', '720', '785', '546', '813', '930', '466', '891', '287', '175']
['666', '921', '913', '383', '235', '343', '545', '939', '800', '438', '832', '116', '890', '624', '596', '530', '686', '676', '503', '670']
['804', '461', '946', '315', '168', '557', '752', '285', '700', '71', '155', '405', '827', '297', '737', '901', '694', '72', '669', '109', '668']
['243', '865', '897', '641', '953', '122', '230', '569', '138', '288', '976', '608', '924', '985', '739', '656', '726', '653', '972', '265', '506', '935']
['446', '361', '639', '774', '938', '308', '580', '275', '192', '121', '846', '871', '179', '10', '780', '485', '313']
['236', '89', '115', '35', '444', '849', '598', '56', '877', '169', '622', '689']
['664', '623', '430', '724', '135', '214', '709', '867', '195', '688', '601', '80', '538', '548', '219']
['360', '32', '602', '127', '576', '389', '95', '464', '533', '424', '988', '824', '240', '332', '66', '991', '693', '481', '282']
['278', '419', '73', '147', '412', '119', '83', '703', '806', '37', '459', '454', '55', '625', '904', '6', '889', '422', '26', '536', '687', '646', '740', '108', '465', '937', '993', '39', '966', '416', '417', '702']
['380', '331', '489', '183', '843', '887', '271', '616', '570', '93', '254', '831', '48', '470', '826', '5', '853']
['67', '845', '4', '177', '403', '247', '475', '336', '45', '137', '798', '334', '232', '390', '455', '809', '404', '537', '764', '642']
['476', '381', '591', '420', '973', '196', '251', '22', '365', '231', '264', '957', '907', '807', '604', '107', '40', '723', '531', '711']
['79', '140', '948', '96', '437', '986', '305', '614', '896', '599', '908', '253', '322', '791', '462', '856', '662']
['728', '497', '732', '563', '1', '541', '549', '996', '346', '840', '65', '929', '559', '298', '36']
['759', '33', '628', '59', '875', '534', '258', '696', '257', '120', '432', '526', '228', '989', '672', '998']
['338', '227', '286', '777', '484', '810', '392', '900', '652', '975', '577', '29', '517', '318', '931', '164', '158', '61']
['173', '160', '801', '335', '433', '932', '136', '551', '954', '731', '373', '69', '636', '658', '280', '886', '825', '329', '28', '880', '629', '339']
['213', '440', '685', '755', '818', '980', '857', '87', '463', '215', '699', '850', '951', '99', '110', '632', '294', '618', '82', '145']
['566', '773', '300', '663', '643', '707', '727', '395', '479', '512', '718', '372', '194', '448', '146', '478', '611', '766', '567', '743', '633', '469', '450', '414', '565']
['560', '943', '550', '197', '439', '112', '63', '84', '482', '27', '940', '917', '819', '742']
['423', '745', '769', '320', '568', '504', '498', '170', '964', '869', '406', '250', '578', '763', '978', '942', '157', '378', '592', '427', '304', '925', '704']
['200', '24', '706', '216', '126', '714', '222', '992', '249', '750', '959', '142', '143', '671']
['665', '209', '355', '342', '299', '909', '356', '296', '375', '667', '500', '367', '132', '620', '735', '796', '579', '198', '514', '741', '649', '295', '648', '847']
