['117', '115', '364', '22', '886', '363', '347', '774', '599', '702', '394', '69', '288', '160', '727', '844', '442', '136', '25', '341', '991', '814', '965', '224', '703']
['182', '635', '648', '606', '358', '848', '944', '664', '1', '249', '12', '586', '480', '377', '620', '339', '896', '223', '712', '273', '328', '284', '678', '716', '353']
['57', '221', '313', '380', '386', '96', '290', '120', '464', '730', '126', '605', '675', '174', '539', '478', '947', '197', '935', '544', '644', '682', '428', '473', '564']
['362', '50', '602', '773', '627', '967', '652', '493', '187', '452', '408', '744', '834', '908', '655', '55', '63', '963', '503', '49', '4', '817', '929', '225']
['214', '610', '378', '753', '438', '298', '82', '700', '633', '828', '416', '329', '887', '858', '410']
['97', '776', '173', '133', '178', '193', '762', '618', '796', '945', '642', '387', '460', '135', '836', '107', '17', '176', '950']
['714', '843', '569', '573', '874', '291', '268', '105', '829', '175', '936', '111', '457', '846', '18', '845', '434']
['615', '546', '866', '797', '228', '444', '7', '128', '451', '27', '639', '726', '755', '234', '34', '436', '698', '791']
['269', '180', '383', '554', '6', '458', '741', '371', '657', '241', '246', '141', '181', '674', '790', '190', '585', '672', '769', '669', '88', '159', '651']
['590', '763', '668', '391', '286', '594', '909', '332', '482', '981', '30', '86', '154', '783', '572', '748', '77', '922', '418', '568', '42', '595']
['985', '752', '73', '15', '821', '704', '543', '209', '322', '722', '705', '507', '609', '226', '184', '99', '916', '267']
['108', '162', '385', '625', '392', '693', '912', '384', '767', '710', '448', '584', '934', '393', '622', '565', '125', '728', '506', '454', '993', '185', '420', '296', '469']
['612', '479', '825', '423', '127', '236', '581', '505', '697', '102', '925', '121', '429', '961', '941', '403', '303', '248', '471', '230', '778', '869', '401']
['204', '265', '202', '207', '414', '567', '793', '690', '327', '780', '261', '882', '977', '232', '443', '906', '758', '53', '643', '382', '198', '756', '40']
['837', '926', '237', '484', '166', '636', '646', '996', '959', '687', '761', '691', '331', '145', '529']
['477', '301', '81', '853', '562', '663', '990', '994', '989', '574', '804', '177', '446', '495', '388', '195', '514', '794', '619']
['239', '900', '192', '717', '264', '838', '999', '41', '518', '632', '788', '903', '155', '274', '95', '272', '357', '902', '588', '336', '818', '943', '308']
['662', '62', '433', '161', '873', '723', '461', '103', '538', '250', '381', '749', '360', '978', '799', '199', '839', '334', '865', '593', '877', '631', '33']
['614', '835', '244', '258', '302', '708', '893', '692', '815', '119', '560', '118', '720', '673']
['921', '470', '65', '777', '259', '768', '343', '379', '297', '342', '447', '713', '530', '766', '932', '153', '78', '679', '740', '884', '850', '31']
['575', '830', '399', '227', '76', '404', '997', '131', '847', '421', '699', '68', '487', '534', '309', '859', '282', '827']
['490', '868', '367', '803', '998', '671', '792', '883', '826', '293', '337', '139', '172', '113', '485', '953', '194', '84', '641', '324', '501']
['123', '489', '16', '292', '491', '813', '330', '911', '465', '659', '951', '481', '966', '147', '37', '551']
['129', '167', '263', '156', '842', '910', '275', '39', '413', '459', '67', '351']
['340', '59', '338', '696', '512', '798', '645', '2', '737', '217', '216', '114', '168', '171']
['532', '205', '851', '21', '395', '980', '344', '689', '854', '130', '957', '683', '938', '266', '242', '356', '731', '354', '74', '289']
['93', '262', '361', '476', '820', '419', '525', '157', '390', '212', '350', '462', '685', '164', '517', '732', '862', '974', '323', '372', '44', '660', '219', '715']
['735', '509', '260', '956', '805', '426', '923', '346', '747', '519', '247', '638', '397', '931', '137', '449', '895', '453', '863', '823', '658', '19', '973', '982', '955']
['80', '995', '425', '305', '151', '106', '28', '499', '649', '969', '812', '589', '550', '100', '66', '927', '535', '686']
['150', '320', '598', '852', '165', '492', '310', '937', '306', '940', '746', '61', '389', '933', '971', '300', '872', '541', '20', '496']
['871', '396', '861', '251', '528', '279', '576', '809', '200', '406', '240', '257', '510', '624', '706', '841', '276']
['432', '116', '211', '213', '132', '875', '694', '98', '667', '901', '695', '467', '437', '596', '782', '104', '90', '889', '613']
['500', '946', '885', '760', '376', '516', '822', '905', '604', '143', '475', '786', '417', '486', '23', '472', '634', '986', '913', '87', '904', '374', '14']
['146', '881', '701', '915', '591', '566', '983', '287', '110', '333', '739', '802', '592', '719', '430', '440', '721', '441', '233', '894', '571']
['352', '665', '779', '415', '365', '811', '583', '109', '656', '370', '523', '245', '299', '191', '917', '630', '85', '243', '607', '60', '924', '557', '899', '559']
['890', '759', '976', '140', '808', '483', '897', '751', '295', '201', '520', '92', '531', '757', '891', '422', '770', '134', '775', '724', '864', '661', '742']
['587', '580', '431', '409', '958', '170', '547', '670', '35', '653', '366', '210', '556', '738', '64', '158', '398', '345', '597', '314', '72', '540', '79', '537']
['112', '733', '75', '152', '281', '888', '424', '466', '203', '939', '124', '515', '359', '229', '169', '745', '138', '51', '601', '816', '789']
['231', '488', '840', '349', '196', '725', '144', '718', '52', '9', '561', '548', '743', '970', '879', '304', '637', '94', '948']
['315', '616', '5', '43', '650', '579', '468', '526', '335', '831', '142', '878', '36']
['611', '623', '870', '819', '10', '375', '832', '857', '148', '930', '795', '876', '962', '954', '898', '542', '54', '45', '29', '186', '772', '149']
['807', '222', '163', '801', '254', '952', '411']
['24', '942', '964', '892', '427', '319', '83', '455', '463', '321', '949', '928', '47', '680', '781', '914', '502', '71', '402', '800']
['992', '255', '563', '784', '918', '988', '238', '369', '972', '521', '280', '508', '318', '666', '271', '494', '46', '11', '270', '960', '553']
['734', '474', '640', '582', '256', '558', '984', '235', '456', '89', '867', '3', '48', '919', '206', '533', '707', '806', '179']
['608', '316', '294', '277', '122', '621', '38', '754', '504', '709', '215', '498', '70', '676', '445', '856', '283']
['860', '407', '307', '920', '101', '317', '524', '312', '26', '218', '355', '253', '348', '549', '907', '513', '522']
['400', '326', '824', '511', '577', '435', '0', '711', '629', '750', '849', '987', '208', '833', '600', '855', '373', '677', '684', '688']
['325', '450', '32', '439', '368', '8', '189', '764', '405', '555', '536', '220', '603', '188', '56', '91', '647', '787', '968', '975', '285', '252', '736', '578', '729']
['810', '979', '545', '13', '617', '654', '412', '765', '570', '681', '311', '552', '785', '278', '771', '497', '880', '183', '626', '527', '628', '58']
