['840', '498', '615', '158', '874', '188', '60', '445', '424', '902', '784', '55', '752', '164', '829', '654', '311', '32', '810', '610', '896', '44', '221', '407', '38', '630', '456', '124']
['594', '427', '422', '974', '31', '675', '981', '85', '531', '574', '49', '799', '588', '550', '959', '987', '66', '561', '291', '683', '781']
['706', '516', '946', '652', '128', '250', '236', '910', '438', '244', '372', '602', '190', '131', '300', '735', '593', '678', '944', '811', '636', '107', '168', '862', '101', '609', '690', '583', '248', '213', '218', '562', '276', '950', '281', '538', '971']
['142', '494', '580', '779', '651', '877', '521', '448', '386', '289', '169', '502', '855', '100', '176', '778', '980', '661', '321', '83', '347', '505', '727', '926', '335', '807', '231', '12', '928', '314', '979', '969', '642', '731', '72', '395', '769', '457', '552', '467', '365']
['716', '88', '645', '297', '159', '813', '428', '525', '927', '192', '22', '637', '921', '322', '749', '559', '907', '203', '421', '692', '939', '622', '867', '269', '209', '949', '136', '216', '183', '703', '331', '257', '334', '868', '708']
['863', '354', '465', '214', '53', '667', '241', '886', '878', '503', '432', '332', '381', '95', '115', '316', '880', '650', '201', '761', '14', '837', '938', '707', '472', '942', '553', '911', '385', '608', '655', '162', '63', '825', '210', '584', '965']
['617', '929', '339', '876', '563', '730', '220', '419', '304', '775', '510', '908', '961', '834', '283', '572', '284', '612', '936', '597', '274', '526', '677', '533', '757', '480']
['317', '135', '768', '569', '798', '91', '985', '774', '713', '288', '892', '45', '394', '62', '993', '793', '285', '823', '343', '417', '694', '202', '641', '728', '598', '96', '92', '898', '324', '638', '647']
['585', '406', '515', '653', '454', '649', '568', '97', '983', '695', '415', '814', '177', '815', '551', '530', '996', '982', '30', '380', '305', '767', '619', '966', '315', '933', '512', '362', '111']
['113', '740', '247', '450', '523', '674', '968', '741', '806', '573', '118', '61', '193', '198', '122', '74', '9', '358', '997', '748', '918', '833', '382', '443', '308', '75', '578', '684', '43', '112']
['895', '109', '838', '195', '835', '87', '374', '723', '914', '809', '401', '802', '476', '361', '528', '720', '514', '266', '509', '565', '431', '451', '679', '885', '866', '582', '13', '957', '194', '262', '991', '496']
['522', '670', '714', '660', '341', '306', '599', '777', '59', '736', '205', '743', '673', '453', '486', '166', '355', '10', '686', '376', '656', '366', '943', '161', '549', '464', '589', '698', '58', '992', '544', '800', '19', '640', '948', '534', '852']
['378', '225', '272', '785', '302', '197', '529', '409', '733', '960', '449', '268', '327', '414', '870', '425', '429', '18', '1', '40', '172', '189', '560', '171', '98', '899', '711', '473', '267', '151', '433', '492', '758', '869', '340']
['773', '137', '844', '507', '607', '611', '42', '219', '689', '447', '398', '121', '795', '504', '396', '851', '659', '229', '517', '208', '352', '702', '934', '524', '972', '28', '483', '185', '606', '148', '832', '474', '555', '351', '601', '290', '224', '368', '441']
['889', '153', '930', '256', '215', '746', '70', '33', '133', '691', '310', '373', '391', '511', '626', '850', '710', '468', '342', '329', '139', '682', '260', '24', '363', '234', '978', '737', '567', '258', '755', '233', '646']
['864', '903', '286', '184', '296', '313', '887', '356', '319', '546', '705', '508', '52', '699', '68', '764', '575', '48', '143', '817', '245', '750', '666', '204', '47', '891', '841', '320', '82', '253', '477', '853', '571', '624']
['788', '180', '715', '235', '393', '718', '484', '787', '872', '732', '129', '831', '797', '73', '947', '796', '704', '79', '138', '643', '482', '719', '25', '543', '466', '228', '223', '591', '808', '469', '199', '527', '86', '756', '734']
['672', '379', '337', '999', '967', '292', '738', '953', '413', '489', '693', '776', '845', '280', '357', '106', '581', '232', '462', '697', '275', '211', '820', '206', '487', '882', '700', '11', '587', '312', '390', '839', '56', '920']
['140', '827', '375', '196', '495', '830', '726', '434', '618', '125', '545', '828', '345', '20', '65', '762', '883', '912', '754', '956', '801', '879', '935', '397', '623', '182', '440', '442', '77', '490', '167', '994', '116', '181', '350', '264']
['78', '426', '766', '663', '491', '481', '0', '69', '271', '8', '81', '790', '603', '932', '259', '163', '897', '80', '789', '238', '595', '475', '986', '420', '294', '338']
['884', '458', '925', '156', '446', '717', '519', '875', '548', '353', '537', '681', '105', '856', '616', '922', '444', '71', '23', '178', '984', '722', '497', '664']
['16', '123', '437', '873', '564', '29', '114', '576', '547', '485', '621', '57', '328', '103', '614', '990', '186', '412', '298', '104', '644', '36', '765', '359', '165', '941', '99', '400', '377', '893', '478', '102', '506']
['721', '541', '570', '242', '821', '141', '906', '923', '536', '410', '399', '270', '648', '360', '146', '309', '816', '51', '742', '130', '200', '452', '631', '964', '696', '26', '791', '846', '388', '287', '842']
['605', '520', '67', '888', '323', '945', '783', '254', '632', '119', '542', '628', '252', '408', '937', '279', '859', '954', '173', '402', '392', '4', '818']
['592', '995', '590', '330', '423', '479', '627', '37', '763', '17', '848', '160', '924', '600', '556', '989', '416', '629', '687', '249', '293', '916', '367', '680', '174', '15', '881', '179', '701', '849', '261', '436', '134', '847', '155', '535', '858', '579']
['94', '93', '962', '493', '596', '212', '84', '739', '187', '857', '759', '349', '854', '843', '403', '998', '782', '239', '369', '792', '27', '50', '865', '132', '405', '299', '154', '836', '411', '770', '383', '901', '518', '955', '931', '336']
['7', '227', '463', '676', '282', '669', '786', '890', '917', '120', '461', '860', '278', '126', '557', '988', '772', '554', '76', '671', '64', '460', '295', '668', '435', '963', '822', '46', '255', '558', '364', '688', '263', '613']
['803', '639', '3', '753', '301', '35', '404', '894', '725', '729', '871', '973', '685', '170', '191', '303', '34', '913', '662', '149', '909', '344', '240', '6', '370', '760', '39', '952', '665', '384', '634', '54', '277', '246', '265', '41', '976', '152', '633']
['326', '539', '230', '333', '471', '500', '117', '724', '794', '604', '747', '348', '904', '905', '318', '940', '824', '819', '751', '346', '145', '243', '566', '900', '387', '620', '975', '812', '470', '459', '175', '89']
['90', '157', '780', '657', '371', '110', '540', '108', '2', '5', '532', '207', '970', '499', '21', '771', '127', '744', '144', '804', '325', '958', '455', '439', '951', '861', '488', '919', '150', '586', '147', '251', '418']
['577', '625', '501', '745', '273', '226', '709', '430', '658', '712', '222', '237', '915', '307', '389', '635', '513', '217', '977', '826', '805']
