['386', '263', '777', '737', '628', '283', '356', '271', '24', '53', '8', '443', '819', '724', '958', '707', '201', '720', '290', '617', '795', '814']
['473', '320', '949', '594', '783', '988', '399', '264', '404', '866', '414', '895', '816', '590', '915', '706', '141', '115', '833', '430']
['654', '57', '546', '548', '905', '231', '112', '644', '883', '693', '439', '379', '322', '536', '254', '261', '859', '648', '431', '954', '197', '657', '192', '142', '960', '392', '808', '470', '972', '401']
['316', '748', '729', '505', '466', '214', '165', '241', '156', '694', '23', '898', '996', '545', '835', '875', '522', '81', '483', '136', '685', '151']
['604', '615', '212', '831', '798', '30', '218', '458', '947', '459', '543', '88', '641', '671', '159', '187', '173', '552', '496', '418', '951']
['5', '668', '444', '670', '238', '938', '69', '813', '339', '800', '424', '862', '230', '127', '471', '117', '571']
['775', '193', '586', '578', '84', '346', '924', '591', '200', '577', '710', '987', '167', '856', '13', '956', '185', '841', '342', '864', '722', '180', '561', '976']
['912', '974', '367', '713', '513', '605', '125', '246', '160', '347', '803', '785', '565', '381', '303', '474', '22', '579', '906', '530', '462', '735', '849', '848', '508', '108']
['273', '215', '37', '21', '669', '429', '630', '838', '970', '82', '372', '812', '660', '705', '986']
['143', '267', '742', '909', '337', '608', '344', '782', '6', '698', '19', '847', '91', '547', '343', '598', '558', '942', '501', '77', '300', '453', '944', '763', '348', '177', '417', '90', '757', '818', '992', '945', '157']
['72', '511', '651', '675', '540', '29', '70', '482', '687', '183', '412', '927', '48', '567', '786', '592', '217', '487']
['58', '250', '860', '376', '928', '776', '341', '277', '900', '609', '174', '998', '509', '62', '753', '259', '807', '541', '371', '638', '868', '922', '52', '442', '573', '760', '221', '902', '109', '652', '236', '104', '448']
['333', '666', '872', '101', '510', '446', '422', '225', '523', '624', '539', '380', '465', '917', '61', '930', '834', '874', '699']
['204', '68', '674', '984', '619', '45', '535', '765', '788', '131', '305', '572', '375', '982', '943', '59', '771', '711', '110', '119', '274', '155', '288', '515']
['235', '94', '574', '743', '168', '479', '31', '939', '80', '311', '340', '144', '266', '494', '128', '223', '977', '7', '557', '427', '434', '762', '164', '9', '550', '887', '406', '457', '336', '150', '396', '610', '678', '276', '733']
['405', '421', '528', '923', '304', '490', '854', '476', '243', '50', '531', '750', '14', '262', '265', '170', '564', '175', '963', '622', '76']
['202', '234', '3', '829', '690', '338', '726', '256', '828', '182', '881', '308', '910', '784', '805', '964', '65', '34', '284', '650', '485', '451', '440', '120', '825', '63', '361', '287', '237', '433', '135', '684']
['863', '529', '677', '152', '438', '952', '955', '326', '295', '67', '886', '780', '719', '154', '766', '971', '60', '111', '365', '844', '794', '779', '327']
['55', '792', '2', '403', '325', '718', '289', '436', '616', '0', '78', '251', '299', '894', '145', '926', '32', '631', '313', '420', '744', '121', '897', '635', '764', '416', '41']
['407', '301', '317', '114', '979', '148', '95', '715', '850', '601', '728', '455', '576', '793', '349', '627', '857', '211', '484', '595', '130', '166', '680', '469', '865']
['870', '634', '991', '378', '42', '47', '823', '450', '665', '861', '811', '827', '965', '961', '97', '162', '639', '495', '896', '916', '391', '172', '269', '995', '623', '138']
['810', '553', '209', '395', '880', '248', '1', '738', '51', '975', '85', '27', '213', '20', '932', '754', '701', '245', '411', '647', '589', '171', '116', '620', '936', '278', '846', '452', '869', '583', '49', '334']
['26', '181', '134', '394', '603', '475', '716', '383', '282', '739', '999', '330', '285', '892', '377', '673', '946', '664', '222', '189', '708', '839']
['191', '398', '747', '885', '524', '25', '388', '454', '700', '11', '79', '761', '226', '606', '815', '83', '353', '534', '962', '661', '460', '196', '323', '691', '208', '730', '75', '968', '410', '709']
['919', '324', '275', '967', '486', '745', '695', '990', '817', '309', '820', '126', '948', '478', '824', '4', '789', '554', '645', '614', '184', '858', '901', '12']
['281', '830', '210', '298', '516', '260', '216', '913', '43', '419', '871', '105', '931', '268', '123', '899', '360', '425']
['456', '689', '717', '102', '612', '229', '607', '907', '297', '682', '242', '752', '983', '103', '672', '878', '787', '826', '98', '428', '74', '64', '551', '315', '732', '749']
['244', '667', '15', '806', '512', '306', '463', '332', '73', '941', '585', '821', '441', '769', '350', '781', '914', '279', '842', '163', '837', '703', '681', '318', '233', '692', '409', '746', '889', '363', '28']
['219', '188', '989', '518', '87', '364', '929', '836', '933', '563', '727', '397', '449', '993', '843', '725', '642', '570', '314', '415', '566', '904']
['751', '382', '537', '791', '633', '447', '637', '370', '423', '506', '649', '625', '538', '93', '368', '40', '352', '804', '467', '393', '527', '491', '611', '477', '99', '712', '686', '228']
['302', '621', '195', '35', '640', '468', '994', '925', '953', '161', '158', '345', '351', '321', '435', '809', '385', '526', '464', '294', '92', '802', '520', '662', '655', '270', '525', '56', '770', '36', '704', '921']
['721', '498', '822', '876', '559', '186', '118', '357', '851', '252', '139', '113', '232', '413', '731', '132', '86', '549', '790', '676', '133']
['755', '584', '54', '980', '147', '207', '736', '855', '387', '358', '852', '768', '247', '981', '532', '507', '556', '258', '845', '296', '137', '580', '663', '502', '66', '582', '331', '593']
['310', '544', '503', '629', '203', '481', '206', '521', '149', '124', '389', '18', '355', '773', '107', '890', '646', '799', '106', '853', '840', '588', '908', '146', '879', '408', '903', '626', '888', '224', '514', '756']
['569', '390', '741', '190', '335', '179', '198', '292', '774', '978', '384', '472', '796', '555', '10', '272', '758']
['562', '253', '366', '71', '329', '893', '257', '488', '723', '734', '16', '402', '249', '997', '740', '280', '33', '89', '17', '935', '169', '560', '373', '759', '291', '500', '973', '461', '362', '832', '702', '937']
['688', '38', '653', '255', '618', '696', '778', '100', '934', '499', '575', '122', '797', '683', '227', '400', '328', '374', '307', '714']
['286', '966', '432', '602', '957', '767', '497', '950', '882', '697', '801', '597', '519', '568', '985', '319', '369', '918', '658', '679', '636', '44', '587', '599', '489']
['596', '659', '359', '632', '600', '877', '480', '891', '542', '581', '437', '240', '867', '643', '239', '312', '959', '517', '205', '445', '140', '873', '613']
['178', '176', '293', '969', '220', '199', '96', '772', '129', '493', '426', '39', '153', '920', '492', '656', '533', '46', '940', '354', '884', '911', '194', '504']
