['700', '72', '165', '203', '993', '215', '56', '525', '926', '970', '236', '467', '477', '592', '641', '662', '67', '171', '761', '218', '92', '861']
['284', '271', '855', '269', '327', '486', '962', '430', '718', '210', '949', '192', '990', '112', '64', '636', '781', '805', '320', '109', '380', '256']
['379', '826', '11', '963', '240', '748', '601', '264', '931', '895', '987', '883', '591', '188', '99', '401', '355', '38', '598', '936', '48', '571']
['272', '17', '581', '378', '948', '664', '357', '276', '422', '266', '277', '658', '287', '946', '755', '733', '952', '61', '802', '878', '620', '451']
['377', '766', '495', '234', '392', '447', '136', '925', '974', '713', '813', '710', '809', '505', '609', '416', '586', '497', '242', '502', '423', '132']
['459', '248', '128', '666', '961', '721', '111', '302', '503', '819', '852', '679', '483', '533', '493', '70', '227', '569', '995', '213', '453', '131']
['762', '9', '841', '85', '682', '365', '65', '383', '374', '434', '450', '197', '336', '965', '407', '114', '359', '247', '394', '754', '163', '18']
['517', '408', '756', '604', '673', '68', '985', '12', '812', '694', '560', '872', '739', '366', '549', '564', '830', '511', '110', '130', '10', '442']
['980', '792', '492', '52', '389', '512', '821', '323', '661', '827', '616', '101', '161', '346', '611', '542', '890', '496']
['937', '558', '714', '298', '572', '431', '680', '243', '504', '653', '406', '217', '332', '712', '981', '143', '229', '702']
['460', '19', '939', '919', '391', '285', '908', '649', '435', '186', '89', '843', '596', '424', '73', '788', '28', '893', '814', '513', '675', '787']
['53', '329', '177', '846', '844', '150', '115', '107', '291', '153', '44', '194', '280', '991', '719', '528', '757']
['565', '738', '331', '918', '851', '989', '810', '627', '470', '211', '145', '530', '978', '850']
['481', '90', '356', '307', '900', '881', '1', '444', '432', '678', '839', '134', '584', '967', '305', '899', '294', '270', '140', '413', '625', '553']
['595', '600', '499', '261', '847', '848', '286', '147', '537', '953', '156', '219', '828', '555', '55', '605']
['364', '35', '245', '723', '524', '193', '803', '120', '201', '358', '508', '490', '722', '268', '684', '354', '412', '907', '707', '265', '617', '183']
['296', '473', '350', '865', '588', '875', '123', '966', '772', '253', '154', '905', '559', '545', '863', '445']
['906', '124', '108', '454', '36', '884', '758', '759', '804', '400', '726', '100', '580', '957', '924', '34', '602', '260']
['994', '23', '984', '896', '998', '82', '835', '854', '443', '54', '567', '688', '690', '485', '3', '178', '175', '310', '849', '514', '823', '173']
['799', '945', '27', '360', '24', '988', '312', '597', '938', '13', '635', '149', '190', '657', '750', '554', '749', '189', '457', '751']
['958', '202', '888', '428', '254', '212', '587', '563', '916', '411', '462', '330', '986', '715', '98', '544', '313', '46', '642', '20', '142']
['631', '69', '817', '402', '607', '720', '208', '480', '501', '66', '353', '83', '237', '352', '785', '479', '944']
['468', '954', '220', '93', '226', '345', '557', '765', '317', '929', '692', '326', '815', '152', '324', '452', '95', '339']
['638', '207', '538', '640', '951', '834', '438', '999', '825', '471', '745', '106', '87', '180', '231', '214', '699', '463', '233', '464', '263', '104']
['734', '421', '822', '415', '225', '536', '874', '363', '619', '7', '811']
['396', '701', '325', '774', '672', '436', '259', '606', '794', '59', '935', '527', '704', '943', '440', '892']
['404', '706', '185', '105', '258', '250', '369', '488', '783', '877', '982', '80', '4', '509', '303', '518', '576', '340', '648', '728', '942']
['342', '308', '235', '86', '274', '624', '368', '293', '393', '441', '372', '249', '880', '589', '932', '60']
['856', '764', '321', '314', '670', '292', '652', '551', '121', '489', '737', '543', '741', '790', '791', '297', '842', '395', '151', '91', '789', '420']
['126', '632', '983', '793', '311', '585', '129', '797', '228', '913', '583', '125', '531', '887', '304']
['71', '176', '570', '429', '198', '534', '57', '894', '51', '282', '216', '795', '747', '626', '169', '633', '456', '917']
['343', '506', '562', '367', '22', '333', '116', '522', '289', '671', '928', '75', '476', '141', '347']
['168', '833', '622', '439', '461', '84', '676', '941', '959', '859', '144', '119', '660', '769', '997', '37', '593', '465', '232', '433', '478', '122']
['879', '867', '618', '191', '651', '612', '871', '267', '816', '252', '897', '902', '838', '921']
['155', '349', '487', '818', '858', '221', '579', '930', '206', '857', '860', '786', '731', '922', '977', '886', '159', '829', '361', '801', '47', '646']
['779', '246', '992', '223', '519', '500', '238', '97', '683', '968', '650', '414', '88', '388']
['927', '629', '466', '796', '195', '526', '50', '316', '31', '375', '40', '113', '273', '39', '539', '873', '845', '904', '196']
['914', '371', '716', '691', '763', '437', '727', '940', '418', '2', '735', '556', '996', '535', '956', '376']
['686', '74', '969', '550', '290', '26', '703', '384', '127', '510', '645', '674', '328', '516', '780', '923', '784', '187', '458', '889', '628']
['615', '102', '295', '426', '800', '164', '665', '621', '711', '730', '705', '746', '853', '204', '278', '494', '687', '309', '315', '614']
['552', '338', '419', '736', '566', '862', '42', '603', '541', '644', '820']
['279', '971', '776', '976', '166', '29', '807', '575', '744', '0', '955', '262', '685']
['425', '547', '832', '771', '901', '475', '318', '81', '668', '689', '836', '448', '594']
['417', '869', '319', '898', '148', '698', '14', '870', '76', '172', '532', '773', '78', '469', '582', '630', '344', '455', '864', '182', '577', '669']
['306', '717', '387', '5', '449', '283', '362', '118', '574', '472', '866', '222', '484', '667', '950', '753', '224', '837', '200', '334', '868', '634']
['910', '335', '693', '138', '205', '405', '806', '548', '521', '94', '507', '8', '385', '975', '656']
['770', '103', '491', '578', '6', '301', '146', '568', '386', '77', '299', '696', '184', '561', '41', '695', '16']
['777', '573', '831', '137', '255', '351', '933', '972', '482', '348', '964', '45', '798', '540', '244', '241', '275', '179']
['139', '96', '599', '21', '637', '912', '446', '808', '709', '133', '288', '162', '973', '523', '760', '33', '337', '732', '740', '743', '257', '979']
['654', '909', '25', '960', '608', '160', '410', '117', '882', '62', '590', '515', '474', '63', '840', '390', '399', '427', '58', '382', '30', '891']
['610', '911', '322', '725', '920', '403', '529', '251', '663', '370', '174', '199', '752', '768', '778', '655', '767', '623', '49', '742', '697', '281']
['230', '167', '934', '43', '729', '824', '409', '135', '546', '876', '32', '181', '300', '659', '158', '341', '915', '498', '647', '239', '79', '398']
['639', '643', '677', '170', '681', '381', '708', '613', '373', '885', '209', '15', '724', '397', '157', '782', '947', '775', '903', '520']
