['717', '954', '893', '586', '629', '53', '48', '64', '260', '673', '497', '424', '606', '897', '275', '679', '328', '493', '224', '644', '202', '54', '93', '371', '445', '292', '734', '731', '446', '352', '718', '323', '99', '975', '976', '86', '449', '185', '618', '848']
['103', '861', '57', '653', '90', '735', '888', '490', '989', '381', '1', '245', '488', '687', '231', '695', '32', '190', '884', '941', '964', '609', '702', '100', '579', '411', '640', '377', '181', '155', '320', '46', '265', '677', '362', '51', '357', '908', '431']
['492', '872', '877', '738', '400', '902', '157', '760', '278', '806', '247', '882', '77', '248', '686', '392', '67', '169', '257', '708', '709', '414', '785', '294', '374', '874', '615', '947', '737', '456', '473', '812', '209', '759', '777', '186', '401', '904', '744']
['15', '607', '284', '910', '106', '549', '971', '667', '353', '977', '273', '770', '655', '366', '36', '905', '648', '636', '890', '665', '228', '522', '203', '754', '841', '486', '660', '801', '30', '536', '840', '229', '251', '513', '351', '134', '933']
['661', '348', '900', '83', '39', '788', '448', '889', '942', '422', '303', '747', '35', '765', '865', '690', '38', '296', '611', '617', '974', '325', '386', '359', '373', '729', '206']
['244', '659', '719', '113', '546', '2', '630', '675', '948', '984', '575', '394', '128', '189', '182', '137', '365', '921', '270', '200', '506', '433', '192', '552', '78', '65', '764', '480', '477', '521', '544', '628', '158', '567', '996', '264', '315', '685', '451', '886']
['692', '434', '413', '165', '624', '382', '426', '421', '767', '498', '467', '499', '795', '520', '937', '962', '826', '335', '712', '569', '755', '41', '810', '835', '240', '532', '44', '453', '337', '537', '732', '42', '471']
['261', '95', '808', '868', '514', '129', '807', '347', '391', '208', '574', '672', '4', '237', '608', '701', '818', '561', '457', '12', '911', '49', '217', '466', '367', '593']
['740', '369', '227', '694', '223', '883', '752', '440', '6', '168', '907', '171', '299', '115', '511', '725', '21', '633', '822', '516', '483', '60', '154', '412', '613', '774', '327']
['543', '23', '236', '160', '55', '745', '860', '235', '124', '120', '13', '220', '84', '753', '416', '705', '243', '25', '459', '398', '565', '475', '963', '853', '959', '71']
['711', '781', '584', '683', '126', '131', '798', '796', '918', '24', '175', '809', '663', '662', '750', '383', '507', '691', '876', '616', '242', '281', '558', '378', '405', '869', '649', '268', '992', '331', '233', '913', '73', '418', '144']
['215', '145', '559', '469', '304', '17', '925', '527', '960', '896', '332', '150', '187', '221', '730', '62', '350', '528', '978', '773', '380', '926', '697', '689', '746', '334', '33', '59', '784', '425', '726', '118', '564', '743', '489', '162', '856', '790']
['987', '819', '723', '867', '234', '534', '297', '432', '58', '684', '138', '566', '384', '105', '955', '710', '305', '892', '523', '545', '107', '681', '252', '7', '159', '622', '279', '364', '871']
['970', '9', '63', '560', '539', '102', '399', '789', '724', '88', '834', '626', '517', '178', '258', '645', '494', '166', '312', '238', '722', '277', '266', '903', '952', '40', '631', '658']
['944', '839', '307', '967', '700', '300', '931', '850', '116', '805', '654', '146', '201', '295', '207', '298', '783', '135', '811', '847', '968', '674', '713', '458', '988', '657', '619', '472', '340', '596', '831']
['263', '222', '703', '239', '314', '769', '556', '197', '468', '951', '562', '85', '678', '526', '733', '393', '8', '230', '991', '591', '218', '676', '878', '570', '572', '283']
['285', '720', '550', '452', '909', '3', '706', '274', '914', '195', '127', '943', '956', '484', '986', '419', '183', '280', '879', '338', '588', '69', '404', '589', '824', '985', '940', '778', '199', '518', '463', '922', '363', '388', '213']
['814', '18', '402', '627', '797', '854', '324', '602', '547', '193', '553', '164', '288', '965', '487', '571', '427', '276', '289', '555', '153', '938', '109', '748', '929', '742', '464', '241', '802', '10', '832', '143', '715', '11', '969', '825', '581', '542', '891', '994']
['972', '262', '866', '87', '863', '259', '271', '621', '410', '502', '460', '828', '70', '204', '205', '990', '580', '430', '216', '123', '597', '916', '693', '508', '436', '309', '924', '873', '592', '16']
['355', '625', '232', '741', '538', '148', '89', '341', '339', '45', '133', '961', '250', '226', '958', '454', '104', '620', '269', '671', '525', '632', '714', '600', '161', '112', '360', '29', '31', '641', '949', '669', '844']
['912', '509', '650', '75', '163', '317', '505', '136', '326', '254', '333', '173', '485', '531', '827', '255', '829', '180', '804', '638', '845', '219', '946', '935', '176', '535']
['894', '816', '344', '680', '167', '688', '177', '587', '736', '838', '519', '612', '306', '979', '647', '121', '345', '716', '751', '855', '435', '342', '149', '368', '56', '758', '998', '533', '19', '346', '540', '491', '881', '444', '895', '857', '576', '887', '859', '541']
['403', '927', '455', '97', '470', '267', '290', '782', '125', '91', '906', '820', '775', '787', '945', '776', '111', '651', '529', '321', '389', '923', '5', '696', '982', '666', '899', '170', '851', '132', '361', '286', '428', '406', '74']
['246', '930', '858', '27', '28', '61', '174', '194', '80', '634', '780', '496', '476', '995', '318', '915', '966', '501', '643', '830', '76', '442', '623', '934', '82', '919', '704', '656', '762', '481']
['917', '308', '599', '939', '198', '842', '212', '343', '603', '864', '196', '936', '356', '757', '439', '670', '329', '79', '698', '130', '530', '981', '443', '354', '849', '122', '973', '423', '639', '885', '756', '583', '92', '20', '932', '803', '786']
['983', '272', '81', '349', '140', '524', '953', '370', '794', '843', '291', '763', '875', '429', '282', '47', '614', '395', '358', '635', '184', '554', '898', '578', '594', '253', '510', '870', '313', '901', '563', '646', '225', '26', '512', '766', '515', '598', '437']
['727', '772', '997', '495', '287', '66', '147', '500', '385', '668', '101', '461', '761', '557', '114', '417', '836', '721', '117', '214', '43', '771', '94', '310', '551', '928', '682', '293', '568', '387', '462', '478', '610', '119', '821', '447', '604', '768']
['504', '336', '98', '664', '188', '465', '833', '799', '142', '302', '707', '156', '301', '415', '548', '813', '22', '319', '450', '993', '397', '582', '999', '728', '390', '210', '595', '191', '637', '249', '739', '396', '920', '846']
['957', '14', '862', '34', '791', '749', '438', '823', '375', '152', '420', '379', '68', '376', '503', '474', '172', '779', '322', '792', '577', '110', '408', '441', '72', '652', '407', '601', '37', '141', '482', '573']
['96', '793', '372', '179', '642', '211', '330', '880', '311', '585', '50', '108', '950', '409', '815', '852', '980', '590', '256', '52', '151', '139', '316', '699', '817', '837', '479', '605', '0', '800']
