['18', '246', '57', '347', '176', '606', '20', '585', '422', '824', '323', '723', '32']
['208', '898', '310', '586', '225', '590', '776', '64', '105', '94', '100', '548']
['677', '738', '593', '985', '198', '893', '112', '611', '457', '212']
['79', '76', '489', '836', '317', '959', '669', '683', '152', '443']
['364', '627', '612', '844', '204', '597', '335', '822', '508', '604', '302', '245', '381', '45', '796']
['180', '927', '273', '434', '99']
['718', '558', '425', '987', '325', '462', '671', '501']
['47', '456', '874', '891', '332', '721', '153', '949', '698', '700', '218', '547']
['383', '702', '974', '954', '465', '561', '644', '759', '794', '774', '605']
['962', '790', '314', '617', '185', '267', '488', '564', '664', '570', '304', '330']
['699', '565', '916', '939', '634', '255', '887', '432', '412', '111', '287', '884', '568', '510', '10', '654', '602']
['42', '11', '679', '865', '294', '983']
['598', '976', '903', '991', '980', '850', '513', '808', '115', '37', '610', '833', '315', '74']
['103', '437', '125', '748', '852', '725', '12', '516', '902']
['43', '832', '631', '65', '161', '306', '338', '466', '946']
['603', '349', '95', '220', '888', '493', '666', '449', '678', '769', '371', '496', '202', '999', '599']
['237', '855', '442', '714', '160', '316', '920', '473', '996', '842', '470', '395']
['56', '359', '908', '28', '571', '933', '141', '26', '882', '68']
['418', '674', '580', '576', '868', '761', '88', '862', '890', '871', '181']
['224', '384', '122', '450', '451']
['87', '771', '968', '142', '515', '380', '692', '766', '841', '215', '148', '121', '957', '793', '549', '812', '438']
['262', '936', '556', '979', '49', '801', '528', '9', '41', '187', '896', '399']
['619', '151', '715', '66', '361', '365', '407', '782']
['226', '444', '578', '998', '710', '713', '876', '754', '777', '900', '53', '15']
['653', '439', '736', '704', '628', '299', '925', '789', '798', '150', '429']
['114', '474', '52', '779', '967', '23', '19', '767', '192', '175', '486', '626', '711']
['642', '816', '600', '40', '370', '311', '522', '36', '729', '471', '873', '743', '960']
['284', '650', '986', '635', '165']
['411', '544', '990', '257', '292', '641', '899']
['747', '295', '591', '750', '733', '680', '410', '96']
['810', '670', '746', '413', '320', '857', '675', '394', '307', '259', '375', '89', '691', '795', '859', '837', '469', '545']
['503', '512', '428', '809', '116', '435', '935', '354', '932', '775']
['587', '327', '406', '203', '665', '638', '193', '241', '742', '930']
['886', '517', '854', '84', '3', '661', '197', '757', '417', '194']
['104', '938', '524', '16', '7', '131', '222', '162', '770', '955', '745', '260']
['913', '0', '172', '69', '977']
['958', '562', '128', '838', '546', '360', '186', '828', '953', '464', '601', '352']
['39', '179', '531', '433', '276', '910', '419', '118', '786', '907']
['830', '263', '326', '426', '35', '170', '91', '73']
['588', '640', '533', '696', '70', '639', '416', '368', '940', '918', '526', '101']
['405', '695', '398', '720', '2', '234', '235', '633', '689', '51', '387', '563', '281', '534']
['846', '336', '22', '778', '54', '14', '825', '763', '519']
['455', '975', '506', '196', '126', '596', '583', '367', '956', '538', '221', '928']
['138', '248', '681', '726', '525', '668', '420', '296', '687', '951']
['965', '189', '357', '195', '694', '339', '24', '550', '992', '318', '555']
['921', '875', '646', '523', '572', '762', '201', '527']
['98', '340', '459', '764', '630', '358', '355', '60', '244', '348']
['328', '577', '1', '595', '55']
['553', '648', '239', '345', '21', '337', '366', '207', '391', '231', '906', '63']
['521', '937', '952', '536', '643', '377', '537', '869', '106', '477', '970', '799', '497']
['847', '331', '768', '560', '856', '130', '693', '490', '414']
['169', '690', '727', '30', '651', '772', '717']
['813', '730', '863', '50']
['205', '540', '423', '324', '396', '219', '752', '334', '291', '773']
['285', '866', '253', '662', '329', '6', '400']
['658', '823', '90', '173', '716', '211', '168']
['283', '765', '892', '127', '154', '584', '994', '491', '860', '843', '502']
['739', '62', '236', '147', '279']
['682', '463', '895', '835', '817', '827', '660', '785']
['447', '518', '254', '430', '872', '266', '117', '243', '620']
['61', '140', '719', '894', '969', '814', '178', '784', '487', '622', '532', '667', '372', '686']
['149', '995', '166', '963', '880', '993', '476', '109', '755', '249', '749', '904', '881']
['199', '129', '385', '286', '265', '708', '787', '997', '374', '238', '804', '543', '268']
['164', '378', '909', '905', '132', '389', '184', '848', '308', '475']
['31', '800', '145', '362', '943', '947', '685', '655', '256', '108', '110', '274', '183', '144', '156']
['897', '542', '566', '805', '468', '369', '945', '158', '815']
['270', '481', '269', '744', '608', '312', '989', '431', '143', '507', '78']
['209', '171', '483', '802', '48', '390', '397', '741', '71', '615', '753', '923', '137']
['177', '581', '821', '948', '751', '139', '864', '213', '673', '834']
['657', '289', '659', '206', '889', '637', '82', '984', '214']
['964', '25', '427', '607', '499']
['163', '346', '756', '731', '453', '353', '504', '102', '520']
['485', '309', '232', '712', '594', '514', '392', '901', '788']
['724', '625', '452', '58', '86', '734', '629', '133']
['77', '480', '191', '458', '342', '807', '616', '123']
['922', '973', '722', '46', '740', '929', '93', '75', '288', '978', '500', '298']
['4', '760', '569', '971', '861']
['467', '233', '72', '511', '386', '155']
['92', '931', '589', '124', '227', '448', '732', '849', '322', '252', '441', '484', '885', '684', '424']
['982', '858', '705', '758', '113', '247', '567', '944', '242']
['373', '217', '376', '649', '539', '313']
['915', '934', '879', '409', '350', '551', '826', '829', '509', '636', '806']
['645', '672', '319', '272', '446', '379', '305', '415', '275', '505', '621']
['926', '258', '870', '250', '494', '300', '67', '297', '472', '344', '277', '878', '403']
['478', '831', '735', '408', '343', '38', '280', '557', '174', '574', '401', '119', '44', '393', '877']
['136', '851', '706', '228', '573', '623', '737']
['950', '839', '498', '917', '81', '59', '210', '282', '867', '83', '460']
['134', '495', '454', '535', '652', '27', '972', '157', '582', '853', '811', '819', '941']
['479', '575', '216', '135', '688', '552', '541', '382']
['783', '223', '614', '840', '803', '17', '618', '961', '792', '200', '613', '402', '579', '482']
['290', '924', '914', '167', '701', '159', '554', '663', '609', '632']
['919', '251', '190', '261', '229', '333', '404', '820', '388']
['728', '797', '421', '791', '440', '5', '529', '592', '624', '703']
['697', '97', '492', '436', '29', '912', '278']
['8', '966', '293', '13', '351', '988', '942', '230', '120', '240', '845', '34', '80']
['656', '85', '781', '182', '33', '559', '188', '146', '981', '780', '301', '709']
['271', '107', '461', '647', '883', '264', '363', '530', '445']
['676', '303', '818', '341', '356', '321', '707', '911']
