['299', '707', '320', '927', '632', '397', '312', '964', '660', '751', '88', '862', '671', '600', '586', '303', '344', '508', '937', '591', '410', '988', '391', '174', '274', '598', '518', '198', '428', '245', '401', '213']
['73', '296', '155', '890', '851', '815', '459', '816', '982', '909', '877', '415', '829', '502', '279', '116', '546', '987', '613', '187', '39', '520', '902', '234', '504', '891', '204', '917', '456', '58', '688', '244']
['10', '483', '85', '394', '764', '22', '529', '297', '333', '409', '896', '515', '83', '480', '43', '863', '925', '115', '755', '870', '581', '192', '866', '304', '464', '669']
['882', '511', '153', '709', '246', '271', '638', '617', '236', '223', '129', '331', '77', '309', '967', '261', '189', '348', '800', '999', '527', '894', '319', '134', '386', '413']
['893', '635', '432', '228', '664', '469', '593', '687', '907', '968', '253', '696', '239', '741', '916', '350', '125', '552', '827']
['953', '811', '754', '453', '765', '389', '186', '542', '746', '703', '211', '240', '270', '242', '492', '402', '119', '334', '156', '40', '99', '11', '454', '649', '321', '525', '834', '642']
['565', '526', '922', '571', '160', '956', '547', '9', '532', '106', '554', '550', '993', '981', '656', '307', '818', '124', '615', '19', '847', '400', '521', '848', '416', '868', '343', '824', '501', '24', '561', '20', '973', '972', '171', '215']
['798', '127', '644', '706', '251', '562', '135', '611', '961', '793', '912', '408', '485', '524', '951', '624', '929', '122', '184', '728', '726', '136', '367', '559', '573', '831', '879', '522']
['137', '365', '865', '225', '224', '944', '268', '712', '423', '262', '462', '149', '673', '277', '12', '883', '493', '817', '590', '283', '144', '797', '257', '477', '154', '197', '939', '583', '623', '91', '47', '545', '826', '543']
['34', '842', '994', '114', '776', '2', '585', '509', '339', '37', '29', '513', '417', '636', '36', '392', '627', '45', '76', '724', '420', '885', '56', '345', '643', '439', '977', '52', '13', '315', '757']
['258', '72', '53', '199', '143', '500', '612', '93', '665', '487', '899', '185', '481', '662', '378', '768', '980', '425', '740', '90', '558', '911', '555', '460', '540', '490', '158', '241', '482', '349']
['845', '94', '79', '203', '147', '327', '923', '900', '966', '753', '495', '791', '539', '710', '305', '436', '892', '872', '159', '287', '446']
['130', '110', '958', '132', '351', '25', '773', '266', '566', '837', '237', '679', '222', '194', '380', '639', '15', '653', '31', '443', '328', '30', '924', '465', '411', '362', '812', '138']
['260', '789', '161', '182', '850', '396', '70', '468', '626', '69', '118', '353', '387', '467', '658', '700', '640', '498', '867', '574', '659', '820', '946', '947', '447', '567', '853', '674', '690', '563', '178', '934', '651']
['370', '903', '458', '717', '910', '857', '434', '983', '507', '792', '364', '998', '398', '117', '450', '782', '686', '536', '952', '578', '974']
['383', '605', '355', '382', '272', '770', '205', '451', '580', '233', '326', '360', '123', '884', '932', '569', '621', '984', '308', '181', '731', '729', '363', '265', '601', '774', '895', '49', '828', '990', '864', '255', '84', '18', '314', '602', '302', '661']
['634', '822', '196', '763', '745', '735', '16', '873', '620', '587', '264', '361', '269', '733', '610', '282', '366', '404', '217', '886', '604', '785', '71']
['375', '414', '295', '767', '629', '775', '962', '329', '938', '637', '427', '645', '313', '412', '419', '486', '448', '422', '499', '840', '950', '730', '881', '599', '654', '750', '749', '111', '512', '336']
['140', '292', '429', '352', '466', '780', '889', '418', '175', '874', '786', '249', '210', '407', '919', '778', '959', '376', '51', '473', '27', '208', '836', '317', '667']
['693', '285', '718', '979', '146', '762', '699', '694', '572', '441', '338', '105', '606', '758', '657', '808', '933', '799', '35', '263', '676', '95', '528', '575', '941', '795', '825', '294', '280', '341', '523', '212']
['756', '608', '914', '324', '737', '332', '985', '901', '369', '759', '430', '517', '275', '594', '935', '650', '259', '496', '830', '107', '633', '541', '230', '42', '347', '858', '484', '897', '839', '533']
['4', '65', '744', '126', '975', '357', '256', '63', '680', '597', '433', '381', '777', '214', '377', '399', '120', '677', '57', '121', '444', '588', '101', '772', '218', '930', '685', '32', '880', '273', '306', '176', '426']
['46', '216', '323', '976', '596', '195', '684', '806', '145', '861', '833', '385', '359', '74', '104', '162', '920', '647', '949', '796', '489', '557', '871', '549', '551', '631', '393']
['843', '672', '201', '379', '284', '592', '89', '692', '821', '641', '301', '936', '708', '461', '695', '491', '23', '918', '869', '267', '814', '445', '928', '719', '668', '720', '732', '61', '997']
['628', '989', '957', '395', '164', '81', '771', '698', '229', '60', '66', '838', '371', '898', '514', '455', '630', '435', '603', '954', '372', '346', '619', '978', '452', '1', '955', '6', '963', '406']
['278', '716', '300', '725', '172', '281', '254', '289', '913', '790', '183', '849', '290', '163', '38', '191', '711', '113', '437', '752', '519', '878', '98', '823', '510', '276']
['166', '390', '190', '991', '48', '165', '478', '714', '888', '503', '457', '202', '141', '705', '530', '538', '330', '220', '531', '170', '28', '463', '112', '373']
['152', '86', '26', '844', '342', '64', '167', '340', '655', '55', '595', '697', '742', '335', '92', '148', '576', '311', '969']
['322', '221', '44', '227', '59', '670', '931', '564', '548', '318', '356', '100', '819', '168', '475', '449', '689', '854', '325', '250', '131', '177', '440', '219', '8']
['431', '945', '584', '739', '832', '852', '403', '704', '616', '471', '109', '807', '859', '570', '738', '476', '678', '577', '537', '805', '75', '442', '7', '474', '405', '293', '609', '0']
['54', '855', '915', '151', '424', '535', '206', '682', '691', '470', '734', '781', '607', '316', '986', '568', '534', '102', '681', '235', '948', '940', '906', '21', '769', '809', '14', '971', '995', '813']
['188', '41', '286', '761', '209', '846', '248', '80', '384', '169', '835', '743', '82', '128', '560', '908', '614', '701', '438', '648', '62', '992', '875', '721', '133', '67', '702', '804', '354', '960', '226', '497', '5', '374', '17', '713', '646', '921', '666', '736']
['926', '965', '150', '505', '794', '50', '388', '288', '97', '553', '579', '78', '715', '970', '96', '238', '904', '368', '905', '108', '488', '810', '193', '787', '675', '663', '310', '516', '801', '722', '337', '652', '200', '996']
['876', '784', '723', '887', '556', '494', '860', '247', '472', '33', '421', '173', '803', '783', '180', '802', '760', '232', '841', '618', '142', '625', '139', '103', '358', '252', '748', '157', '779', '506']
['788', '683', '856', '291', '207', '727', '747', '622', '3', '942', '943', '298', '582', '479', '766', '179', '231', '589', '243', '544', '87', '68']
