['410', '793', '582', '995']
['102', '1', '944', '789', '190', '650', '805']
['708', '799', '820', '215', '893', '516', '528', '546']
['533', '214', '692', '403', '331', '161', '973', '334', '103', '614', '141', '894']
['22', '142', '959', '307', '27']
['838', '2', '813', '574', '748', '685', '878', '45', '982']
['315', '129', '221', '427', '676', '232', '321']
['834', '682', '110', '242', '192']
['971', '454', '617', '509', '907']
['726', '149', '333', '779', '962', '303', '924']
['244', '604', '314', '75']
['225', '412', '952', '362', '199']
['742', '644', '534', '979', '499', '755', '487', '409']
['881', '830', '332']
['14', '234', '435', '311', '443']
['947', '777', '683', '78', '144', '992']
['854', '885']
['460', '530', '627', '491', '549', '778', '72', '911']
['451', '919']
['563', '941', '785', '498']
['170']
['856', '551', '511', '32', '593', '623', '654']
['612', '126', '346', '662', '358']
['597', '229', '189', '728', '628', '629', '347', '638']
['496', '899', '681']
['515', '993', '297', '34', '291']
['26', '568']
['538', '270', '298', '325', '814', '998', '605']
['450', '977', '290', '845']
['329']
['356', '720', '837']
['37', '305', '150', '876', '958', '801', '493', '473']
['740', '98', '816', '637', '128', '132', '147', '558']
['616', '743', '775', '729', '555', '590']
['494', '613', '985', '903', '216']
['559', '848']
['286', '529', '851', '865', '587', '757', '503']
['236', '724', '722', '441', '939', '672', '791', '843', '910']
['698', '111', '182', '210', '82', '610', '758']
['937', '320', '713', '752', '712', '829']
['424', '77', '879', '766']
['601', '990', '81', '670', '107', '475', '71', '148']
['115', '17', '841', '337', '798', '393']
['975', '673', '794', '689', '387', '765', '101', '191', '458', '160', '700', '857', '608']
['168', '106', '274', '397', '697', '228', '344', '143', '599', '818', '237']
['428', '48', '113', '389', '745', '656']
['769', '158', '416', '539']
['527']
['407', '986', '370', '382', '469', '283']
['299', '901', '470']
['41', '668', '710', '714', '739', '374', '513']
['645', '556', '826', '874', '762']
['567', '796', '25', '504', '114', '853', '620', '378', '316', '640', '691']
['375', '479', '178', '188', '294']
['602', '255', '902', '996', '279']
['480', '570', '576', '296', '756', '247']
['55', '260', '89', '449', '154', '452', '598', '343']
['162', '183', '174', '581']
['983', '870', '119', '772']
['667', '709', '366', '13', '57']
['702', '63', '166', '564', '880']
['609', '455', '913', '547', '138']
['835', '897']
['423', '186']
['800', '810', '521', '287', '961', '525']
['671', '414', '497', '70']
['520', '406', '797', '87', '669', '774']
['254', '43', '86', '718', '250', '773']
['44', '206', '751', '674', '792', '630', '890']
['461', '501', '489', '677', '647']
['541', '532', '611', '652', '579', '968']
['377', '508', '898', '30', '235', '386']
['486', '701', '732', '288', '738']
['925', '847', '730', '426', '99', '348']
['950', '824', '643', '169', '152', '780', '222', '76', '155', '31']
['846', '543', '821']
['684', '852', '355', '921']
['256', '241', '512', '317', '66', '164']
['139', '678', '704', '850', '694', '626']
['703', '434', '906', '448', '641']
['318', '951', '583', '140']
['482', '502', '361', '923', '118', '886', '591', '104', '42']
['523', '619', '705', '770', '456', '185']
['625', '860']
['405', '639', '411', '261', '569', '999']
['690', '372', '278', '636', '418', '84']
['863', '262', '51', '273', '310', '753']
['869', '109', '577']
['415', '457', '840', '518', '336', '966', '163']
['717', '380', '85', '187', '19', '540', '324', '445', '390', '825']
['723', '432', '815', '900', '165', '970']
['580', '213']
['272', '592', '776', '15', '218']
['233', '552', '18', '306', '29', '230', '112', '35', '531', '808']
['891', '133', '589', '381', '204', '526', '807', '145', '395']
['828', '90', '135', '817', '631']
['622', '510', '54', '430', '446', '282', '268', '83']
['251', '744', '633', '560', '3']
['522', '224', '120', '991']
['465', '632', '833', '444', '767', '659']
['664', '507', '447', '909', '839', '895', '949', '649', '819']
['920', '276', '137', '997', '588', '725', '750', '61']
['293', '861', '249', '173']
['304', '207', '301', '635', '396']
['763', '11', '733', '782', '618']
['954', '679', '220', '384', '404', '172']
['39', '736', '884', '217', '585']
['943', '52', '936', '171', '484', '882']
['550', '264', '663', '131', '263', '867', '369']
['754', '575', '157', '180', '565']
['648', '731', '889', '60', '737', '634']
['929', '832', '914', '59', '481', '73', '963', '938', '100']
['68', '945', '964', '868', '125', '771', '46']
['246', '517', '849', '788', '542']
['904', '686', '373', '38', '431', '933', '887']
['976', '248', '859', '421', '916', '20']
['58', '603', '322', '483', '252', '980']
['607', '994', '987', '660', '960']
['385', '787', '198', '554', '91', '353', '440']
['561', '281', '401', '117', '379', '21', '536', '862']
['28', '53', '201', '9', '56', '64', '734', '40', '33', '349']
['238', '94', '330', '463']
['688', '953', '488', '716']
['153', '786', '352', '295', '0']
['621', '341', '477', '402', '875', '802']
['721', '760', '259', '978']
['88', '357', '394', '727', '383', '505', '69']
['50', '121', '596', '749', '176', '578', '706']
['855', '928', '134', '915', '940', '741']
['942', '562', '548', '735']
['211', '453', '359', '323']
['376', '687', '184', '926', '912', '917']
['844', '969', '265']
['695', '946', '413']
['181', '203', '459', '197']
['202', '245', '715', '666', '269']
['408', '439', '646', '747']
['864', '97', '93', '804', '746']
['651', '342', '464', '179', '422', '877', '812', '400', '24', '345']
['127', '425', '243', '655', '573']
['836', '338', '200', '883']
['803', '873', '462', '277', '790', '872', '506', '827']
['967', '226', '108', '208', '339', '707', '122', '699', '159', '146']
['842', '896', '908', '267', '680', '4', '485', '557']
['545', '419', '231', '478', '363', '313', '194']
['420', '364', '495', '365', '12', '806', '227', '768']
['105', '308', '327', '595']
['280', '328', '584', '289', '693']
['151', '892', '417', '519', '326']
['360', '49', '433', '500', '600']
['981', '7', '285', '319']
['442', '47', '388', '212', '988', '292']
['74', '436', '8', '156']
['392', '653', '335', '955', '471']
['258', '823', '130', '888']
['665', '177', '95', '514', '490']
['974', '399', '257', '524', '351', '948', '466']
['957', '594', '309', '474']
['193', '302', '544', '196', '572']
['571', '195', '930', '5']
['300', '116', '566', '65', '934', '36']
['438', '535', '905', '858', '136', '784']
['16']
['371', '537', '783', '675']
['935', '10', '795', '367', '931', '398', '831', '340']
['586', '253', '275', '67', '266', '350', '989']
['468', '80', '719', '205', '866', '657', '781']
['476', '811', '759']
['764', '79', '312', '965']
['956', '553', '96', '871', '467', '984']
['624', '492', '123', '209', '606', '354']
['23', '92', '809', '437', '972']
['922', '918', '822', '429', '932']
['391', '615', '927', '62', '240', '696', '761', '284']
['642', '219']
['658', '271', '472', '661', '239', '6', '167']
['175', '368', '223', '711', '124']
