['461', '322', '737', '412', '755', '130', '203']
['469', '632', '300', '293', '318']
['251', '478', '749', '380']
['219', '8', '594', '563', '287']
['104', '58', '439']
['100', '268', '139']
['314', '333', '381']
['295', '434', '182', '641', '635']
['450', '401']
['441', '289']
['726', '774', '730', '782']
['768', '133', '431', '659', '745', '476']
['302', '28', '445', '769', '20']
['165', '24', '605', '216', '233']
['465', '351', '15']
['766', '620']
['572', '587', '597', '80', '519']
['36', '60', '785', '389']
['807', '326', '506']
['486', '627', '226', '671', '699', '588', '365']
['467', '468', '404']
['493', '279', '562', '568']
['284', '298', '364']
['528', '230']
['481', '173', '363']
['29', '638', '183', '560', '399', '62', '32']
['702', '693', '794', '234']
['343', '35', '599']
['776', '9']
['320', '200', '227']
['408', '717', '390', '435', '777']
['330']
['681', '631', '188', '602']
['816', '617', '495', '65']
['6', '813', '149']
['647', '799', '811', '642']
['246', '540', '585', '494', '148', '7', '508', '646']
['135', '151', '113', '513', '706', '63', '432']
['558', '760', '552', '675']
['460', '694', '752', '244']
['628', '590', '571', '194']
['456', '33', '87', '559']
['626', '356', '0', '129', '683']
['301', '43', '81', '453', '792', '732', '137', '229']
['464', '394', '264', '526']
['73', '644', '473', '514', '109', '722', '245', '185']
['186', '208', '212', '466', '38']
['142', '754', '711', '484', '784']
['392', '275', '621', '583', '550']
['653', '529', '76']
['748', '801', '477', '254', '520']
['767', '692', '210']
['488', '677', '315', '491']
['164', '395', '480', '120', '362']
['91', '41', '11', '411']
['474', '57', '503', '425', '67', '531']
['292', '68', '584', '554', '703']
['429', '189', '446', '324', '112', '639']
['383', '715']
['150', '138', '391', '757', '428']
['308']
['152']
['724', '733', '553', '615']
['547', '418', '442', '803']
[]
[]
['323', '783', '50', '682']
['729', '231', '42', '700', '70']
['78', '118']
['23', '131', '672']
['515', '325', '266', '64', '69', '747']
['311', '690', '517', '704', '197']
['719', '277', '569', '14', '306', '387']
['400', '93', '276', '674']
['360', '415', '817', '773']
['215', '242', '108', '222', '95']
['361', '155', '787', '483']
['54']
['661', '485', '636', '744', '354']
['629', '611', '393']
['204', '121', '274', '533', '146']
['26']
['313']
['444']
['751', '684', '796']
['156', '698']
['798']
[]
['580', '680']
['518', '13', '687', '454', '409', '71']
['72', '101', '347', '780', '338']
['800']
['716', '55', '46', '499']
['48', '235', '604', '349', '396']
['673', '237', '141']
['191', '577', '252', '273']
['90', '5', '637', '598', '258']
['51', '262', '358', '516']
['122', '718', '618']
['596', '451', '84']
['542', '779']
['18', '272', '270', '734', '357', '622']
['688', '448', '47', '105']
['224', '243']
['557', '111', '385', '291', '746', '21', '487', '379', '260']
['720', '368', '16', '586', '240', '366']
['555', '187', '709', '443']
['329', '405', '549', '433', '337', '157', '352']
['806', '504', '44', '804']
['177', '417', '502']
['535', '607']
['168', '378', '196', '213', '372', '158', '341', '172']
['648', '462', '267', '566', '640']
['17', '771', '548']
['145', '788', '652', '567']
['608', '521', '353']
['285', '30', '581']
['723', '221', '97', '676', '501']
['410', '743']
['123', '199', '4']
['27']
['278', '161', '290', '527']
['217', '238', '98', '19']
['600', '422', '205', '126', '345', '603', '225']
['317', '304']
['763', '74', '162', '166', '772']
['507', '220']
['310', '414']
['793', '762', '416']
['708', '735', '609', '660', '662']
['678']
['77', '561']
['781', '159', '331', '449', '789', '530']
['280', '388']
['207', '66', '201', '367']
['758', '725', '457']
['815', '86', '83', '739']
['96', '115']
['371', '163', '482', '765']
['589', '312', '761', '756']
['625', '593', '167', '614']
['575']
['271', '427', '375', '281']
['192', '490', '686']
['665', '75', '543', '256', '140']
['319', '342', '102', '689', '174', '286', '649']
['510', '790', '52']
['805', '753', '211']
['53', '340', '472']
['116', '386', '114']
['239', '228', '536']
['546', '134', '471', '685', '255']
['406', '556', '697', '175', '423']
['795', '812', '419']
['82', '247', '710', '397', '532']
['670', '705', '713', '738', '180', '505']
['727', '61', '619', '261', '25', '421']
['153', '56', '656', '253', '498']
['809', '731', '440', '214', '630', '309', '541', '12', '523']
['430', '1', '206', '565', '37', '436', '232']
['376', '2', '223']
['818', '31']
['573', '193', '282', '3']
['117', '721']
['426']
['202']
['218', '623', '728', '438', '534', '420']
['655', '802', '576', '695', '741', '359']
['564', '470', '544', '742', '645']
['49', '40', '613', '447', '79', '269']
['59']
['296', '696']
['810', '335', '537', '407']
['382', '248', '668', '666']
['327', '574', '294']
['492', '124', '265', '437', '664', '147', '195', '132', '606']
['759', '328', '455', '712', '377', '538']
['350', '288', '525', '332', '489', '707', '582', '160']
['39', '714']
['321', '92', '475']
['595', '209']
['579', '651', '297', '250']
['249', '402', '691']
['650', '624', '241', '45']
['459', '616', '424']
['85', '99', '339']
['591', '679', '612', '303']
['654', '750']
['775', '336', '184', '119']
['539', '669', '179']
['511', '176', '125', '496']
['198']
['479', '236', '658', '170', '181']
['778', '370', '110']
['797', '398', '190']
['509', '34', '103']
['740', '107']
['259', '106', '305']
['263', '344', '178', '369', '643', '307']
['764', '355', '144', '154', '413', '524']
['814', '770', '346']
['667', '545', '808', '500', '592', '94']
['22', '127', '316', '299', '89']
['403', '283', '634', '657', '701']
['384', '10']
['551', '578', '463', '522', '786']
['373', '128', '348']
['570', '334']
['601', '791', '512', '143', '452']
['458']
['257', '736', '169', '663', '171', '374']
['88', '610']
['497', '633', '136']
