['18', '480', '219', '312', '209', '437']
['32', '472', '336', '406', '234', '22']
['70', '202', '397', '198', '193', '356']
['78', '435', '353', '81', '452', '107']
['475', '242', '371', '228', '431', '414']
['339', '427', '66', '20', '76', '350']
['444', '365', '382', '448', '310', '434']
['162', '361', '223', '127', '167', '25']
['28', '341', '464', '94', '366', '345']
['62', '245', '484', '333', '220', '315']
['24', '102', '400', '124', '422', '379']
['276', '334', '212', '375', '408', '487']
['474', '436', '305', '201', '454', '383']
['5', '324', '190', '433', '205', '376']
['446', '71', '141', '93', '135', '42']
['68', '196', '55', '122', '467', '302']
['29', '407', '384', '44', '133', '279']
['455', '482', '478', '213', '421', '230']
['385', '468', '430', '343', '409', '293']
['497', '241', '261', '180', '303', '208']
['113', '314', '57', '123', '425', '168']
['159', '87', '84', '260', '388', '264']
['481', '281', '140', '144', '471', '229']
['389', '259', '283', '145', '461', '459']
['322', '479', '232', '272', '357', '298']
['458', '79', '1', '280', '420', '380']
['74', '52', '82', '39', '51', '199']
['486', '289', '473', '191', '227', '222']
['3', '248', '36', '445', '119', '393']
['111', '187', '112', '363', '369', '364']
['403', '63', '396', '265', '308', '493']
['80', '278', '284', '253', '325', '43']
['470', '275', '349', '347', '85', '477']
['286', '147', '178', '402', '372', '456']
['158', '392', '98', '410', '346', '175']
['426', '465', '155', '48', '439', '489']
['443', '466', '166', '151', '391', '243']
['251', '429', '47', '183', '367', '235']
['463', '266', '483', '77', '46', '368']
['236', '316', '160', '67', '285', '150']
['309', '161', '13', '294', '327']
['262', '386', '216', '269', '170', '423']
['137', '0', '101', '244', '268', '340']
['134', '297', '394', '73', '441']
[]
['255', '189', '335', '23', '130']
['115', '211', '258', '65', '326', '152']
['11', '131', '440', '40', '451', '457']
['338', '37', '288', '157']
['110', '449', '88', '329', '206', '173']
['120', '460', '319', '86', '188', '8']
['438', '195']
['224']
['149', '31', '373']
['100', '401', '332']
['398', '164', '69', '106', '254', '4']
['404', '311', '61', '419', '99', '83']
['225', '72', '154', '50']
['105', '56', '428', '331', '318']
['238', '97']
['377', '142', '337', '274', '469', '143']
['125', '432', '53', '138', '447', '492']
['146', '418']
['204', '370', '330']
['417', '344', '256', '296']
['10', '215', '304', '200', '153', '246']
['307', '148', '181']
['247', '184', '64']
['257', '348', '128', '33']
['321', '381', '263']
['496', '214', '34', '413']
['185', '12', '306', '411', '273', '15']
['277', '328', '14', '16', '117', '179']
['89', '38', '116', '488', '362', '287']
['96', '132', '424', '342', '450']
['156', '109', '399', '7']
['252', '267', '104', '176', '295']
['182', '359', '108', '352']
['358', '75', '494', '351', '203', '194']
['172', '2', '412', '92', '163', '49']
['41', '19', '9', '462', '30']
['299', '300']
['301', '317', '165', '121', '270']
['498', '171', '59', '237', '491', '114']
['58', '355', '387', '192', '126', '313']
['490', '103', '26', '129', '217']
['60', '499', '390', '360']
['27', '291', '17', '90', '226']
['186', '495', '442', '233', '405', '395']
['136', '21']
['197', '323']
['476', '374', '118', '210', '282', '54']
['139', '95', '292', '174', '239', '35']
[]
['271', '415', '250', '207']
['378', '290', '320']
['231', '91', '221', '453']
['485', '240', '354', '177', '416', '6']
['45']
['218', '169', '249']
