['954', '768', '763']
['226', '793']
['537', '892', '112', '354', '582', '576']
['239']
['22', '601', '566', '935']
['286', '830', '183', '382']
['667', '902', '79']
['111', '115', '123', '137']
['608', '454', '393']
['677', '420', '363', '144']
['828', '346']
['493', '221', '314', '753']
['832', '941', '634']
['615', '124', '284', '685']
['888', '583', '779', '709', '460']
['113', '55', '547', '241', '751']
['515', '798', '819']
['232', '368', '254']
['930', '249', '33', '45', '841']
['250', '48']
['46', '341']
['910', '600', '145', '168', '11']
['808', '693', '772', '417', '488']
['617', '100']
['338', '802', '277', '172', '560']
['653']
['640', '355']
['237']
['202', '737', '361', '476', '756', '811', '240']
['774']
['84', '759', '940', '881']
['188', '858', '906', '510']
['874', '178', '60', '474', '950', '267', '496', '318', '260']
['680', '893', '592', '721', '319']
['369', '662', '236', '787', '545']
['912', '135', '351', '261', '86', '563']
['862', '525', '388', '93']
['654', '800', '778', '651']
['148', '452']
['953', '1', '380']
['128', '484', '570', '868']
['758', '669', '880', '291', '332']
['173', '398', '501', '562', '440', '463', '349']
['766', '102', '494', '479', '917']
['130', '761', '622']
['411', '907', '121']
['64', '860', '701', '311', '414']
['217', '850']
['228', '604', '182', '27', '152', '140']
['845', '866', '223']
['926', '735', '687', '36', '951']
['17', '352', '546', '720', '395', '297', '459']
['56', '644', '180', '517']
['364']
['184', '126', '773', '89', '658', '342', '156', '813', '197', '614']
['205', '106']
['795', '833', '312', '262', '3', '703']
['275', '731', '175', '631', '370', '185', '777']
['842', '827', '688']
['652']
['170', '738', '532', '193', '599', '406']
['337', '639', '540']
['754', '376', '844']
['799', '698', '290', '914', '885', '700', '107']
['794', '812', '905']
['607', '24', '104', '215', '273', '117', '491', '186']
['788', '356', '796']
['527', '136', '404']
['855']
['823', '629', '305', '875', '516', '219', '165']
['807', '542', '213', '409']
['198', '801', '656']
['457', '315', '854']
['306', '955', '598', '324', '655', '365']
['886', '448', '161', '671']
['21', '429', '245', '99', '330']
['470', '552']
['706', '357', '897', '739']
['508', '75', '678', '781', '853', '118']
['775', '609']
['269']
['745']
['530', '12', '612', '903']
['648', '38', '347', '105']
['791', '408', '723', '449', '114']
['39', '776']
['922']
['633', '379', '169']
['707', '531', '924']
['366', '716', '673']
['952', '890', '419', '568', '415']
['689', '909', '602', '764', '238']
['257', '717', '5', '767', '883']
['134', '423', '554', '329', '251', '637']
['367', '581', '381', '339', '268']
['259']
['190', '51', '195', '549']
['556', '214', '495', '649', '916', '455', '96', '838']
['163', '326']
['283', '143']
['500']
['131', '176', '445', '421', '92', '434']
['10', '817', '2', '660', '690', '416', '725']
['548', '270', '733', '31', '489', '116', '891']
['83', '189', '713', '359', '945', '196', '597']
['322', '482', '587', '294', '171']
['750', '444', '301', '308', '461', '336']
['506']
['248', '523', '375', '947']
['323']
['682', '565', '212', '749', '760']
['869', '518', '310', '272', '412', '636', '109', '780', '199']
['255', '174', '836', '57', '120', '37', '345', '153']
['119', '0', '657', '650']
['505', '534', '613', '705', '392']
['664', '915', '307', '747', '216', '618', '66', '586']
[]
['95', '30', '15', '509', '29']
['538', '229', '949']
['462', '519', '154']
['900', '40', '697']
['159', '822', '433', '571', '81', '446']
['936', '492', '829', '522', '293']
['230', '400']
['487', '246']
['722', '231', '256', '70', '486', '730']
['865', '715', '712', '923']
['87', '278', '442', '806']
[]
['593', '309', '418', '647', '896']
['628', '497', '179', '385']
['220', '696', '732', '234']
['472', '943', '187', '851', '328']
['543', '13', '529', '396', '567']
['770', '53', '937', '919']
['931', '82', '235', '453', '138', '645']
['815', '151', '222', '719', '684', '331', '108']
['805', '160', '524']
['520', '589', '25']
['65', '606']
['371', '243', '360']
['97']
['194', '276', '856', '201', '387']
['327']
['870', '711', '676']
['77', '132', '402', '748', '425', '490']
['358', '389', '818', '638', '889', '665', '635', '317', '704']
['620', '861', '728', '266', '431']
['920', '863', '210', '514', '695']
['438', '7', '573', '605', '580', '824']
['507', '734', '769']
['288', '401', '63', '803', '125', '42', '561']
['928', '6', '879']
['98', '405', '834']
['485', '541']
['714', '73', '129']
['579']
['26', '591', '302']
['147', '436', '632', '692']
[]
['252', '724', '20', '674']
['550', '884', '142']
['702', '512', '177', '103']
['407']
['852', '623']
['435', '218', '353', '641', '911', '362']
['498', '146', '577', '511', '729']
['9']
['626', '325', '536']
['661']
['630']
['535', '932', '504', '621', '683', '588']
['755', '399', '946']
['672', '948', '894']
['296', '68', '242', '820', '428']
['559', '469', '413', '843', '23', '503', '849', '502']
['521', '876', '4', '141', '528']
['646', '192', '466', '782']
['203', '784', '553', '867', '743']
['694', '898', '299', '67', '49', '887']
['207', '481', '471', '557']
['43']
['840', '835']
['432', '149', '439', '913']
['585', '578', '34', '85', '158', '91', '871', '52']
['209', '710', '437', '316']
['167', '384', '335', '480', '814']
['155', '225']
['785', '918']
['483', '50', '804']
['762', '551']
['80', '478']
['280', '16', '282', '295', '473', '526', '265', '343']
['574', '464', '313', '281']
['699', '320', '477', '857', '810', '741']
['790', '797']
['666', '90', '544', '321']
['181', '58', '744', '300', '274', '287', '394']
['584', '938', '18']
['831', '877', '427', '789', '846']
['76', '206', '619', '333', '625', '929']
['726', '244', '575', '691', '475']
['942', '397', '927', '864', '771', '303']
['610', '465', '826', '258']
['374', '430', '659', '47', '679', '204']
['921', '264', '348', '263']
['164', '285', '611', '150']
['208', '410']
['873', '304', '513', '224', '740', '94', '708']
['821', '28', '110', '443', '289', '939']
['390', '944', '334', '596']
['564', '908', '533', '825']
['458', '727', '933', '468']
['72', '200', '227', '101']
['934', '757', '847']
['594']
['157', '32', '555', '899', '539']
['624', '670', '211', '139']
['298', '451', '383', '41', '441', '424', '14']
['643', '675', '74', '816', '391', '595', '350']
['88', '663', '62', '603']
['882', '54']
['859', '279']
['499', '456', '35', '233', '403', '344']
['8', '426', '668', '642', '127']
['247']
[]
['378', '572', '191', '901']
['752', '872', '59']
['878', '569', '837', '422']
['292', '558', '809', '736']
['956', '904', '742', '467']
['373', '839', '19']
['681', '71', '377']
['792', '61', '162', '447', '627', '895', '848']
['166', '78', '786', '44', '616', '271', '686']
['340', '253', '122', '718', '783', '746', '372']
['925', '386']
['765', '590', '69', '133', '450']
