['196']
['29']
['128']
['110', '317']
['453']
['134']
[]
['202', '243']
[]
['258']
['20']
['176']
[]
['371', '254']
['366', '162']
['156']
[]
[]
[]
[]
['147', '367']
['250']
['210', '88', '14', '49']
['211', '280']
['369']
['287']
[]
[]
['310']
[]
['448']
[]
[]
[]
['439']
[]
['395', '251']
[]
['157']
[]
[]
['86']
['198', '356']
['379']
['321']
[]
['204']
[]
['120']
['143', '368']
['388']
[]
['109', '119']
[]
[]
['387', '74']
[]
['457']
['324']
['339', '281', '350']
['28']
['152']
['55', '390']
[]
[]
['175']
['338']
['307', '298', '295']
['263', '274']
['92']
['455']
[]
[]
['249']
[]
['0']
[]
['335']
[]
['164']
[]
['85']
[]
['375']
['454', '470']
[]
['325']
['360']
[]
[]
['279']
['43']
['334']
[]
['318']
['482']
[]
['349', '246']
['90']
['340', '227']
[]
[]
[]
['469']
['149']
['347', '260', '170']
['403']
['216']
['311']
[]
[]
['78', '322']
[]
['104']
[]
['456', '497', '142', '53']
['116']
['452']
[]
[]
['38']
['203']
[]
['112']
['348', '416']
['12']
['22']
['173']
['436']
[]
['463', '206']
[]
['293']
['270', '100', '449']
[]
[]
['352']
[]
['54', '224']
['190', '498']
['111']
[]
[]
[]
['70', '33']
['393']
[]
['406']
['471']
['358', '25']
['46']
['477', '409', '236']
['73']
['256', '402']
['9', '213']
[]
['187']
[]
['312']
[]
['19', '443']
[]
['225', '264']
[]
['154']
['314', '185']
[]
['118', '77']
['438', '36']
['220', '399', '47']
['241', '248', '320']
['158', '474']
['394', '96']
['94']
['30']
[]
['488']
[]
[]
[]
['427']
['95', '308', '13', '244', '239']
[]
['135', '465', '354', '303']
['486']
['99']
['380', '487']
['230', '117', '440', '459']
['451', '34', '389', '460', '480', '247']
[]
['217']
['272', '145', '464']
['373']
['67']
['189']
['275']
['489', '166', '428', '405']
[]
[]
['146']
[]
[]
[]
[]
['105']
['40', '37', '400']
['300', '212', '309']
['412']
['61']
['476']
['126', '433', '51']
['473', '71']
['445']
['169', '129']
[]
['44', '229', '430']
[]
['265']
['222', '361', '151', '492', '83', '60']
['359', '268']
[]
[]
[]
[]
['228', '121']
['484']
[]
['362', '17']
['87']
[]
[]
[]
['419']
['123', '330']
[]
[]
[]
['483']
['413']
['374']
['21']
['81', '10', '398']
['93']
[]
['27']
['284']
['437']
['207']
['171', '425', '381', '131']
['41', '69']
['52']
['242', '75']
[]
['62', '235']
['353', '397']
['168']
[]
['245']
['221']
[]
[]
['271']
['76', '432']
[]
['435']
[]
[]
['404']
['1']
[]
[]
['5']
['194', '133']
['197']
[]
[]
[]
[]
['223']
['114']
[]
['378', '201']
['468']
[]
[]
['302']
[]
[]
['252']
[]
['42', '297']
[]
[]
['240', '391']
[]
['421', '291']
['199']
['255']
['18']
['472', '431']
['283', '191', '132']
['39', '233']
['329']
['266']
['209', '174', '48']
[]
[]
[]
['313']
[]
['136', '327']
[]
[]
[]
['122']
[]
['420']
['385', '415', '200']
['447']
['426']
[]
['193']
[]
['365']
['495']
['376', '417']
['144', '72', '407']
[]
['269', '370']
['450', '138']
['141']
['3', '301', '442']
['341']
['261', '181']
['336']
['195', '351', '182']
['355']
[]
[]
['319']
[]
['384', '183']
['292', '296', '50', '396']
[]
[]
[]
[]
['124', '382', '101']
[]
['475', '273']
[]
['32']
[]
['91']
[]
['259']
['80', '161', '383']
[]
['478']
[]
[]
['305']
['315', '326']
['434']
['299']
['163', '392', '218']
[]
[]
['343']
['79']
[]
['186']
[]
['342', '98']
['208', '125']
['286']
[]
['82']
['290']
['401', '331', '140']
['64']
['178']
[]
['31']
[]
['106', '238']
['172']
['328', '16']
['65', '344']
['288', '418', '108']
[]
['84']
[]
['177']
['364']
[]
['294']
['262']
['332', '377']
[]
[]
[]
['267']
['337', '219']
['89']
['184', '386', '363']
['4']
[]
['102', '139', '411', '414']
[]
['155', '159']
[]
['278', '479']
['66']
['68', '481']
['7']
[]
[]
['408', '422']
['56']
['103', '232', '289']
['35']
[]
['214']
['59']
['441', '192']
[]
['458']
[]
['277']
[]
['429']
[]
['63']
['285', '346']
['424']
['15']
[]
['234', '180']
['231']
[]
['282']
[]
['8', '179', '113']
['410']
['306']
['446']
[]
['148']
['137', '423']
['45']
['2', '237']
[]
['58', '253', '304', '11']
['461', '115']
[]
['188']
['323', '205', '26', '24']
['165', '333']
[]
['493']
[]
['494']
[]
['485', '107', '496']
['467', '6']
['130']
['127']
['466', '372']
['150']
[]
['491']
['444', '462', '167']
[]
['153']
['23']
['316']
['345', '490', '97']
[]
[]
['357']
['215']
[]
[]
[]
[]
['276']
[]
['226']
[]
[]
[]
[]
[]
['160', '257']
['57', '499']
[]
