['591', '15']
['522', '67']
['602', '768']
['596', '339']
['376', '387']
['831', '334', '43', '215']
['592', '24', '250', '792', '59']
['568', '389', '12', '56']
['555', '297']
['552', '584', '41', '42', '160', '770']
['185']
['2', '173', '393', '348', '129', '53']
['703', '642']
['260', '464']
[]
['662', '261']
['731', '843', '382', '493']
['224', '84', '25']
['629', '619', '556', '49', '209', '373']
['249', '628', '789', '402']
['188', '622', '637', '661', '749', '113']
['598', '134']
['451', '810', '319']
['518', '298', '630']
['605']
['654', '306', '632', '647']
['317', '377', '366', '308', '686']
['351', '459', '112']
['381']
['193', '620']
['499', '415', '640', '842', '16', '655', '156']
['824', '3', '111', '38', '331', '482', '304', '386', '669']
['507', '663', '823']
[]
['665', '332', '811']
[]
['835', '216', '217']
['352', '674', '370', '118', '93', '439']
['682', '670', '300', '220', '431', '546', '125']
['70', '774', '666', '495']
['191', '243', '80', '187']
['195']
['739', '122', '367', '259']
['728', '263', '171', '90']
['247']
['4', '453', '517']
['576', '535']
['672', '158', '490', '536', '98']
['405', '623', '436']
['177', '7', '390', '400', '558', '542']
['401', '485', '531', '89']
['638', '31', '211', '11']
['711', '530']
['121', '544', '274', '289', '229', '515']
['772']
['170', '116', '152']
['804']
['226', '168', '627', '275', '347', '539']
['114']
['585']
['94', '55']
['142', '614', '572', '5', '342', '444']
['212', '57', '197']
['450', '246']
['413']
['708']
['473', '354', '349', '323']
['214', '471']
['813', '269', '161', '408']
['794', '467', '571', '676', '664']
['248']
['74', '105', '819', '660']
['419']
['492', '256', '102']
['652', '790', '461']
['182', '455', '356', '99']
['840', '230', '375', '465']
['9', '583', '345']
['646', '796', '255', '77', '726', '508', '761']
['519']
['225', '783', '526', '69']
['228', '73', '775', '729']
['92', '437']
['372', '36']
['705', '411', '488']
['384', '540', '589', '288', '23']
['714', '776']
['545']
['701', '833', '271', '153', '374']
[]
['205', '745', '516', '358']
['190', '418', '88', '128', '562', '321', '506', '826']
['750', '612']
['237', '120']
['63', '72']
['416', '428', '33']
['252', '346', '313', '679']
['146', '333', '107']
['509', '360', '475']
['805']
['86', '838', '722', '218']
['570', '21']
['95']
['201', '291', '601']
['825', '219']
['456', '60', '264']
['553', '154', '800']
['8', '426', '597']
['208', '68', '340', '35']
['742', '527', '566']
['443']
['641', '497', '435', '210', '521']
['751', '567', '667']
['71', '688', '780']
['280', '207', '48', '167', '51', '137']
['432']
['295']
['143', '762']
['834', '687', '17', '707', '290']
['353', '469', '423', '44', '309', '534']
['747', '166', '96']
['716']
['26', '636', '254']
['569', '241']
['575', '312', '594', '839']
['483', '525']
['83', '561', '529', '10', '474']
['730', '32', '369', '155', '610', '759']
[]
['841', '765']
['258', '830', '812']
['231', '336', '442']
['141', '538', '757', '18', '396']
['709', '355']
['262', '478', '668', '299', '341', '420', '735', '633']
['40', '196', '769', '316', '145']
['787', '625', '463']
['202', '361', '615', '85', '724', '329', '124']
['335', '788', '281']
['245', '324', '39']
['489', '563', '760']
['550', '192', '115', '484']
['543', '732', '817']
['658', '778', '821', '634', '782', '227']
['176', '14', '6']
['449', '706', '37']
['79', '607', '786', '440', '430']
['617']
['645', '181']
['816', '691', '486', '738']
['81', '54']
['503', '292']
[]
['577', '573', '417', '639']
['364', '554', '836', '103', '712', '236', '409']
['1', '434', '685']
['606', '644']
['162', '222']
['649', '427']
['806', '424', '315']
['123', '233', '611', '344', '734', '681']
['213', '460']
['108', '603', '704']
['268', '147', '501']
['827', '282', '454', '502', '157']
['756', '766', '822']
['27', '148', '755']
['600', '378', '462', '621', '702', '680', '587', '391']
['771', '272', '559', '149', '407']
['785', '310', '784', '844']
['337', '693', '698', '551']
['126', '206']
['719', '767', '832', '472']
['322', '293', '22', '279', '479', '520', '159', '357', '736', '363']
[]
['599', '656', '305']
['549', '814', '764', '604']
['180', '199', '221']
['699', '20']
['198']
['505', '0', '653']
['330', '100', '818', '242', '801']
['270', '178', '328', '325']
['104', '106']
['448', '673', '380']
['690', '487', '803']
['537', '613', '362', '828']
['139', '657', '62', '13']
['253', '758']
['257', '267', '144', '251', '713', '700']
['725', '296', '52', '235', '406']
['238', '138', '311', '66']
['350', '560', '65']
['403', '466', '394']
['579', '718', '302']
['359', '799']
['746', '650', '30', '737', '101', '532', '284']
['447', '301', '754', '294', '675', '438']
['837', '446', '715']
['286', '223', '109', '618']
['184', '496', '165', '635']
['204', '320', '777', '815', '368', '78']
['574', '277', '763', '697']
['283', '135', '58', '457']
['626', '273', '307']
['791', '643', '773', '285', '689', '75', '425']
['433']
['240', '512', '131', '61', '595']
['829']
['468']
['677', '151', '528']
['820', '365', '548', '244', '781', '127', '371']
['399']
['429', '200']
['110', '410']
['203']
['287', '533', '278']
['733', '809', '514', '404', '793']
['303', '47', '593', '808']
['189']
['82', '717', '480', '694']
['659', '172', '743', '802']
['564', '631', '97', '580', '452']
['414', '740']
['91', '807', '175']
['327', '651', '692', '164']
['140', '163', '422', '132']
['683', '523']
['383', '34', '458']
['470', '445', '186', '46']
['695', '752', '504', '385', '696', '314']
['318', '648', '397']
['491', '581']
['398', '510']
['753', '616', '744', '557', '179']
['678', '130', '476', '684', '392']
['498', '388']
['45', '748']
['624', '541', '266']
['481', '494']
[]
['608', '265', '87']
['379', '232']
['117', '588', '513', '326']
['64', '194']
['582', '720']
['119', '276', '76', '710', '338']
['586', '798', '727', '441']
['421', '29', '136']
['500', '590', '721', '477', '343', '50']
['671', '547']
['28', '741', '412']
['150', '797', '133', '239', '609', '578', '234']
['169', '565', '19', '511', '395']
[]
['779', '183']
['174', '524']
['723', '795']
