['64', '221', '30', '323', '436', '257', '183', '372', '494', '294', '21', '8', '242', '126', '170', '250', '495', '441', '346', '287']
['417', '480', '285', '258', '295', '133', '281', '297', '332', '2', '58', '390', '493', '334', '40', '226', '103', '244', '6']
['28', '210', '119', '377', '68', '171', '456', '251', '413', '117', '314', '175', '272', '478', '430', '459', '457', '292', '375', '145', '424', '400', '483', '80', '398', '261', '83']
['426', '296', '59', '482', '144', '163', '214', '282', '199', '218', '47', '142', '420', '224', '308', '359', '418', '470', '5', '178', '240', '496', '67', '157', '274', '151', '156', '497', '336', '326', '87', '35']
['379', '54', '91', '215', '404', '127', '386', '24', '481', '96', '184', '174', '84', '367', '7', '450', '315', '411', '460', '341', '465', '194', '368', '42']
['3', '61', '137', '363', '371', '253', '484', '75', '255', '27', '134', '471', '4', '414', '200', '333', '289', '355']
['431', '182', '113', '449', '489', '206', '14', '212', '259', '427', '232', '162', '461', '305', '350', '415', '473', '82', '463', '188', '354', '53', '63', '421']
['262', '288', '279', '116', '347', '422', '462', '243', '60', '220', '159', '108', '173', '167', '290', '62', '348', '216', '328', '472', '458', '31', '179', '9', '141', '16', '491']
['33', '51', '291', '392', '246', '209', '260', '438', '25', '48', '416', '211', '37', '36', '286', '168', '440', '193', '343', '385', '376', '275', '353', '136']
['397', '152', '166', '277', '373', '195', '451', '70', '249', '107', '324', '443', '203', '88', '442', '235', '389', '283', '22', '153', '409', '469', '93', '69', '128', '374', '362', '434', '20']
['446', '448', '433', '98', '201', '101', '89', '361', '486', '13', '114', '72', '319', '229', '180', '300', '439', '139', '301', '474', '318', '49']
['207', '467', '254', '383', '394', '17', '147', '191', '15', '399', '270', '280', '267', '219', '405', '23', '307', '271', '186', '34', '46', '311', '234', '330']
['477', '356', '124', '393', '284', '437', '248', '50', '408', '444', '29', '10', '358', '468', '79', '268', '73', '115', '160', '455', '154', '364', '247', '303', '445', '122', '322', '65', '252', '19']
['213', '370', '55', '312', '155', '131', '90', '165', '492', '485', '140', '52', '176', '490', '130', '39', '95', '342', '273', '454', '425', '225', '380', '187', '149', '223', '102']
['320', '339', '18', '384', '447', '204', '338', '86', '12', '487', '412', '499', '366', '99', '360', '135', '369', '269', '340', '419', '161', '401', '112', '97', '378', '352', '464', '125', '0', '264', '78', '158', '77']
['132', '298', '453', '256', '365', '237', '190', '181', '396', '169', '382', '335', '76', '41', '241', '148', '189', '329', '429', '321', '266', '85', '498', '123']
['118', '475', '44', '238', '43', '349', '263', '1', '435', '387', '45', '423', '316', '317', '192', '71', '228', '345', '395', '197', '120', '327']
['337', '402', '208', '403', '143', '276', '310', '202', '476', '11', '304', '236', '278', '432', '205', '66', '104', '109', '428', '407', '26', '38', '452']
['410', '94', '100', '121', '164', '172', '92', '309', '302', '185', '488', '331', '239', '227', '325', '391', '105', '351', '293', '56', '196', '150', '177', '357', '111', '138', '32', '299']
['129', '230', '81', '231', '381', '217', '265', '306', '198', '146', '222', '479', '245', '110', '406', '313', '344', '57', '388', '233', '74', '466', '106']
