['163', '8', '421', '273', '616', '260', '323']
['448', '677', '447', '179', '275', '379', '431']
['329', '708', '454', '726', '683', '621', '232']
['117', '342', '613', '155', '125', '347', '145']
['509', '246', '11', '520']
['358', '250', '528', '171', '223', '28', '9']
['242', '605', '493', '235', '127']
['759', '556', '17', '491', '169']
['38', '746', '673']
['384']
['568', '266', '180', '791', '453']
['330', '754', '757', '227', '513', '216']
['596', '220', '706', '336', '68']
['720', '652', '75', '587']
['646', '622', '51', '296']
['776', '364']
['744', '198', '666', '774', '319', '373', '680']
['497', '407', '713', '348']
['184']
['317', '535', '274', '310']
['579', '191', '345', '639', '668']
['368', '66']
['429', '617', '398']
['138', '137', '433', '761', '521']
['16']
['625', '225', '782', '452', '55', '507']
['477', '640', '64']
['599', '577']
['190', '396', '411', '643', '221']
['793', '504', '45', '166', '564', '325']
['545', '229', '182', '152', '534']
['628', '743', '104', '236']
['633', '422', '496', '34']
['707', '279', '508']
['27', '573', '105']
['26', '63', '631', '728', '553', '552']
['324', '243', '724']
['19', '764', '499', '230']
['463', '268', '395', '751']
['697', '196', '479', '716']
['303', '558', '165', '797', '381']
['464', '123']
['765', '192', '470', '76', '537', '543']
['483', '636', '428', '589', '394']
['735', '41', '301']
['174', '748', '309']
['676', '203', '572']
['199', '685', '240']
['269', '456', '350', '283', '248']
['786', '729', '252', '13', '635']
['391', '154', '256', '168', '128', '353']
['705', '363', '70', '48', '328', '287', '469']
['322', '390', '72', '767', '81']
['217', '67', '339', '12', '634', '435']
['619', '408']
['611', '30', '612']
['733', '44', '648', '567', '210', '10', '405']
['335', '397', '575', '404']
['183', '21', '700', '35', '495', '647', '779']
['471', '796']
['302', '189', '481', '118', '480', '533']
['747', '167', '241', '14']
['669', '742', '457', '153', '732']
['158']
[]
['20', '550', '519', '159', '527']
['658', '212', '263', '314']
['119', '745', '365', '561']
['91', '763', '245']
['98', '783', '681', '715', '181']
['654', '312', '43', '642', '576', '530', '755']
['315', '100']
['641']
['226', '418', '366']
['74', '375', '580', '37', '740']
['667', '446', '794', '208', '36', '511']
['792', '781', '702']
['238', '718']
['371', '684', '195', '357']
['90', '788', '455', '536', '607', '451', '768']
['717', '257']
['426']
['173', '162', '106', '753']
['686', '77', '472', '277', '264']
['691', '113']
['156', '206', '780', '795', '489', '560', '630']
['500', '592', '609', '213']
['482']
['460', '32', '258', '80', '440']
['133']
['60', '518', '289']
['419', '313', '346', '6', '341']
['367', '4', '762', '254']
['7', '661']
['141', '710', '484', '655']
['738', '39', '388', '688']
['276', '177', '675', '467', '270', '678', '723']
['644', '586', '540', '559', '237', '46']
['711', '730', '294', '441', '498', '42', '591']
['308']
['130', '444', '450', '87', '298']
['670', '721', '157', '538', '752']
['370', '566', '494', '727', '689', '525']
['116', '459', '604']
['52', '523']
['286', '488']
['584', '239', '443', '531', '637', '505']
['285', '790', '255', '305']
['501', '369', '442', '773', '360']
['24', '570']
['650', '581', '178', '110']
['420', '517', '164', '546', '653']
['445', '778', '234', '601', '627']
['253', '709', '502', '147', '186']
['542', '200', '380', '401', '701']
['271', '486', '651']
['506', '338', '465', '571', '693']
['638', '299', '466', '696', '415']
['588', '585', '295']
[]
['432', '656', '524', '280', '515', '272', '602']
['437', '485']
['777', '1', '672', '694']
['544', '383', '267', '529']
['129']
['772', '121', '233', '771', '409']
['492', '462', '699', '207', '478']
['475', '424', '99', '292']
['92', '679', '58', '188']
['131']
['632', '185', '615']
['331', '674', '85', '468']
['33', '202', '108', '623']
['15', '344', '687']
['83', '143', '514', '427', '149', '760', '645']
['539', '671']
['89']
['393', '750', '473']
['69', '135', '663']
[]
['228', '259', '423', '665', '139']
['86', '593']
['416', '698', '386', '425', '56', '595', '799']
['548', '430', '562', '278', '406', '438', '378']
['101']
['758', '97', '565', '692']
['53', '510', '649', '334', '614', '551', '387']
['722', '160', '297']
['377', '385', '327', '343', '326']
['120', '400', '731']
['211', '78', '549']
['176', '352', '132', '597', '204']
['218', '659', '94', '291']
['84', '205', '389', '320', '103']
['231', '714', '73', '382', '574', '547', '209']
['458', '333', '413', '187', '526', '690', '361']
['142', '600', '201', '392']
['555']
['399', '476', '261', '354', '194', '249']
['288', '290', '512', '219', '749', '532']
['50', '376', '417']
['18', '57', '88']
['503', '590', '47', '372', '356', '306', '71']
['59', '247', '265', '410', '23']
['215', '300', '251', '284', '785', '282']
['122', '682', '490', '349', '82', '109']
['789', '610']
['337']
['307', '175', '712', '340']
['214', '770', '664']
['262', '150', '22', '224']
[]
['739', '657']
['321']
['741', '766']
['136', '54', '161', '49', '102', '662']
['374', '107', '434']
['362', '172']
['569', '316']
['79', '281']
['439', '620', '3']
['114', '40']
['557']
['402', '734', '412', '140', '618']
['151']
['787', '608', '112', '134', '126']
['93', '563', '578']
['629', '461', '29', '703', '332', '624', '148']
['704', '144', '626']
['798', '474', '522', '244', '222', '598', '516']
['355', '0']
['96', '414', '582', '769', '25', '725']
['351', '736', '146']
['737', '541', '554', '5', '318', '606', '124']
['111', '756', '403', '304', '784', '775']
['660', '115', '487', '2', '436', '31']
['311', '95', '695', '359', '193', '170']
['293', '603']
['594', '719', '65', '61']
['449', '62', '197', '583']
