['500', '480', '839', '812', '974', '147', '123', '363', '972', '700', '691', '485', '86', '767', '748', '572', '601', '628', '88', '219', '874', '936', '997', '69', '599', '472', '10', '68', '381', '299', '156', '831']
['478', '849', '975', '24', '270', '531', '415', '512', '220', '383', '225', '708', '920', '879', '929', '627', '154', '644', '110', '486', '300', '523', '63', '783', '166', '431', '793', '159', '467', '543', '359', '172']
['335', '829', '540', '186', '361', '435', '364', '194', '818', '457', '620', '119', '930', '340', '985', '249', '741', '996', '482', '557', '655', '71', '443', '733', '654', '199', '742', '393', '488', '314', '591', '287']
['907', '696', '256', '564', '346', '895', '790', '998', '584', '85', '897', '688', '958', '306', '580', '117', '217', '67', '433', '351', '334', '294', '345', '911', '66', '687', '413', '229', '416', '832', '372', '634']
['269', '916', '693', '915', '554', '639', '309', '889', '115', '810', '387', '900', '602', '360', '494', '434', '945', '174', '698', '641', '263', '656', '979', '114', '737', '968', '160', '101', '567', '293', '781', '468']
['678', '64', '746', '260', '331', '679', '534', '272', '92', '394', '405', '720', '153', '992', '559', '970', '744', '428', '268', '619', '891', '905', '662', '206', '51', '235', '427', '652', '950', '533', '139', '764']
['301', '419', '961', '231', '243', '779', '588', '337', '731', '167', '944', '990', '787', '113', '204', '582', '56', '450', '91', '310', '823', '481', '193', '729', '432', '604', '917', '304', '605', '265', '710', '967']
['909', '278', '653', '983', '407', '705', '354', '545', '594', '701', '904', '25', '93', '131', '798', '702', '804', '824', '140', '671', '637', '890', '957', '17', '227', '859', '749', '303', '214', '271', '761', '409']
['40', '452', '807', '82', '429', '805', '789', '835', '267', '382', '938', '669', '953', '317', '842', '81', '384', '928', '237', '297', '368', '754', '116', '651', '927', '522', '881', '143', '475', '75', '718', '858']
['102', '864', '838', '328', '376', '513', '750', '495', '558', '145', '865', '579', '717', '14', '546', '315', '144', '444', '279', '736', '210', '158', '483', '411', '165', '261', '843', '877', '908', '290', '255', '508']
['587', '164', '786', '517', '377', '501', '1', '134', '253', '792', '888', '189', '527', '170', '163', '169', '87', '943', '878', '423', '148', '455', '322', '18', '694', '569', '745', '732', '320', '697', '721', '280']
['803', '222', '776', '371', '682', '590', '884', '796', '633', '658', '298', '532', '109', '610', '230', '802', '951', '490', '939', '743', '27', '973', '173', '146', '763', '358', '518', '58', '529', '79', '561', '479']
['565', '104', '538', '826', '535', '665', '464', '684', '873', '414', '795', '111', '126', '880', '349', '614', '386', '258', '903', '499', '484', '730', '188', '617', '323', '819', '77', '855', '765', '32', '728', '552']
['933', '6', '324', '344', '625', '713', '993', '191', '624', '47', '673', '685', '581', '760', '937', '643', '275', '246', '773', '292', '446', '489', '913', '362', '882', '788', '448', '137', '516', '560', '403', '103']
['257', '791', '759', '373', '919', '226', '59', '547', '313', '97', '336', '964', '207', '573', '752', '503', '959', '181', '563', '784', '638', '400', '477', '72', '55', '524', '45', '622', '16', '447', '712', '692']
['53', '187', '251', '734', '689', '738', '991', '95', '215', '739', '840', '548', '242', '611', '388', '906', '426', '295', '463', '595', '999', '236', '80', '366', '399', '727', '716', '38', '211', '281', '130', '34']
['758', '578', '357', '307', '460', '57', '850', '252', '33', '453', '288', '203', '65', '555', '378', '853', '901', '782', '553', '3', '7', '135', '869', '722', '751', '233', '462', '277', '325', '330', '418', '571']
['862', '20', '122', '289', '190', '161', '291', '615', '863', '212', '589', '989', '593', '977', '168', '440', '402', '949', '437', '770', '43', '762', '955', '726', '474', '487', '660']
['956', '247', '61', '492', '994', '841', '180', '813', '420', '89', '302', '603', '15', '353', '410', '259', '506', '171', '635', '149', '318', '772', '327', '607', '621', '854', '308', '2', '202', '883', '5', '675']
['76', '740', '218', '797', '98', '238', '118', '497', '663', '70', '926', '922', '575', '185', '465', '980', '94', '128', '816', '747', '205', '851', '785', '912', '526']
['332', '42', '338', '23', '241', '608', '466', '348', '586', '312', '264', '585', '319', '470', '583', '942', '471', '814', '26', '73', '521', '380', '224', '510', '711', '724', '844', '544', '112', '48', '925', '78']
['124', '646', '946', '934', '885', '390', '496', '248', '178', '995', '847', '986', '551', '502', '606', '28', '683', '216', '284', '473', '183', '49', '286', '971', '695', '537', '830', '910', '44', '155', '398', '254']
['456', '52', '311', '132', '141', '305', '41', '947', '821', '343', '846', '857', '22', '83', '833', '274', '150', '505', '347', '451', '406', '4', '988', '507', '84', '105', '725', '196', '932', '706', '62', '618']
['375', '404', '511', '504', '822', '680', '629', '13', '592', '677', '870', '921', '333', '200', '276', '715', '757', '442', '539', '445', '391', '182', '476', '213', '129', '676', '834', '756', '195', '99', '54', '976']
['197', '574', '960', '981', '965', '106', '31', '352', '935', '766', '339', '616', '872', '887', '568', '239', '412', '931', '809', '107', '562', '374', '613', '667', '108', '438', '461', '775', '768', '21', '828', '755']
['157', '674', '201', '177', '777', '681', '852', '459', '836', '329', '142', '355', '192', '902', '866', '670', '596', '162', '941', '820', '699', '175', '401', '367', '723', '296', '326', '576', '439', '672', '316']
['549', '184', '924', '74', '493', '273', '686', '799', '898', '978', '966', '648', '896', '369', '198', '370', '96', '817', '458', '176', '385', '778', '321', '577', '948', '649', '397', '861', '422', '600', '350', '528']
['39', '623', '952', '530', '46', '570', '536', '408', '876', '963', '541', '856', '425', '8', '240', '285', '262', '209', '90', '19', '780', '396', '0', '525', '899', '421', '647', '808', '868', '735', '454', '769']
['121', '860', '100', '392', '424', '918', '886', '664', '630', '794', '827', '179', '449', '389', '806', '650', '250', '556', '234', '469', '395', '969', '612', '519', '37', '962', '609', '661', '35', '659', '365', '138']
['753', '136', '223', '626', '566', '640', '825', '982', '125', '120', '894', '342', '127', '771', '232', '645', '631', '704', '379', '709', '498', '719', '29', '666', '892', '815', '441', '642', '133', '848', '509', '668']
['542', '36', '703', '491', '657', '283', '514', '597', '282', '875', '30', '228', '266', '837', '244', '845', '11', '12', '151', '60', '341', '356', '707', '515', '550', '436', '987', '208', '800', '954', '984', '152']
['940', '520', '598', '893', '811', '245', '774', '50', '636', '417', '871', '9', '923', '632', '867', '914', '221', '714', '430', '801', '690']
