['642', '401', '824', '507', '270', '358', '413', '524', '306', '188', '985', '436', '895', '900', '876', '512', '391', '68', '518', '961', '819', '48', '255', '459', '178', '596', '371', '737', '838', '223', '502', '800', '7', '75', '283', '456', '716', '290', '614', '722']
['541', '892', '164', '52', '880', '960', '544', '959', '339', '874', '180', '19', '885', '146', '176', '615', '833', '117', '475', '67', '935', '481', '3', '463', '813', '485', '774', '40', '279', '675', '263', '321', '402']
['763', '827', '764', '751', '718', '980', '772', '174', '950', '854', '899', '519', '820', '785', '189', '304', '423', '775', '373', '946', '343', '841', '69', '937', '731', '944', '416', '414', '540', '971', '351', '689', '898', '122']
['977', '793', '60', '0', '229', '119', '496', '671', '141', '337', '673', '601', '194', '784', '934', '312', '39', '170', '212', '5', '111', '58', '366', '692', '646', '37']
['613', '628', '271', '611', '380', '86', '624', '739', '797', '581', '144', '652', '845', '479', '805', '42', '124', '11', '723', '902', '278', '558', '814', '565', '18', '640', '877', '449']
['926', '648', '851', '622', '384', '446', '594', '132', '247', '753', '27', '246', '207', '658', '949', '529', '289', '806', '595', '930', '835', '177', '743', '870', '105', '221', '525', '140', '45', '461', '308', '403', '81', '61', '700', '920', '172', '451', '754']
['36', '20', '187', '669', '367', '242', '667', '741', '602', '319', '994', '783', '1', '100', '257', '185', '163', '260', '897', '948', '703', '251', '313', '450', '419', '964', '468', '349', '916', '114', '378', '118', '817']
['726', '142', '917', '710', '978', '369', '943', '947', '196', '13', '173', '745', '992', '411', '691', '901', '516', '97', '56', '863', '810', '231', '190', '82', '10', '406', '951', '831', '846', '545', '267', '54', '647', '318', '227', '364']
['344', '796', '636', '281', '30', '261', '385', '653', '412', '554', '222', '600', '561', '727', '418', '850', '327', '497', '914', '568', '169', '208', '213', '404', '41', '859', '616', '148', '104', '715', '733', '630', '155', '73', '962', '574', '906', '386', '228', '236']
['317', '610', '693', '191', '265', '296', '121', '888', '350', '310', '160', '651', '973', '912', '698', '430', '856', '674', '182', '505', '72', '43', '110', '465', '712', '29']
['84', '241', '634', '929', '760', '405', '253', '807', '780', '549', '626', '210', '379', '462', '995', '233', '564', '923', '782', '473', '660', '527', '32', '205', '580', '425', '129', '861', '663', '879', '6']
['95', '530', '697', '522', '666', '113', '464', '548', '211', '825', '24', '396', '472', '532', '771', '150', '16', '670', '705', '277', '77', '346', '508', '990', '57', '828', '294', '560', '849', '489', '759', '629', '62']
['677', '788', '577', '649', '896', '165', '424', '322', '872', '840', '491', '237', '151', '911', '809', '894', '323', '264', '521', '443', '89', '90', '553', '868', '480', '214', '567', '720', '243', '439', '137', '969', '200', '834']
['357', '714', '869', '734', '758', '186', '867', '198', '49', '442', '981', '4', '112', '216', '51', '815', '218', '219', '976', '457', '96', '193', '175', '192', '887', '603', '904', '694']
['275', '239', '161', '986', '361', '454', '71', '153', '847', '552', '618', '555', '681', '972', '633', '147', '126', '488', '735', '458', '152', '627']
['428', '719', '562', '679', '592', '127', '202', '440', '787', '183', '47', '262', '2', '638', '171', '363', '582', '197', '535', '342', '725', '353', '291', '773', '478', '757', '612', '537', '584', '635', '975', '617']
['641', '334', '288', '922', '120', '356', '394', '128', '145', '130', '83', '476', '333', '794', '836', '70', '398', '621', '924', '503', '654', '483', '445', '98', '963', '589', '8', '125', '370', '659', '789', '823', '426', '547', '979']
['842', '839', '55', '606', '993', '526', '534', '390', '53', '988', '452', '738', '514', '408', '903', '790', '713', '46', '393', '632', '779', '781', '209', '967', '756', '433', '931', '282', '954', '569', '389', '17', '154', '341', '570', '375', '531']
['803', '493', '942', '882', '510', '655', '31', '631', '736', '987', '427', '699', '804', '644', '92', '821', '44', '409', '166', '550', '650', '702', '199', '586', '93', '573', '576', '486', '256', '855', '324', '280', '752']
['434', '578', '599', '238', '225', '33', '76', '769', '102', '761', '158', '220', '444', '78', '974', '509', '252', '643', '249', '286', '878', '498', '360', '309', '620', '292', '359', '664', '662', '374', '607', '232', '938', '687', '15', '765', '778', '566']
['108', '706', '365', '724', '729', '336', '305', '605', '299', '536', '303', '244', '168', '287', '875', '372', '184', '307', '347', '297', '668', '268', '853', '94', '538', '608', '585', '315', '830', '955', '206', '953', '432', '661', '368', '893', '269', '696', '230', '240']
['421', '742', '678', '983', '832', '905', '467', '437', '399', '551', '932', '320', '884', '504', '101', '676', '579', '50', '64', '587', '822', '862', '927', '466', '285', '513', '837', '490', '471', '12', '881', '224', '441', '908', '284', '989', '968']
['886', '59', '557', '982', '109', '415', '338', '639', '928', '860', '332', '23', '25', '792', '352', '588', '143', '116', '665', '156', '991', '656', '477', '970', '492', '744', '816', '494', '597', '542', '85', '422']
['316', '799', '348', '245', '907', '326', '80', '864', '748', '88', '254', '435', '865', '469', '858', '776', '38', '811', '767', '500', '66', '910', '572', '273', '74', '939', '730', '429', '460', '750']
['301', '883', '215', '250', '447', '149', '701', '179', '387', '766', '325', '453', '259', '604', '957', '921', '26', '890', '382', '802', '376', '407', '487', '9', '683', '235', '314', '852', '377', '410', '966']
['355', '690', '340', '829', '686', '302', '383', '159', '657', '106', '707', '539', '749', '523', '688', '711', '808', '801', '891', '204', '167', '34', '755', '708', '293', '123', '520', '546', '543', '593', '919', '484', '945', '135', '300', '770', '590', '965', '201', '915']
['777', '195', '791', '455', '392', '22', '609', '345', '889', '354', '952', '844', '329', '203', '381', '482', '812', '873', '909', '732', '395', '438', '684', '768', '533', '274', '474', '704', '234', '133', '63', '786']
['87', '583', '311', '501', '258', '571', '762', '470', '328', '826', '645', '746', '941', '506', '913', '103', '740', '680', '695', '918', '848']
['131', '528', '591', '400', '956', '91', '136', '420', '14', '226', '217', '35', '417', '709', '515', '181', '559', '162', '21', '65', '517', '499', '747', '717', '397', '295', '728', '866', '871', '598', '672', '248', '79', '637', '157', '625', '857', '556', '448', '563']
['266', '28', '134', '511', '115', '331', '958', '335', '933', '795', '272', '362', '139', '925', '940', '431', '107', '138', '330', '721', '619', '984', '298', '623', '936', '843', '99', '682', '575', '798', '818', '276', '495', '685', '388']
