['613', '660', '430', '501', '42', '586', '513', '575', '413', '237', '62', '27', '172', '65', '518', '100', '326', '187', '634', '359', '126', '520', '484', '358', '533', '392', '73', '296', '54', '550']
['228', '173', '610', '36', '432', '134', '24', '572', '165', '171', '338', '323', '497', '141', '13', '106', '25', '194', '460', '650', '580', '102', '130', '678', '486', '334']
['388', '175', '627', '44', '181', '502', '658', '297', '90', '278', '663', '55', '654', '64', '560', '545', '436', '39', '481', '629', '31', '588', '490', '286', '351', '11', '143']
['611', '215', '328', '153', '534', '82', '378', '467', '523', '198', '5', '9', '474', '110', '682', '10', '557', '58', '59', '697', '123', '88', '248', '406', '499']
['92', '105', '377', '381', '607', '34', '593', '450', '266', '148', '76', '363', '508', '128', '458', '203', '145', '3', '264', '464']
['488', '259', '115', '240', '214', '669', '373', '491', '330', '321', '255', '506', '532', '561', '549', '608', '407', '269', '124', '615', '680', '576']
['152', '514', '494', '555', '262', '448', '459', '625', '399', '527', '633', '127', '156', '63', '196', '655', '690', '316', '583', '503', '241', '317', '313']
['18', '81', '620', '224', '51', '579', '387', '465', '649', '409', '205', '245', '341', '480', '626', '257', '66', '446', '113', '397', '23', '151', '592', '95', '279', '281', '535']
['147', '136', '355', '461', '609', '603', '210', '455', '344', '231', '398', '30', '657', '384', '38']
['512', '500', '390', '495', '302', '530', '308', '531', '558', '268', '451', '519', '331', '74', '71', '544', '639', '361', '256', '546', '119', '604', '404', '197', '457', '179']
['478', '597', '630', '247', '46', '648', '454', '178', '176', '254', '577', '222', '15', '469', '540', '307', '602']
['133', '169', '445', '584', '40', '37', '117', '142', '685', '275', '199', '369', '212', '617', '476', '596', '292', '289', '129', '301']
['335', '350', '595', '675', '618', '68', '72', '8', '329', '651', '226', '547', '652', '692', '374', '543', '345', '217', '621', '35', '524']
['343', '496', '277', '525', '213', '49', '684', '132', '507', '258', '539', '333', '208', '16', '479', '551', '339', '437', '599', '673', '250', '548', '28', '233', '416']
['285', '473', '315', '606', '249', '536', '103', '104', '353', '408', '638', '556', '346', '33', '306', '661', '417', '188', '41', '434', '311', '186', '340', '415', '157', '471', '184']
['50', '150', '372', '144', '693', '6', '600', '185', '670', '229', '206', '236', '70', '21', '422', '122', '107', '676', '364', '449', '428', '318', '0', '400', '553', '189']
['515', '271', '664', '202', '439', '97', '300', '559', '645', '591', '569', '1', '368', '283', '637', '121', '470', '483', '53', '504']
['17', '686', '421', '453', '431', '200', '367', '472', '174', '163', '589', '47', '475', '167', '394', '52', '414', '12', '89']
['221', '137', '22', '691', '120', '383', '295', '98', '158', '380', '294', '594', '4', '251', '29', '411', '632', '352', '235', '56', '99', '683', '108', '332', '566', '582', '601', '83', '687', '403']
['274', '647', '96', '522', '666', '319', '498', '314', '379', '425', '85', '155', '698']
['265', '405', '424', '293', '349', '111', '635', '125', '578', '440', '253', '77', '646', '644', '43', '526', '435', '298', '468', '243', '322', '303', '204', '554', '385']
['209', '80', '679', '114', '327', '267', '628', '667', '696', '587', '365', '2', '573', '510', '234', '511', '487', '581', '443', '159', '272', '402', '162']
['261', '570', '672', '227', '412', '674', '19', '463', '219', '376', '371', '401', '360', '280', '590', '423', '429', '509', '642', '201', '640', '354', '270', '207', '273', '211']
['482', '426', '622', '192', '244', '477', '616', '517', '382', '653', '320', '681', '614', '624', '325', '182', '356', '538']
['91', '118', '410', '177', '161', '336', '623', '305', '444', '563', '441', '252', '116', '389', '489', '310', '288', '94', '386', '324']
['290', '242', '659', '605', '370', '447', '160', '284', '135', '568', '45', '418', '505', '366', '438', '395']
['564', '485', '636', '375', '263', '537', '574', '694', '641', '193', '442', '598', '154', '662', '191', '562', '57', '312', '466', '567', '138', '542', '180', '643', '164', '238', '67', '84', '239', '452']
['168', '276', '86', '14', '516', '287', '87', '529', '631', '32', '299', '146', '304', '223', '149', '109', '348', '619', '396', '362', '190', '433', '391', '493', '246']
['139', '75', '218', '699', '7', '585', '291', '69', '656', '357', '342', '528', '456', '225', '93', '170', '665', '521', '101', '260', '552', '677', '347', '183', '309', '60', '230', '492']
['462', '232', '216', '78', '26', '565', '393', '688', '48', '671', '220', '420', '571', '612', '112', '337', '140', '541', '131', '195', '282', '79', '61', '668', '166', '20', '419', '427', '695', '689']
